Clock: clk
Sources: wb_clk_i 
Generated: no
Virtual: yes
Propagated: no
Period: 25.000000

===========================================================================
report_clock_properties
============================================================================
Clock                   Period          Waveform
----------------------------------------------------
clk                  25.000000    0.000000 12.500000

===========================================================================
report_clock_latency
============================================================================
Clock clk
rise -> rise
    min     max
4.650000 5.570000 source latency
5.807348         network latency _123450_/CLK
        7.037252 network latency _127280_/CLK
---------------
10.457348 12.607252 latency
        2.149904 skew

fall -> fall
    min     max
4.650000 5.570000 source latency
5.878375         network latency _122747_/CLK
        7.067392 network latency _127280_/CLK
---------------
10.528375 12.637392 latency
        2.109017 skew



===========================================================================
report_clock_min_period
============================================================================
clk period_min = 9.51 fmax = 105.20
