Clock: clk
Sources: wb_clk_i 
Generated: no
Virtual: yes
Propagated: no
Period: 25.000000

===========================================================================
report_clock_properties
============================================================================
Clock                   Period          Waveform
----------------------------------------------------
clk                  25.000000    0.000000 12.500000

===========================================================================
report_clock_latency
============================================================================
Clock clk
rise -> rise
    min     max
4.650000 5.570000 source latency
6.150980         network latency _126117_/CLK
        7.366887 network latency _125207_/CLK
---------------
10.800980 12.936888 latency
        2.135907 skew

fall -> fall
    min     max
4.650000 5.570000 source latency
6.349595         network latency _126117_/CLK
        7.524438 network latency _124464_/CLK
---------------
10.999595 13.094438 latency
        2.094843 skew



===========================================================================
report_clock_min_period
============================================================================
clk period_min = 9.97 fmax = 100.30
