Clock: clk
Sources: wb_clk_i 
Generated: no
Virtual: yes
Propagated: no
Period: 25.000000

===========================================================================
report_clock_properties
============================================================================
Clock                   Period          Waveform
----------------------------------------------------
clk                  25.000000    0.000000 12.500000

===========================================================================
report_clock_latency
============================================================================
Clock clk
rise -> rise
    min     max
4.650000 5.570000 source latency
6.508168         network latency _121943_/CLK
        7.934321 network latency _124563_/CLK
---------------
11.158168 13.504322 latency
        2.346153 skew

fall -> fall
    min     max
4.650000 5.570000 source latency
6.459551         network latency _121943_/CLK
        7.791092 network latency _124563_/CLK
---------------
11.109550 13.361093 latency
        2.251541 skew



===========================================================================
report_clock_min_period
============================================================================
clk period_min = 14.66 fmax = 68.21
