Clock: clk
Sources: wb_clk_i 
Generated: no
Virtual: yes
Propagated: no
Period: 25.000000

===========================================================================
report_clock_properties
============================================================================
Clock                   Period          Waveform
----------------------------------------------------
clk                  25.000000    0.000000 12.500000

===========================================================================
report_clock_latency
============================================================================
Clock clk
rise -> rise
    min     max
4.650000 5.570000 source latency
7.870933         network latency _123820_/CLK
        9.435855 network latency _125207_/CLK
---------------
12.520932 15.005855 latency
        2.484923 skew

fall -> fall
    min     max
4.650000 5.570000 source latency
7.776851         network latency _123820_/CLK
        9.239323 network latency _125207_/CLK
---------------
12.426851 14.809322 latency
        2.382471 skew



===========================================================================
report_clock_min_period
============================================================================
clk period_min = 28.01 fmax = 35.70
