
===========================================================================
Violator List
============================================================================
[setup in-reg] wbs_adr_i[2] -> _124321_/D : -3.073019
[setup in-reg] wbs_adr_i[2] -> _124300_/D : -3.006591
[setup reg-reg] _126537_/Q -> _123952_/D : -2.967436
[setup in-reg] wbs_adr_i[4] -> _124305_/D : -2.881855
[setup in-reg] wbs_adr_i[2] -> _124296_/D : -2.823072
[setup reg-reg] _122276_/Q -> _122219_/D : -2.770690
[setup in-reg] wbs_adr_i[5] -> _124314_/D : -2.714213
[setup in-reg] wbs_adr_i[2] -> _124315_/D : -2.712955
[setup in-reg] wbs_adr_i[5] -> _124310_/D : -2.699657
[setup in-reg] wbs_adr_i[2] -> _124307_/D : -2.674131
[setup in-reg] wbs_adr_i[5] -> _124322_/D : -2.664354
[setup in-reg] wbs_adr_i[4] -> _124306_/D : -2.660638
[setup in-reg] wbs_adr_i[2] -> _124303_/D : -2.636256
[setup in-reg] wbs_adr_i[2] -> _124323_/D : -2.624304
[setup in-reg] wbs_adr_i[2] -> _124302_/D : -2.619707
[setup reg-reg] _121754_/Q -> _121459_/D : -2.577501
[setup reg-reg] _121754_/Q -> _121456_/D : -2.506987
[setup in-reg] wbs_adr_i[2] -> _124313_/D : -2.494261
[setup in-reg] wbs_adr_i[5] -> _124304_/D : -2.479492
[setup in-reg] wbs_adr_i[5] -> _124311_/D : -2.466155
[setup reg-reg] _123679_/Q -> _123346_/D : -2.423782
[setup reg-reg] _123023_/Q -> _122690_/D : -2.416730
[setup reg-reg] _121540_/Q -> _121539_/D : -2.356739
[setup reg-reg] _123080_/Q -> _123018_/D : -2.352060
[setup in-reg] wbs_adr_i[2] -> _124309_/D : -2.343278
[setup in-reg] wbs_adr_i[5] -> _124318_/D : -2.329592
[setup in-reg] wbs_adr_i[2] -> _124297_/D : -2.320963
[setup reg-reg] _122705_/Q -> _122643_/D : -2.237989
[setup in-reg] wbs_adr_i[4] -> _124312_/D : -2.235218
[setup reg-reg] _123080_/Q -> _123019_/D : -2.228564
[setup reg-reg] _123581_/Q -> _123250_/D : -2.215192
[setup in-reg] wbs_adr_i[2] -> _124298_/D : -2.196661
[setup in-reg] wbs_adr_i[4] -> _124326_/D : -2.195776
[setup reg-reg] _123300_/Q -> _122971_/D : -2.177426
[setup reg-reg] _126537_/Q -> _123955_/D : -2.160416
[setup in-reg] wbs_adr_i[2] -> _124301_/D : -2.155169
[setup reg-reg] _122596_/Q -> _122266_/D : -2.136154
[setup in-reg] wbs_adr_i[4] -> _124319_/D : -2.125745
[setup in-reg] wbs_adr_i[5] -> _124325_/D : -2.102531
[setup reg-reg] _122981_/Q -> _122921_/D : -2.098855
[setup reg-reg] _123401_/Q -> _123066_/D : -2.064411
[setup reg-reg] _122131_/Q -> _121795_/D : -2.056854
[setup in-reg] wbs_adr_i[4] -> _124320_/D : -2.055753
[setup in-reg] wbs_adr_i[4] -> _124317_/D : -2.043123
[setup reg-reg] _122452_/Q -> _122122_/D : -2.035950
[setup reg-reg] _123679_/Q -> _123344_/D : -2.035527
[setup reg-reg] _123263_/Q -> _123203_/D : -2.017476
[setup reg-reg] _121700_/Q -> _121419_/D : -2.010015
[setup reg-reg] _121540_/Q -> _121538_/D : -2.001482
[setup reg-reg] _123300_/Q -> _122962_/D : -1.986653
[setup reg-reg] _122596_/Q -> _122261_/D : -1.980517
[setup in-reg] wbs_adr_i[11] -> _127197_/D : -1.974623
[setup in-reg] wbs_adr_i[11] -> _127193_/D : -1.966900
[setup reg-reg] _122131_/Q -> _121793_/D : -1.964523
[setup reg-reg] _122981_/Q -> _122923_/D : -1.963326
[setup reg-reg] _122559_/Q -> _122498_/D : -1.962572
[setup reg-reg] _122131_/Q -> _121792_/D : -1.961496
[setup in-reg] wbs_adr_i[4] -> _124327_/D : -1.958764
[setup in-reg] wbs_adr_i[5] -> _124308_/D : -1.954003
[setup reg-reg] _122377_/Q -> _122315_/D : -1.944191
[setup in-reg] wbs_adr_i[4] -> _124299_/D : -1.936559
[setup reg-reg] _123779_/Q -> _123440_/D : -1.935405
[setup in-reg] wbs_adr_i[2] -> _124324_/D : -1.913829
[setup reg-reg] _122377_/Q -> _122314_/D : -1.913580
[setup reg-reg] _122377_/Q -> _122312_/D : -1.897419
[setup reg-reg] _121700_/Q -> _121416_/D : -1.891284
[setup reg-reg] _123401_/Q -> _123067_/D : -1.870212
[setup in-reg] wbs_adr_i[4] -> _124316_/D : -1.864240
[setup reg-reg] _126549_/Q -> _123913_/D : -1.858663
[setup reg-reg] _123165_/Q -> _122827_/D : -1.857515
[setup reg-reg] _122981_/Q -> _122922_/D : -1.856837
[setup reg-reg] _123679_/Q -> _123345_/D : -1.844651
[setup reg-reg] _122742_/Q -> _122411_/D : -1.825317
[setup reg-reg] _122705_/Q -> _122642_/D : -1.822567
[setup reg-reg] _123923_/Q -> _123574_/D : -1.815515
[setup reg-reg] _121754_/Q -> _121458_/D : -1.798405
[setup reg-reg] _122596_/Q -> _122259_/D : -1.795662
[setup reg-reg] _122705_/Q -> _122640_/D : -1.795083
[setup reg-reg] _123211_/Q -> _122871_/D : -1.794973
[setup reg-reg] _121996_/Q -> _121933_/D : -1.787800
[setup reg-reg] _122131_/Q -> _121790_/D : -1.787520
[setup reg-reg] _121700_/Q -> _121413_/D : -1.779163
[setup reg-reg] _122079_/Q -> _121747_/D : -1.778140
[setup reg-reg] _121996_/Q -> _121937_/D : -1.774126
[setup reg-reg] _126537_/Q -> _123954_/D : -1.773671
[setup reg-reg] _126549_/Q -> _123912_/D : -1.769099
[setup in-reg] wbs_adr_i[11] -> _126791_/D : -1.765745
[setup reg-reg] _126504_/Q -> _124146_/D : -1.760476
[setup reg-reg] _121996_/Q -> _121939_/D : -1.760249
[setup reg-reg] _126504_/Q -> _124141_/D : -1.756380
[setup reg-reg] _126537_/Q -> _123953_/D : -1.752774
[setup in-reg] wbs_adr_i[11] -> _126892_/D : -1.752060
[setup in-reg] wbs_adr_i[11] -> _127241_/D : -1.751115
[setup reg-reg] _121996_/Q -> _121938_/D : -1.750244
[setup in-reg] wbs_adr_i[11] -> _126794_/D : -1.745839
[setup in-reg] wbs_adr_i[11] -> _126796_/D : -1.733934
[setup reg-reg] _122232_/Q -> _122165_/D : -1.732975
[setup in-reg] wbs_adr_i[11] -> _126792_/D : -1.731550
[setup in-reg] wbs_adr_i[11] -> _126797_/D : -1.731074
[setup reg-reg] _122232_/Q -> _122169_/D : -1.727038
[setup in-reg] wbs_adr_i[11] -> _127240_/D : -1.719791
[setup in-reg] wbs_adr_i[11] -> _126793_/D : -1.710436
[setup reg-reg] _123498_/Q -> _123162_/D : -1.706695
[setup reg-reg] _123165_/Q -> _122818_/D : -1.703462
[setup in-reg] wbs_adr_i[11] -> _127239_/D : -1.700876
[setup reg-reg] _121385_/Q -> _121379_/D : -1.700240
[setup in-reg] wbs_adr_i[11] -> _127238_/D : -1.698140
[setup in-reg] wbs_adr_i[11] -> _126745_/D : -1.697135
[setup reg-reg] _126485_/Q -> _121612_/D : -1.693483
[setup in-reg] wbs_adr_i[11] -> _127242_/D : -1.693394
[setup in-reg] wbs_adr_i[11] -> _126746_/D : -1.692275
[setup in-reg] wbs_adr_i[11] -> _126886_/D : -1.690182
[setup in-reg] wbs_adr_i[11] -> _126749_/D : -1.683809
[setup in-reg] wbs_adr_i[11] -> _126890_/D : -1.681883
[setup in-reg] wbs_adr_i[11] -> _126743_/D : -1.680071
[setup in-reg] wbs_adr_i[11] -> _126748_/D : -1.679542
[setup in-reg] wbs_adr_i[11] -> _126888_/D : -1.678231
[setup in-reg] wbs_adr_i[11] -> _127243_/D : -1.676906
[setup reg-reg] _122377_/Q -> _122313_/D : -1.675964
[setup in-reg] wbs_adr_i[11] -> _126747_/D : -1.674927
[setup in-reg] wbs_adr_i[11] -> _127245_/D : -1.673904
[setup in-reg] wbs_adr_i[11] -> _126742_/D : -1.673712
[setup in-reg] wbs_adr_i[11] -> _126851_/D : -1.672415
[setup in-reg] wbs_adr_i[11] -> _126744_/D : -1.672181
[setup in-reg] wbs_adr_i[11] -> _126893_/D : -1.671552
[setup in-reg] wbs_adr_i[11] -> _126891_/D : -1.671278
[setup reg-reg] _122131_/Q -> _121794_/D : -1.666194
[setup in-reg] wbs_adr_i[11] -> _126887_/D : -1.666034
[setup in-reg] wbs_adr_i[11] -> _126889_/D : -1.664827
[setup reg-reg] _122079_/Q -> _121744_/D : -1.664642
[setup reg-reg] _122131_/Q -> _121789_/D : -1.655621
[setup reg-reg] _126464_/Q -> _122363_/D : -1.653007
[setup in-reg] wbs_adr_i[11] -> _126849_/D : -1.651227
[setup in-reg] wbs_adr_i[11] -> _127244_/D : -1.649269
[setup reg-reg] _126464_/Q -> _122361_/D : -1.647827
[setup reg-reg] _126549_/Q -> _123915_/D : -1.647006
[setup reg-reg] _124148_/Q -> _123819_/D : -1.646235
[setup in-reg] wbs_adr_i[11] -> _126847_/D : -1.643286
[setup in-reg] wbs_adr_i[11] -> _126850_/D : -1.639286
[setup reg-reg] _123686_/Q -> _123623_/D : -1.638796
[setup reg-reg] _122415_/Q -> _122065_/D : -1.638334
[setup reg-reg] _123779_/Q -> _123443_/D : -1.637680
[setup reg-reg] _123263_/Q -> _123202_/D : -1.633271
[setup reg-reg] _122604_/Q -> _122544_/D : -1.631502
[setup reg-reg] _123679_/Q -> _123347_/D : -1.622144
[setup reg-reg] _123869_/Q -> _123539_/D : -1.621352
[setup reg-reg] _126549_/Q -> _123909_/D : -1.618925
[setup in-reg] wbs_adr_i[11] -> _126848_/D : -1.609902
[setup in-reg] wbs_adr_i[11] -> _126852_/D : -1.609298
[setup reg-reg] _123023_/Q -> _122682_/D : -1.609216
[setup in-reg] wbs_adr_i[11] -> _126846_/D : -1.608033
[setup reg-reg] _121700_/Q -> _121418_/D : -1.598373
[setup in-reg] wbs_adr_i[11] -> _126853_/D : -1.594731
[setup reg-reg] _121757_/Q -> _121697_/D : -1.589932
[setup reg-reg] _122596_/Q -> _122265_/D : -1.587701
[setup reg-reg] _122131_/Q -> _121786_/D : -1.579259
[setup reg-reg] _121700_/Q -> _121415_/D : -1.570680
[setup reg-reg] _123023_/Q -> _122691_/D : -1.565770
[setup reg-reg] _124148_/Q -> _123815_/D : -1.563279
[setup reg-reg] _121996_/Q -> _121932_/D : -1.561734
[setup reg-reg] _122742_/Q -> _122408_/D : -1.556138
[setup reg-reg] _124148_/Q -> _123807_/D : -1.546457
[setup reg-reg] _123401_/Q -> _123065_/D : -1.545697
[setup reg-reg] _122742_/Q -> _122404_/D : -1.541110
[setup reg-reg] _123581_/Q -> _123249_/D : -1.528910
[setup reg-reg] _123211_/Q -> _122875_/D : -1.527731
[setup reg-reg] _122079_/Q -> _121742_/D : -1.510859
[setup reg-reg] _121989_/Q -> _121655_/D : -1.507438
[setup reg-reg] _122596_/Q -> _122255_/D : -1.499483
[setup reg-reg] _123356_/Q -> _123297_/D : -1.495987
[setup reg-reg] _122742_/Q -> _122399_/D : -1.495469
[setup reg-reg] _122452_/Q -> _122120_/D : -1.493035
[setup reg-reg] _122981_/Q -> _122919_/D : -1.489184
[setup reg-reg] _121540_/Q -> _121537_/D : -1.480768
[setup reg-reg] _123774_/Q -> _123434_/D : -1.473030
[setup reg-reg] _123211_/Q -> _122872_/D : -1.467487
[setup reg-reg] _122131_/Q -> _121791_/D : -1.462784
[setup reg-reg] _122659_/Q -> _122587_/D : -1.450715
[setup reg-reg] _123116_/Q -> _122783_/D : -1.447933
[setup reg-reg] _126435_/Q -> _123865_/D : -1.447532
[setup reg-reg] _126549_/Q -> _123908_/D : -1.447230
[setup reg-reg] _121989_/Q -> _121657_/D : -1.446473
[setup reg-reg] _126549_/Q -> _123911_/D : -1.446345
[setup reg-reg] _126489_/Q -> _124234_/D : -1.444121
[setup reg-reg] _122368_/Q -> _122033_/D : -1.441787
[setup reg-reg] _123724_/Q -> _123393_/D : -1.438924
[setup reg-reg] _123923_/Q -> _123578_/D : -1.432742
[setup reg-reg] _122596_/Q -> _122263_/D : -1.430863
[setup reg-reg] _122079_/Q -> _121741_/D : -1.426955
[setup reg-reg] _126549_/Q -> _123905_/D : -1.424219
[setup reg-reg] _124004_/Q -> _123671_/D : -1.418439
[setup reg-reg] _121900_/Q -> _121842_/D : -1.417884
[setup reg-reg] _123401_/Q -> _123064_/D : -1.414374
[setup reg-reg] _123779_/Q -> _123442_/D : -1.407020
[setup reg-reg] _126480_/Q -> _121615_/D : -1.406207
[setup reg-reg] _123871_/Q -> _123538_/D : -1.406022
[setup reg-reg] _123724_/Q -> _123395_/D : -1.405972
[setup reg-reg] _121582_/Q -> _121570_/D : -1.403965
[setup reg-reg] _124148_/Q -> _123811_/D : -1.398526
[setup reg-reg] _122131_/Q -> _121785_/D : -1.396384
[setup reg-reg] _122981_/Q -> _122920_/D : -1.394803
[setup reg-reg] _123447_/Q -> _123106_/D : -1.388987
[setup reg-reg] _123116_/Q -> _122787_/D : -1.387591
[setup reg-reg] _121504_/Q -> _121499_/D : -1.387413
[setup reg-reg] _123724_/Q -> _123386_/D : -1.384898
[setup reg-reg] _124004_/Q -> _123673_/D : -1.384002
[setup reg-reg] _124053_/Q -> _123721_/D : -1.382855
[setup reg-reg] _121996_/Q -> _121935_/D : -1.379881
[setup reg-reg] _126549_/Q -> _123914_/D : -1.372204
[setup reg-reg] _121754_/Q -> _121457_/D : -1.371831
[setup reg-reg] _122368_/Q -> _122032_/D : -1.371696
[setup reg-reg] _124053_/Q -> _123720_/D : -1.368953
[setup reg-reg] _127414_/Q -> _121347_/D : -1.365805
[setup reg-reg] _122596_/Q -> _122258_/D : -1.364807
[setup reg-reg] _124148_/Q -> _123814_/D : -1.360387
[setup reg-reg] _122830_/Q -> _122492_/D : -1.358419
[setup reg-reg] _126480_/Q -> _121619_/D : -1.357193
[setup reg-reg] _126521_/Q -> _124038_/D : -1.353413
[setup reg-reg] _124053_/Q -> _123717_/D : -1.352230
[setup reg-reg] _126480_/Q -> _121617_/D : -1.352174
[setup reg-reg] _121504_/Q -> _121487_/D : -1.351236
[setup reg-reg] _126504_/Q -> _124145_/D : -1.349932
[setup reg-reg] _122079_/Q -> _121738_/D : -1.344837
[setup reg-reg] _121385_/Q -> _121378_/D : -1.340954
[setup reg-reg] _123080_/Q -> _123014_/D : -1.332943
[setup reg-reg] _122791_/Q -> _122450_/D : -1.328406
[setup reg-reg] _123686_/Q -> _123622_/D : -1.328246
[setup reg-reg] _121900_/Q -> _121839_/D : -1.324981
[setup reg-reg] _126464_/Q -> _122362_/D : -1.321624
[setup reg-reg] _122742_/Q -> _122410_/D : -1.319435
[setup reg-reg] _122318_/Q -> _121985_/D : -1.315790
[setup reg-reg] _122452_/Q -> _122123_/D : -1.312056
[setup reg-reg] _122981_/Q -> _122916_/D : -1.305988
[setup reg-reg] _122377_/Q -> _122311_/D : -1.305892
[setup reg-reg] _122596_/Q -> _122264_/D : -1.305668
[setup reg-reg] _126521_/Q -> _124047_/D : -1.299412
[setup reg-reg] _122742_/Q -> _122402_/D : -1.297753
[setup reg-reg] _123209_/Q -> _122861_/D : -1.296812
[setup reg-reg] _122079_/Q -> _121746_/D : -1.296570
[setup reg-reg] _121989_/Q -> _121656_/D : -1.291824
[setup reg-reg] _122604_/Q -> _122547_/D : -1.290186
[setup reg-reg] _122368_/Q -> _122035_/D : -1.286963
[setup reg-reg] _122742_/Q -> _122406_/D : -1.286672
[setup reg-reg] _123116_/Q -> _122784_/D : -1.281332
[setup reg-reg] _123211_/Q -> _122874_/D : -1.278519
[setup reg-reg] _121504_/Q -> _121496_/D : -1.278000
[setup reg-reg] _123686_/Q -> _123624_/D : -1.276142
[setup reg-reg] _123820_/Q -> _123490_/D : -1.275456
[setup reg-reg] _123581_/Q -> _123251_/D : -1.273630
[setup reg-reg] _126521_/Q -> _124051_/D : -1.269523
[setup reg-reg] _122981_/Q -> _122910_/D : -1.268937
[setup reg-reg] _123686_/Q -> _123619_/D : -1.268841
[setup reg-reg] _126485_/Q -> _121611_/D : -1.263619
[setup reg-reg] _122276_/Q -> _122213_/D : -1.259188
[setup reg-reg] _122981_/Q -> _122909_/D : -1.256467
[setup reg-reg] _123263_/Q -> _123201_/D : -1.252662
[setup reg-reg] _126480_/Q -> _121608_/D : -1.252598
[setup reg-reg] _122079_/Q -> _121736_/D : -1.243013
[setup reg-reg] _121540_/Q -> _121536_/D : -1.239474
[setup reg-reg] _124245_/Q -> _124187_/D : -1.233303
[setup reg-reg] _122791_/Q -> _122449_/D : -1.232770
[setup reg-reg] _122705_/Q -> _122641_/D : -1.230951
[setup in-reg] wbs_adr_i[11] -> _121248_/D : -1.229708
[setup reg-reg] _121989_/Q -> _121659_/D : -1.227271
[setup reg-reg] _126480_/Q -> _121616_/D : -1.223469
[setup reg-reg] _123075_/Q -> _122735_/D : -1.222961
[setup reg-reg] _122596_/Q -> _122267_/D : -1.222244
[setup reg-reg] _122452_/Q -> _122121_/D : -1.216314
[setup reg-reg] _123923_/Q -> _123575_/D : -1.215778
[setup reg-reg] _122079_/Q -> _121733_/D : -1.206473
[setup reg-reg] _122742_/Q -> _122405_/D : -1.204803
[setup reg-reg] _121989_/Q -> _121654_/D : -1.197151
[setup reg-reg] _123779_/Q -> _123436_/D : -1.197005
[setup reg-reg] _127414_/Q -> _121344_/D : -1.193076
[setup in-reg] wbs_adr_i[11] -> _121251_/D : -1.192436
[setup reg-reg] _122742_/Q -> _122407_/D : -1.182833
[setup reg-reg] _123165_/Q -> _122826_/D : -1.180268
[setup reg-reg] _122276_/Q -> _122218_/D : -1.178840
[setup reg-reg] _123724_/Q -> _123391_/D : -1.176378
[setup reg-reg] _124245_/Q -> _124194_/D : -1.171848
[setup reg-reg] _123820_/Q -> _123487_/D : -1.167678
[setup reg-reg] _122705_/Q -> _122638_/D : -1.167095
[setup reg-reg] _126504_/Q -> _124140_/D : -1.164498
[setup reg-reg] _126480_/Q -> _121613_/D : -1.164484
[setup in-reg] wbs_adr_i[11] -> _121250_/D : -1.159901
[setup reg-reg] _126521_/Q -> _124046_/D : -1.157194
[setup reg-reg] _122079_/Q -> _121743_/D : -1.156781
[setup reg-reg] _123447_/Q -> _123105_/D : -1.153971
[setup reg-reg] _123447_/Q -> _123112_/D : -1.151605
[setup reg-reg] _124053_/Q -> _123716_/D : -1.148209
[setup reg-reg] _122079_/Q -> _121737_/D : -1.147129
[setup reg-reg] _121385_/Q -> _121370_/D : -1.146475
[setup reg-reg] _122742_/Q -> _122401_/D : -1.144695
[setup reg-reg] _124064_/Q -> _124000_/D : -1.142006
[setup reg-reg] _122131_/Q -> _121787_/D : -1.138414
[setup reg-reg] _122659_/Q -> _122586_/D : -1.135813
[setup reg-reg] _124148_/Q -> _123818_/D : -1.132722
[setup reg-reg] _123686_/Q -> _123621_/D : -1.131472
[setup reg-reg] _122452_/Q -> _122109_/D : -1.129173
[setup reg-reg] _123080_/Q -> _123016_/D : -1.126839
[setup reg-reg] _124053_/Q -> _123715_/D : -1.126118
[setup reg-reg] _123686_/Q -> _123620_/D : -1.121386
[setup reg-reg] _122559_/Q -> _122499_/D : -1.120227
[setup reg-reg] _121700_/Q -> _121417_/D : -1.111832
[setup reg-reg] _123447_/Q -> _123101_/D : -1.108099
[setup reg-reg] _122131_/Q -> _121782_/D : -1.108020
[setup in-reg] wbs_adr_i[11] -> _121253_/D : -1.107683
[setup reg-reg] _124148_/Q -> _123813_/D : -1.105636
[setup reg-reg] _121757_/Q -> _121696_/D : -1.102858
[setup reg-reg] _124104_/Q -> _123758_/D : -1.101707
[setup reg-reg] _121989_/Q -> _121651_/D : -1.101139
[setup in-reg] wbs_adr_i[11] -> _121252_/D : -1.096829
[setup reg-reg] _123774_/Q -> _123438_/D : -1.096502
[setup in-reg] wbs_adr_i[11] -> _121246_/D : -1.092772
[setup reg-reg] _126480_/Q -> _121614_/D : -1.092722
[setup in-reg] wbs_adr_i[11] -> _121249_/D : -1.089866
[setup reg-reg] _121989_/Q -> _121648_/D : -1.086310
[setup reg-reg] _121996_/Q -> _121934_/D : -1.086004
[setup reg-reg] _122079_/Q -> _121745_/D : -1.081808
[setup reg-reg] _121996_/Q -> _121936_/D : -1.076017
[setup in-reg] wbs_adr_i[11] -> _121247_/D : -1.071786
[setup reg-reg] _121582_/Q -> _121579_/D : -1.066315
[setup reg-reg] _123686_/Q -> _123627_/D : -1.064379
[setup reg-reg] _122604_/Q -> _122542_/D : -1.064283
[setup reg-reg] _122368_/Q -> _122034_/D : -1.062730
[setup reg-reg] _123820_/Q -> _123482_/D : -1.058094
[setup reg-reg] _123209_/Q -> _122863_/D : -1.056172
[setup reg-reg] _126549_/Q -> _123910_/D : -1.056112
[setup reg-reg] _122830_/Q -> _122491_/D : -1.056009
[setup reg-reg] _122596_/Q -> _122262_/D : -1.049528
[setup reg-reg] _126549_/Q -> _123907_/D : -1.046210
[setup reg-reg] _121757_/Q -> _121689_/D : -1.043350
[setup reg-reg] _122377_/Q -> _122310_/D : -1.037073
[setup reg-reg] _126504_/Q -> _124147_/D : -1.036284
[setup reg-reg] _124104_/Q -> _123769_/D : -1.028944
[setup reg-reg] _123300_/Q -> _122970_/D : -1.025683
[setup reg-reg] _121757_/Q -> _121699_/D : -1.020396
[setup reg-reg] _124053_/Q -> _123723_/D : -1.019878
[setup reg-reg] _122559_/Q -> _122495_/D : -1.017668
[setup reg-reg] _124245_/Q -> _124189_/D : -1.010388
[setup reg-reg] _124245_/Q -> _124186_/D : -1.006459
[setup reg-reg] _124064_/Q -> _124003_/D : -1.004619
[setup reg-reg] _127414_/Q -> _121346_/D : -1.003777
[setup reg-reg] _123724_/Q -> _123394_/D : -1.001006
[setup reg-reg] _124148_/Q -> _123817_/D : -0.993165
[setup reg-reg] _123869_/Q -> _123530_/D : -0.992831
[setup reg-reg] _124245_/Q -> _124192_/D : -0.992369
[setup reg-reg] _122232_/Q -> _122168_/D : -0.984752
[setup reg-reg] _126435_/Q -> _123866_/D : -0.976048
[setup reg-reg] _122276_/Q -> _122215_/D : -0.973227
[setup reg-reg] _126521_/Q -> _124050_/D : -0.970200
[setup reg-reg] _122742_/Q -> _122409_/D : -0.959155
[setup reg-reg] _123075_/Q -> _122734_/D : -0.957364
[setup reg-reg] _121504_/Q -> _121498_/D : -0.954319
[setup reg-reg] _122079_/Q -> _121739_/D : -0.952483
[setup reg-reg] _123116_/Q -> _122786_/D : -0.948941
[setup reg-reg] _122559_/Q -> _122497_/D : -0.948649
[setup reg-reg] _122596_/Q -> _122254_/D : -0.944347
[setup reg-reg] _121504_/Q -> _121494_/D : -0.942702
[setup reg-reg] _121989_/Q -> _121653_/D : -0.941451
[setup reg-reg] _124148_/Q -> _123810_/D : -0.941203
[setup reg-reg] _126485_/Q -> _121610_/D : -0.939174
[setup reg-reg] _126480_/Q -> _121618_/D : -0.935156
[setup reg-reg] _122368_/Q -> _122027_/D : -0.930523
[setup reg-reg] _122981_/Q -> _122918_/D : -0.929294
[setup reg-reg] _123779_/Q -> _123441_/D : -0.925567
[setup reg-reg] _123820_/Q -> _123489_/D : -0.925478
[setup reg-reg] _122131_/Q -> _121784_/D : -0.923823
[setup reg-reg] _121757_/Q -> _121694_/D : -0.922913
[setup reg-reg] _121989_/Q -> _121658_/D : -0.919812
[setup in-reg] wbs_adr_i[11] -> _126790_/D : -0.915950
[setup reg-reg] _124053_/Q -> _123719_/D : -0.914621
[setup reg-reg] _123447_/Q -> _123111_/D : -0.913744
[setup reg-reg] _122377_/Q -> _122305_/D : -0.902272
[setup reg-reg] _126504_/Q -> _124144_/D : -0.901608
[setup reg-reg] _121989_/Q -> _121646_/D : -0.899536
[setup reg-reg] _123075_/Q -> _122736_/D : -0.899416
[setup reg-reg] _122742_/Q -> _122398_/D : -0.891735
[setup reg-reg] _122742_/Q -> _122393_/D : -0.891202
[setup reg-reg] _124148_/Q -> _123809_/D : -0.888829
[setup in-reg] wbs_adr_i[8] -> _124264_/D : -0.883880
[setup reg-reg] _126549_/Q -> _123906_/D : -0.882196
[setup reg-reg] _123686_/Q -> _123625_/D : -0.880576
[setup in-reg] wbs_adr_i[8] -> _124261_/D : -0.875907
[setup reg-reg] _122318_/Q -> _121984_/D : -0.875527
[setup in-reg] wbs_adr_i[11] -> _127192_/D : -0.875520
[setup in-reg] wbs_adr_i[8] -> _124265_/D : -0.874184
[setup in-reg] wbs_adr_i[11] -> _127195_/D : -0.871221
[setup in-reg] wbs_adr_i[8] -> _124262_/D : -0.868635
[setup reg-reg] _124148_/Q -> _123812_/D : -0.862954
[setup reg-reg] _126521_/Q -> _124042_/D : -0.861554
[setup reg-reg] _122220_/Q -> _121878_/D : -0.858520
[setup reg-reg] _123075_/Q -> _122733_/D : -0.858336
[setup in-reg] wbs_adr_i[8] -> _124266_/D : -0.857607
[setup reg-reg] _122604_/Q -> _122546_/D : -0.854868
[setup in-reg] wbs_adr_i[8] -> _124263_/D : -0.854712
[setup reg-reg] _122791_/Q -> _122447_/D : -0.851475
[setup reg-reg] _121385_/Q -> _121371_/D : -0.851212
[setup reg-reg] _121387_/Q -> _121364_/D : -0.850495
[setup reg-reg] _123300_/Q -> _122967_/D : -0.848061
[setup reg-reg] _121385_/Q -> _121377_/D : -0.844082
[setup in-reg] wbs_adr_i[11] -> _127191_/D : -0.843464
[setup in-reg] wbs_adr_i[11] -> _127196_/D : -0.843055
[setup reg-reg] _122559_/Q -> _122496_/D : -0.842370
[setup in-reg] wbs_adr_i[8] -> _124267_/D : -0.841204
[setup reg-reg] _121757_/Q -> _121698_/D : -0.840533
[setup reg-reg] _124004_/Q -> _123675_/D : -0.839137
[setup reg-reg] _122415_/Q -> _122066_/D : -0.837165
[setup in-reg] wbs_adr_i[8] -> _124268_/D : -0.830038
[setup in-reg] wbs_adr_i[11] -> _127190_/D : -0.829587
[setup reg-reg] _123263_/Q -> _123200_/D : -0.829107
[setup reg-reg] _122742_/Q -> _122400_/D : -0.829022
[setup in-reg] wbs_adr_i[4] -> _126766_/D : -0.828475
[setup reg-reg] _126435_/Q -> _123863_/D : -0.824429
[setup in-reg] wbs_adr_i[11] -> _127194_/D : -0.824190
[setup reg-reg] _126537_/Q -> _123951_/D : -0.816424
[setup reg-reg] _122131_/Q -> _121783_/D : -0.810598
[setup reg-reg] _123300_/Q -> _122969_/D : -0.808221
[setup reg-reg] _122131_/Q -> _121788_/D : -0.806587
[setup reg-reg] _123447_/Q -> _123104_/D : -0.801617
[setup reg-reg] _124064_/Q -> _123998_/D : -0.800153
[setup reg-reg] _121900_/Q -> _121835_/D : -0.799322
[setup reg-reg] _122220_/Q -> _121889_/D : -0.798099
[setup reg-reg] _123724_/Q -> _123392_/D : -0.794937
[setup reg-reg] _123401_/Q -> _123062_/D : -0.790291
[setup in-reg] wbs_adr_i[4] -> _126770_/D : -0.788919
[setup reg-reg] _121540_/Q -> _121529_/D : -0.785072
[setup reg-reg] _124148_/Q -> _123805_/D : -0.779174
[setup reg-reg] _124148_/Q -> _123816_/D : -0.777206
[setup reg-reg] _126464_/Q -> _122353_/D : -0.775430
[setup reg-reg] _122604_/Q -> _122545_/D : -0.772367
[setup reg-reg] _126504_/Q -> _124143_/D : -0.770353
[setup in-reg] wbs_adr_i[4] -> _126772_/D : -0.769020
[setup reg-reg] _122220_/Q -> _121883_/D : -0.768718
[setup reg-reg] _121540_/Q -> _121527_/D : -0.767439
[setup in-reg] wbs_adr_i[4] -> _126767_/D : -0.762782
[setup reg-reg] _121989_/Q -> _121650_/D : -0.762199
[setup in-reg] wbs_adr_i[4] -> _126771_/D : -0.757368
[setup reg-reg] _122981_/Q -> _122917_/D : -0.754511
[setup reg-reg] _123724_/Q -> _123387_/D : -0.754103
[setup reg-reg] _123023_/Q -> _122689_/D : -0.753328
[setup reg-reg] _123447_/Q -> _123110_/D : -0.752415
[setup reg-reg] _121582_/Q -> _121576_/D : -0.751189
[setup reg-reg] _123686_/Q -> _123618_/D : -0.749736
[setup reg-reg] _127414_/Q -> _121345_/D : -0.749381
[setup reg-reg] _126397_/Q -> _126424_/D : -0.749310
[setup reg-reg] _123779_/Q -> _123435_/D : -0.745491
[setup in-reg] wbs_adr_i[4] -> _126769_/D : -0.744727
[setup in-reg] wbs_adr_i[4] -> _126773_/D : -0.743629
[setup reg-reg] _121900_/Q -> _121841_/D : -0.738062
[setup in-reg] wbs_adr_i[4] -> _126768_/D : -0.737021
[setup reg-reg] _122596_/Q -> _122256_/D : -0.733653
[setup reg-reg] _122559_/Q -> _122494_/D : -0.733202
[setup reg-reg] _121700_/Q -> _121414_/D : -0.733063
[setup reg-reg] _123165_/Q -> _122825_/D : -0.732502
[setup reg-reg] _123447_/Q -> _123113_/D : -0.731639
[setup reg-reg] _122079_/Q -> _121740_/D : -0.729166
[setup reg-reg] _124245_/Q -> _124195_/D : -0.726075
[setup reg-reg] _123447_/Q -> _123109_/D : -0.724604
[setup reg-reg] _124148_/Q -> _123801_/D : -0.723695
[setup reg-reg] _123300_/Q -> _122966_/D : -0.716810
[setup reg-reg] _123211_/Q -> _122865_/D : -0.698535
[setup reg-reg] _121757_/Q -> _121693_/D : -0.697959
[setup reg-reg] _122377_/Q -> _122309_/D : -0.695291
[setup reg-reg] _122377_/Q -> _122307_/D : -0.692982
[setup reg-reg] _124053_/Q -> _123722_/D : -0.692154
[setup reg-reg] _124148_/Q -> _123804_/D : -0.689333
[setup reg-reg] _124053_/Q -> _123718_/D : -0.683055
[setup reg-reg] _122232_/Q -> _122171_/D : -0.681791
[setup reg-reg] _126485_/Q -> _121609_/D : -0.676973
[setup reg-reg] _123165_/Q -> _122817_/D : -0.675193
[setup reg-reg] _122415_/Q -> _122073_/D : -0.674824
[setup reg-reg] _123116_/Q -> _122777_/D : -0.674650
[setup reg-reg] _121900_/Q -> _121843_/D : -0.672749
[setup reg-reg] _126549_/Q -> _123904_/D : -0.666578
[setup reg-reg] _123820_/Q -> _123485_/D : -0.665942
[setup reg-reg] _124064_/Q -> _124001_/D : -0.660695
[setup reg-reg] _122705_/Q -> _122636_/D : -0.655941
[setup reg-reg] _126464_/Q -> _122360_/D : -0.655440
[setup reg-reg] _122220_/Q -> _121884_/D : -0.651077
[setup reg-reg] _123686_/Q -> _123626_/D : -0.650388
[setup reg-reg] _121900_/Q -> _121840_/D : -0.650008
[setup reg-reg] _121504_/Q -> _121497_/D : -0.648562
[setup reg-reg] _122452_/Q -> _122119_/D : -0.645393
[setup reg-reg] _123356_/Q -> _123292_/D : -0.645198
[setup reg-reg] _123830_/Q -> _123771_/D : -0.640615
[setup reg-reg] _124053_/Q -> _123714_/D : -0.637044
[setup reg-reg] _123356_/Q -> _123299_/D : -0.630891
[setup reg-reg] _121754_/Q -> _121455_/D : -0.630479
[setup reg-reg] _124245_/Q -> _124193_/D : -0.629086
[setup reg-reg] _123447_/Q -> _123115_/D : -0.627360
[setup reg-reg] _122742_/Q -> _122403_/D : -0.624354
[setup reg-reg] _126549_/Q -> _123903_/D : -0.622659
[setup reg-reg] _122318_/Q -> _121987_/D : -0.620688
[setup reg-reg] _121540_/Q -> _121535_/D : -0.618822
[setup reg-reg] _122220_/Q -> _121877_/D : -0.618666
[setup reg-reg] _123165_/Q -> _122824_/D : -0.615302
[setup in-reg] wbs_adr_i[4] -> _126755_/D : -0.606935
[setup reg-reg] _124064_/Q -> _124002_/D : -0.594568
[setup in-reg] wbs_adr_i[11] -> _126795_/D : -0.594120
[setup in-reg] wbs_adr_i[4] -> _126756_/D : -0.591506
[setup reg-reg] _121504_/Q -> _121493_/D : -0.587182
[setup reg-reg] _124346_/Q -> _124239_/D : -0.586617
[setup in-reg] wbs_adr_i[4] -> _126757_/D : -0.585349
[setup in-reg] wbs_adr_i[4] -> _126753_/D : -0.581554
[setup reg-reg] _123080_/Q -> _123017_/D : -0.578631
[setup in-reg] wbs_adr_i[4] -> _126754_/D : -0.576716
[setup in-reg] wbs_adr_i[4] -> _126751_/D : -0.574843
[setup reg-reg] _123116_/Q -> _122785_/D : -0.572559
[setup reg-reg] _123401_/Q -> _123058_/D : -0.571351
[setup reg-reg] _122559_/Q -> _122493_/D : -0.570488
[setup reg-reg] _123820_/Q -> _123491_/D : -0.569312
[setup in-reg] wbs_adr_i[4] -> _126750_/D : -0.558302
[setup in-reg] wbs_adr_i[4] -> _126752_/D : -0.548678
[setup reg-reg] _123075_/Q -> _122739_/D : -0.548482
[setup reg-reg] _122079_/Q -> _121735_/D : -0.544151
[setup reg-reg] _126504_/Q -> _124142_/D : -0.542844
[setup reg-reg] _121582_/Q -> _121577_/D : -0.534499
[setup reg-reg] _122276_/Q -> _122217_/D : -0.531145
[setup reg-reg] _123211_/Q -> _122873_/D : -0.529980
[setup reg-reg] _124053_/Q -> _123713_/D : -0.529496
[setup reg-reg] _121540_/Q -> _121525_/D : -0.529059
[setup reg-reg] _123447_/Q -> _123114_/D : -0.526246
[setup reg-reg] _122276_/Q -> _122216_/D : -0.524583
[setup reg-reg] _122791_/Q -> _122451_/D : -0.520306
[setup reg-reg] _122079_/Q -> _121732_/D : -0.515492
[setup reg-reg] _123686_/Q -> _123617_/D : -0.514270
[setup reg-reg] _123724_/Q -> _123382_/D : -0.510877
[setup reg-reg] _122220_/Q -> _121891_/D : -0.505981
[setup reg-reg] _123444_/Q -> _123103_/D : -0.500034
[setup reg-reg] _121989_/Q -> _121645_/D : -0.498758
[setup reg-reg] _121540_/Q -> _121526_/D : -0.498556
[setup reg-reg] _123356_/Q -> _123298_/D : -0.491433
[setup reg-reg] _121385_/Q -> _121376_/D : -0.487400
[setup reg-reg] _121900_/Q -> _121838_/D : -0.480942
[setup reg-reg] _123820_/Q -> _123483_/D : -0.479670
[setup reg-reg] _123447_/Q -> _123107_/D : -0.475751
[setup reg-reg] _122318_/Q -> _121986_/D : -0.474117
[setup reg-reg] _121582_/Q -> _121578_/D : -0.473570
[setup reg-reg] _123498_/Q -> _123163_/D : -0.467242
[setup reg-reg] _123116_/Q -> _122781_/D : -0.462158
[setup reg-reg] _124004_/Q -> _123674_/D : -0.460673
[setup reg-reg] _123724_/Q -> _123389_/D : -0.457874
[setup reg-reg] _124004_/Q -> _123670_/D : -0.448917
[setup reg-reg] _123080_/Q -> _123015_/D : -0.448829
[setup reg-reg] _123447_/Q -> _123098_/D : -0.446271
[setup reg-reg] _122276_/Q -> _122214_/D : -0.446217
[setup reg-reg] _126521_/Q -> _124049_/D : -0.444313
[setup reg-reg] _123075_/Q -> _122738_/D : -0.443606
[setup reg-reg] _122232_/Q -> _122170_/D : -0.438305
[setup reg-reg] _123075_/Q -> _122737_/D : -0.431132
[setup reg-reg] _122220_/Q -> _121888_/D : -0.424716
[setup reg-reg] _123686_/Q -> _123615_/D : -0.423611
[setup reg-reg] _124245_/Q -> _124191_/D : -0.421693
[setup reg-reg] _122596_/Q -> _122252_/D : -0.421046
[setup reg-reg] _126489_/Q -> _124237_/D : -0.420449
[setup reg-reg] _123447_/Q -> _123100_/D : -0.413028
[setup reg-reg] _123820_/Q -> _123484_/D : -0.412012
[setup reg-reg] _121989_/Q -> _121649_/D : -0.411546
[setup reg-reg] _123583_/Q -> _123248_/D : -0.407901
[setup reg-reg] _123830_/Q -> _123768_/D : -0.405237
[setup reg-reg] _124148_/Q -> _123808_/D : -0.401666
[setup reg-reg] _122981_/Q -> _122911_/D : -0.400714
[setup reg-reg] _122131_/Q -> _121780_/D : -0.399499
[setup reg-reg] _121900_/Q -> _121837_/D : -0.398568
[setup reg-reg] _121996_/Q -> _121931_/D : -0.391466
[setup reg-reg] _126435_/Q -> _123864_/D : -0.388528
[setup reg-reg] _122742_/Q -> _122397_/D : -0.383441
[setup reg-reg] _123923_/Q -> _123579_/D : -0.383345
[setup reg-reg] _122604_/Q -> _122543_/D : -0.380865
[setup reg-reg] _122368_/Q -> _122031_/D : -0.380620
[setup reg-reg] _124104_/Q -> _123759_/D : -0.379544
[setup reg-reg] _123023_/Q -> _122688_/D : -0.372907
[setup reg-reg] _122220_/Q -> _121886_/D : -0.371802
[setup reg-reg] _121989_/Q -> _121652_/D : -0.367699
[setup reg-reg] _123263_/Q -> _123199_/D : -0.366267
[setup reg-reg] _122368_/Q -> _122025_/D : -0.365922
[setup reg-reg] _123401_/Q -> _123063_/D : -0.365645
[setup reg-reg] _122377_/Q -> _122308_/D : -0.364210
[setup reg-reg] _123023_/Q -> _122683_/D : -0.363809
[setup reg-reg] _122742_/Q -> _122396_/D : -0.360483
[setup reg-reg] _121504_/Q -> _121485_/D : -0.358419
[setup reg-reg] _122318_/Q -> _121983_/D : -0.353960
[setup reg-reg] _121504_/Q -> _121492_/D : -0.347175
[setup reg-reg] _123774_/Q -> _123439_/D : -0.346667
[setup reg-reg] _124346_/Q -> _124227_/D : -0.338204
[setup in-reg] wbs_adr_i[7] -> _124294_/D : -0.335000
[setup reg-reg] _123774_/Q -> _123433_/D : -0.333642
[setup reg-reg] _126513_/Q -> _124099_/D : -0.330374
[setup reg-reg] _121540_/Q -> _121524_/D : -0.328495
[setup reg-reg] _123830_/Q -> _123770_/D : -0.325436
[setup reg-reg] _122220_/Q -> _121885_/D : -0.319744
[setup reg-reg] _121989_/Q -> _121641_/D : -0.318526
[setup reg-reg] _122452_/Q -> _122115_/D : -0.317549
[setup reg-reg] _123820_/Q -> _123488_/D : -0.311520
[setup reg-reg] _123779_/Q -> _123430_/D : -0.308972
[setup reg-reg] _122705_/Q -> _122639_/D : -0.307924
[setup reg-reg] _122220_/Q -> _121880_/D : -0.306734
[setup reg-reg] _122596_/Q -> _122251_/D : -0.301654
[setup reg-reg] _123447_/Q -> _123108_/D : -0.299931
[setup reg-reg] _126513_/Q -> _124096_/D : -0.299721
[setup reg-reg] _123404_/Q -> _123334_/D : -0.297614
[setup reg-reg] _124346_/Q -> _124241_/D : -0.291927
[setup reg-reg] _123211_/Q -> _122870_/D : -0.287969
[setup reg-reg] _122220_/Q -> _121879_/D : -0.287081
[setup reg-reg] _123923_/Q -> _123577_/D : -0.279194
[setup reg-reg] _122415_/Q -> _122067_/D : -0.270273
[setup reg-reg] _124346_/Q -> _124243_/D : -0.269228
[setup reg-reg] _124053_/Q -> _123711_/D : -0.262276
[setup reg-reg] _123209_/Q -> _122862_/D : -0.261963
[setup reg-reg] _123869_/Q -> _123531_/D : -0.260691
[setup reg-reg] _121757_/Q -> _121690_/D : -0.254008
[setup reg-reg] _123724_/Q -> _123385_/D : -0.253031
[setup reg-reg] _123779_/Q -> _123432_/D : -0.247237
[setup reg-reg] _123679_/Q -> _123343_/D : -0.244842
[setup reg-reg] _123679_/Q -> _123340_/D : -0.238245
[setup reg-reg] _122981_/Q -> _122915_/D : -0.237954
[setup reg-reg] _121754_/Q -> _121454_/D : -0.235787
[setup reg-reg] _122596_/Q -> _122260_/D : -0.233971
[setup in-reg] wbs_adr_i[11] -> _126677_/D : -0.227839
[setup reg-reg] _121754_/Q -> _121453_/D : -0.226716
[setup reg-reg] _121385_/Q -> _121375_/D : -0.226706
[setup reg-reg] _123498_/Q -> _123160_/D : -0.217298
[setup in-reg] wbs_adr_i[11] -> _126674_/D : -0.216890
[setup reg-reg] _122079_/Q -> _121734_/D : -0.216662
[setup reg-reg] _121900_/Q -> _121833_/D : -0.213561
[setup in-reg] wbs_adr_i[11] -> _126673_/D : -0.206910
[setup in-reg] wbs_adr_i[11] -> _126670_/D : -0.206445
[setup reg-reg] _123075_/Q -> _122730_/D : -0.202398
[setup in-reg] wbs_adr_i[11] -> _126671_/D : -0.201457
[setup in-reg] wbs_adr_i[11] -> _126675_/D : -0.180634
[setup reg-reg] _122452_/Q -> _122118_/D : -0.180062
[setup in-reg] wbs_adr_i[11] -> _127398_/D : -0.175667
[setup reg-reg] _122604_/Q -> _122536_/D : -0.167820
[setup reg-reg] _122220_/Q -> _121876_/D : -0.167528
[setup reg-reg] _123023_/Q -> _122687_/D : -0.165670
[setup reg-reg] _126397_/Q -> _126428_/D : -0.161233
[setup reg-reg] _123165_/Q -> _122823_/D : -0.160920
[setup reg-reg] _123356_/Q -> _123295_/D : -0.148773
[setup reg-reg] _121540_/Q -> _121534_/D : -0.147740
[setup reg-reg] _123300_/Q -> _122968_/D : -0.138094
[setup in-reg] wb_rst_i -> _126534_/D : -0.137891
[setup in-reg] wbs_adr_i[11] -> _127401_/D : -0.133443
[setup in-reg] wbs_adr_i[11] -> _127405_/D : -0.129290
[setup in-reg] wbs_adr_i[11] -> _127404_/D : -0.128800
[setup in-reg] wbs_adr_i[11] -> _127402_/D : -0.126491
[setup reg-reg] _127414_/Q -> _121343_/D : -0.118359
[setup reg-reg] _121757_/Q -> _121695_/D : -0.116501
[setup reg-reg] _123498_/Q -> _123161_/D : -0.115591
[setup in-reg] wbs_adr_i[11] -> _127403_/D : -0.115289
[setup reg-reg] _124053_/Q -> _123712_/D : -0.111687
[setup reg-reg] _123583_/Q -> _123247_/D : -0.108798
[setup in-reg] wbs_adr_i[11] -> _127400_/D : -0.107207
[setup reg-reg] _121989_/Q -> _121647_/D : -0.105700
[setup reg-reg] _121900_/Q -> _121831_/D : -0.104738
[setup in-reg] wbs_adr_i[11] -> _126709_/D : -0.104627
[setup reg-reg] _124104_/Q -> _123757_/D : -0.103281
[setup reg-reg] _122220_/Q -> _121890_/D : -0.101810
[setup in-reg] wbs_adr_i[11] -> _127399_/D : -0.099508
[setup reg-reg] _123300_/Q -> _122963_/D : -0.098421
[setup in-reg] wbs_adr_i[11] -> _126672_/D : -0.098282
[setup in-reg] wbs_adr_i[11] -> _126565_/D : -0.097302
[setup reg-reg] _126513_/Q -> _124095_/D : -0.096662
[setup in-reg] wbs_adr_i[7] -> _124293_/D : -0.094055
[setup reg-reg] _122220_/Q -> _121882_/D : -0.093380
[setup reg-reg] _123583_/Q -> _123244_/D : -0.088043
[setup reg-reg] _124064_/Q -> _123999_/D : -0.086050
[setup in-reg] wbs_adr_i[11] -> _126676_/D : -0.076781
[setup reg-reg] _122981_/Q -> _122914_/D : -0.075552
[setup reg-reg] _122220_/Q -> _121887_/D : -0.074426
[setup in-reg] wbs_adr_i[11] -> _126558_/D : -0.073683
[setup reg-reg] _123080_/Q -> _123013_/D : -0.071640
[setup reg-reg] _122596_/Q -> _122253_/D : -0.062556
[setup in-reg] wbs_adr_i[11] -> _126564_/D : -0.060702
[setup in-reg] wbs_adr_i[11] -> _126562_/D : -0.055472
[setup reg-reg] _126521_/Q -> _124048_/D : -0.055127
[setup reg-reg] _124053_/Q -> _123710_/D : -0.054044
[setup reg-reg] _121582_/Q -> _121571_/D : -0.053483
[setup reg-reg] _124148_/Q -> _123806_/D : -0.047677
[setup reg-reg] _123116_/Q -> _122780_/D : -0.043304
[setup in-reg] wbs_adr_i[11] -> _126559_/D : -0.042053
[setup in-reg] wbs_adr_i[11] -> _126561_/D : -0.038678
[setup in-reg] wbs_adr_i[11] -> _126563_/D : -0.035268
[setup reg-reg] _123686_/Q -> _123614_/D : -0.033232
[setup reg-reg] _121504_/Q -> _121490_/D : -0.032873
[setup reg-reg] _123356_/Q -> _123296_/D : -0.029281
[setup reg-reg] _126513_/Q -> _124098_/D : -0.029278
[setup in-reg] wbs_adr_i[11] -> _126560_/D : -0.027782
[setup reg-reg] _121385_/Q -> _121368_/D : -0.023562
[setup in-reg] wbs_adr_i[11] -> _126705_/D : -0.014392
[setup in-reg] wbs_adr_i[11] -> _126707_/D : -0.010708
[setup reg-reg] _124346_/Q -> _124240_/D : -0.007049
[setup in-reg] wbs_adr_i[11] -> _126706_/D : -0.006342
[setup in-reg] wbs_adr_i[11] -> _126704_/D : -0.001496
[setup reg-reg] _123686_/Q -> _123616_/D : -0.000099
