Clock: clk
Sources: wb_clk_i 
Generated: no
Virtual: yes
Propagated: no
Period: 25.000000

===========================================================================
report_clock_properties
============================================================================
Clock                   Period          Waveform
----------------------------------------------------
clk                  25.000000    0.000000 12.500000

===========================================================================
report_clock_latency
============================================================================
Clock clk
rise -> rise
    min     max
4.650000 5.570000 source latency
7.931818         network latency _123540_/CLK
        9.763652 network latency _127280_/CLK
---------------
12.581819 15.333652 latency
        2.751833 skew

fall -> fall
    min     max
4.650000 5.570000 source latency
7.674487         network latency _123540_/CLK
        9.344749 network latency _127280_/CLK
---------------
12.324487 14.914749 latency
        2.590262 skew



===========================================================================
report_clock_min_period
============================================================================
clk period_min = 29.18 fmax = 34.27
