
===========================================================================
Violator List
============================================================================
[setup in-reg] wbs_adr_i[5] -> _124304_/D : -5.457199
[setup in-reg] wbs_adr_i[4] -> _124296_/D : -4.793367
[setup in-reg] wbs_adr_i[4] -> _124307_/D : -4.776506
[setup in-reg] wbs_adr_i[4] -> _124318_/D : -4.774844
[setup in-reg] wbs_adr_i[4] -> _124302_/D : -4.732417
[setup in-reg] wbs_adr_i[4] -> _124312_/D : -4.657128
[setup in-reg] wbs_adr_i[4] -> _124301_/D : -4.588564
[setup in-reg] wbs_adr_i[4] -> _124303_/D : -4.568243
[setup in-reg] wbs_adr_i[4] -> _124313_/D : -4.478011
[setup in-reg] wbs_adr_i[4] -> _124322_/D : -4.473840
[setup in-reg] wbs_adr_i[4] -> _124316_/D : -4.451611
[setup in-reg] wbs_adr_i[4] -> _124309_/D : -4.272849
[setup in-reg] wbs_adr_i[4] -> _124297_/D : -4.206570
[setup in-reg] wbs_adr_i[4] -> _124310_/D : -4.184820
[setup reg-reg] _122876_/Q -> _122544_/D : -4.179956
[setup in-reg] wbs_adr_i[4] -> _124327_/D : -4.156199
[setup in-reg] wbs_adr_i[4] -> _124305_/D : -4.092460
[setup reg-reg] _122377_/Q -> _122315_/D : -4.082494
[setup reg-reg] _122377_/Q -> _122314_/D : -4.072753
[setup in-reg] wbs_adr_i[4] -> _124300_/D : -3.988120
[setup in-reg] wbs_adr_i[4] -> _124308_/D : -3.978599
[setup reg-reg] _122377_/Q -> _122312_/D : -3.973693
[setup reg-reg] _122876_/Q -> _122547_/D : -3.958039
[setup in-reg] wbs_adr_i[4] -> _124325_/D : -3.957890
[setup in-reg] wbs_adr_i[4] -> _124317_/D : -3.935075
[setup reg-reg] _122377_/Q -> _122313_/D : -3.880054
[setup in-reg] wbs_adr_i[4] -> _124324_/D : -3.878164
[setup in-reg] wbs_adr_i[4] -> _124314_/D : -3.853216
[setup reg-reg] _122876_/Q -> _122540_/D : -3.811042
[setup in-reg] wbs_adr_i[4] -> _124311_/D : -3.807795
[setup in-reg] wbs_adr_i[4] -> _124321_/D : -3.805546
[setup reg-reg] _123409_/Q -> _123347_/D : -3.750170
[setup in-reg] wbs_adr_i[4] -> _124320_/D : -3.741576
[setup in-reg] wbs_adr_i[4] -> _124306_/D : -3.707381
[setup in-reg] wbs_adr_i[4] -> _124326_/D : -3.703459
[setup reg-reg] _122876_/Q -> _122542_/D : -3.673414
[setup in-reg] wbs_adr_i[4] -> _124299_/D : -3.650580
[setup reg-reg] _122933_/Q -> _122875_/D : -3.626820
[setup reg-reg] _122933_/Q -> _122872_/D : -3.612218
[setup reg-reg] _122933_/Q -> _122871_/D : -3.565130
[setup in-reg] wbs_adr_i[4] -> _124319_/D : -3.558778
[setup reg-reg] _122131_/Q -> _121791_/D : -3.538684
[setup in-reg] wbs_adr_i[4] -> _124315_/D : -3.537480
[setup reg-reg] _122079_/Q -> _121746_/D : -3.534851
[setup reg-reg] _123409_/Q -> _123343_/D : -3.488864
[setup reg-reg] _123409_/Q -> _123346_/D : -3.446399
[setup reg-reg] _122876_/Q -> _122546_/D : -3.444427
[setup in-reg] wbs_adr_i[4] -> _124323_/D : -3.440320
[setup reg-reg] _122876_/Q -> _122545_/D : -3.415135
[setup reg-reg] _122933_/Q -> _122874_/D : -3.395968
[setup in-reg] wbs_adr_i[4] -> _124298_/D : -3.381956
[setup reg-reg] _126471_/Q -> _121985_/D : -3.336787
[setup reg-reg] _122973_/Q -> _122642_/D : -3.276441
[setup reg-reg] _122079_/Q -> _121745_/D : -3.247038
[setup reg-reg] _122973_/Q -> _122636_/D : -3.232316
[setup reg-reg] _122079_/Q -> _121743_/D : -3.222770
[setup reg-reg] _122131_/Q -> _121795_/D : -3.219285
[setup reg-reg] _122973_/Q -> _122640_/D : -3.205308
[setup reg-reg] _123583_/Q -> _123249_/D : -3.203588
[setup reg-reg] _122131_/Q -> _121793_/D : -3.193268
[setup reg-reg] _122377_/Q -> _122311_/D : -3.182791
[setup reg-reg] _123409_/Q -> _123342_/D : -3.153360
[setup reg-reg] _123724_/Q -> _123389_/D : -3.143264
[setup reg-reg] _122412_/Q -> _122073_/D : -3.140521
[setup reg-reg] _123724_/Q -> _123393_/D : -3.138187
[setup reg-reg] _121541_/Q -> _121537_/D : -3.103434
[setup reg-reg] _122453_/Q -> _122123_/D : -3.096513
[setup reg-reg] _123409_/Q -> _123345_/D : -3.050147
[setup reg-reg] _123256_/Q -> _122920_/D : -3.046654
[setup reg-reg] _122131_/Q -> _121790_/D : -3.043031
[setup reg-reg] _122131_/Q -> _121792_/D : -3.038146
[setup reg-reg] _122176_/Q -> _121841_/D : -3.036480
[setup reg-reg] _122176_/Q -> _121843_/D : -3.025541
[setup reg-reg] _122453_/Q -> _122121_/D : -3.018940
[setup reg-reg] _123724_/Q -> _123382_/D : -3.016677
[setup reg-reg] _122973_/Q -> _122639_/D : -3.002356
[setup reg-reg] _122328_/Q -> _122267_/D : -2.995069
[setup reg-reg] _123724_/Q -> _123395_/D : -2.993776
[setup reg-reg] _123409_/Q -> _123341_/D : -2.973039
[setup reg-reg] _123778_/Q -> _123443_/D : -2.970907
[setup reg-reg] _126434_/Q -> _123867_/D : -2.955307
[setup reg-reg] _122553_/Q -> _122218_/D : -2.954035
[setup reg-reg] _124342_/Q -> _124241_/D : -2.947942
[setup reg-reg] _123301_/Q -> _122971_/D : -2.944869
[setup reg-reg] _124342_/Q -> _124243_/D : -2.939103
[setup reg-reg] _122176_/Q -> _121840_/D : -2.930261
[setup reg-reg] _123081_/Q -> _123018_/D : -2.929951
[setup reg-reg] _126434_/Q -> _123863_/D : -2.927862
[setup reg-reg] _126471_/Q -> _121984_/D : -2.921123
[setup reg-reg] _122876_/Q -> _122543_/D : -2.907179
[setup reg-reg] _123724_/Q -> _123391_/D : -2.901810
[setup reg-reg] _123583_/Q -> _123251_/D : -2.895259
[setup reg-reg] _121463_/Q -> _121459_/D : -2.894961
[setup reg-reg] _122079_/Q -> _121747_/D : -2.890676
[setup reg-reg] _122328_/Q -> _122262_/D : -2.884377
[setup reg-reg] _122453_/Q -> _122117_/D : -2.883937
[setup reg-reg] _123409_/Q -> _123344_/D : -2.882594
[setup reg-reg] _123301_/Q -> _122962_/D : -2.881858
[setup reg-reg] _122377_/Q -> _122310_/D : -2.871378
[setup reg-reg] _123023_/Q -> _122690_/D : -2.871250
[setup reg-reg] _122328_/Q -> _122264_/D : -2.845244
[setup reg-reg] _124342_/Q -> _124239_/D : -2.842572
[setup reg-reg] _122079_/Q -> _121740_/D : -2.833673
[setup reg-reg] _122742_/Q -> _122409_/D : -2.818119
[setup reg-reg] _126471_/Q -> _121987_/D : -2.815064
[setup reg-reg] _122553_/Q -> _122212_/D : -2.798480
[setup reg-reg] _122889_/Q -> _122825_/D : -2.796998
[setup reg-reg] _122453_/Q -> _122122_/D : -2.796170
[setup reg-reg] _122889_/Q -> _122827_/D : -2.795993
[setup reg-reg] _123724_/Q -> _123386_/D : -2.792060
[setup reg-reg] _122512_/Q -> _122448_/D : -2.786664
[setup reg-reg] _121463_/Q -> _121456_/D : -2.776293
[setup reg-reg] _122889_/Q -> _122824_/D : -2.765699
[setup reg-reg] _124053_/Q -> _123723_/D : -2.762828
[setup reg-reg] _122973_/Q -> _122641_/D : -2.755201
[setup reg-reg] _124342_/Q -> _124237_/D : -2.746589
[setup reg-reg] _122131_/Q -> _121788_/D : -2.744255
[setup reg-reg] _123261_/Q -> _123201_/D : -2.737242
[setup reg-reg] _122131_/Q -> _121794_/D : -2.724782
[setup reg-reg] _122512_/Q -> _122451_/D : -2.724757
[setup reg-reg] _121541_/Q -> _121539_/D : -2.722608
[setup reg-reg] _122328_/Q -> _122266_/D : -2.721453
[setup reg-reg] _123583_/Q -> _123250_/D : -2.721166
[setup reg-reg] _122328_/Q -> _122261_/D : -2.714465
[setup reg-reg] _126434_/Q -> _123866_/D : -2.697501
[setup reg-reg] _122652_/Q -> _122591_/D : -2.665736
[setup reg-reg] _121383_/Q -> _121379_/D : -2.663310
[setup reg-reg] _122982_/Q -> _122910_/D : -2.657782
[setup reg-reg] _122512_/Q -> _122446_/D : -2.657259
[setup reg-reg] _124053_/Q -> _123720_/D : -2.648427
[setup reg-reg] _123638_/Q -> _123574_/D : -2.648111
[setup reg-reg] _126548_/Q -> _123915_/D : -2.647170
[setup reg-reg] _124342_/Q -> _124234_/D : -2.642349
[setup reg-reg] _126438_/Q -> _123489_/D : -2.640604
[setup reg-reg] _122377_/Q -> _122309_/D : -2.638430
[setup reg-reg] _123724_/Q -> _123394_/D : -2.637357
[setup reg-reg] _122933_/Q -> _122873_/D : -2.632515
[setup reg-reg] _122079_/Q -> _121744_/D : -2.625423
[setup reg-reg] _122973_/Q -> _122638_/D : -2.605510
[setup reg-reg] _124342_/Q -> _124242_/D : -2.601361
[setup reg-reg] _122973_/Q -> _122643_/D : -2.601229
[setup reg-reg] _122176_/Q -> _121842_/D : -2.595311
[setup reg-reg] _123081_/Q -> _123016_/D : -2.569902
[setup reg-reg] _123256_/Q -> _122921_/D : -2.559819
[setup reg-reg] _122131_/Q -> _121789_/D : -2.559268
[setup reg-reg] _126548_/Q -> _123911_/D : -2.558153
[setup reg-reg] _123301_/Q -> _122967_/D : -2.553556
[setup reg-reg] _123737_/Q -> _123668_/D : -2.552127
[setup reg-reg] _121424_/Q -> _121419_/D : -2.548475
[setup reg-reg] _126434_/Q -> _123861_/D : -2.542503
[setup reg-reg] _123119_/Q -> _122781_/D : -2.542336
[setup reg-reg] _123081_/Q -> _123019_/D : -2.542056
[setup reg-reg] _123737_/Q -> _123675_/D : -2.540485
[setup reg-reg] _122512_/Q -> _122445_/D : -2.530801
[setup reg-reg] _123724_/Q -> _123390_/D : -2.529831
[setup reg-reg] _122973_/Q -> _122637_/D : -2.526797
[setup reg-reg] _122512_/Q -> _122450_/D : -2.525965
[setup reg-reg] _126500_/Q -> _124186_/D : -2.524640
[setup reg-reg] _123737_/Q -> _123671_/D : -2.517211
[setup reg-reg] _122176_/Q -> _121834_/D : -2.516227
[setup reg-reg] _123638_/Q -> _123579_/D : -2.513957
[setup reg-reg] _123081_/Q -> _123017_/D : -2.504606
[setup reg-reg] _126471_/Q -> _121986_/D : -2.497227
[setup reg-reg] _122973_/Q -> _122635_/D : -2.494311
[setup reg-reg] _126438_/Q -> _123491_/D : -2.490356
[setup reg-reg] _121998_/Q -> _121938_/D : -2.484491
[setup reg-reg] _122176_/Q -> _121839_/D : -2.477311
[setup reg-reg] _123497_/Q -> _123162_/D : -2.476693
[setup reg-reg] _122079_/Q -> _121742_/D : -2.468625
[setup reg-reg] _126448_/Q -> _123106_/D : -2.467171
[setup reg-reg] _122699_/Q -> _122363_/D : -2.465239
[setup reg-reg] _124053_/Q -> _123721_/D : -2.460055
[setup reg-reg] _122412_/Q -> _122072_/D : -2.454616
[setup reg-reg] _123778_/Q -> _123442_/D : -2.445315
[setup reg-reg] _123075_/Q -> _122737_/D : -2.436867
[setup reg-reg] _123119_/Q -> _122787_/D : -2.433282
[setup reg-reg] _124053_/Q -> _123722_/D : -2.429207
[setup reg-reg] _124111_/Q -> _124050_/D : -2.427026
[setup reg-reg] _124153_/Q -> _123819_/D : -2.426205
[setup reg-reg] _123778_/Q -> _123438_/D : -2.424447
[setup reg-reg] _126448_/Q -> _123108_/D : -2.420407
[setup reg-reg] _123256_/Q -> _122923_/D : -2.420290
[setup reg-reg] _122553_/Q -> _122215_/D : -2.414019
[setup reg-reg] _121998_/Q -> _121937_/D : -2.411063
[setup reg-reg] _122876_/Q -> _122541_/D : -2.409003
[setup reg-reg] _123638_/Q -> _123577_/D : -2.404534
[setup reg-reg] _123261_/Q -> _123200_/D : -2.404235
[setup reg-reg] _126471_/Q -> _121983_/D : -2.387214
[setup reg-reg] _122453_/Q -> _122119_/D : -2.386422
[setup reg-reg] _123778_/Q -> _123436_/D : -2.382034
[setup in-reg] wbs_adr_i[10] -> _126802_/D : -2.380684
[setup reg-reg] _123256_/Q -> _122922_/D : -2.377949
[setup reg-reg] _123119_/Q -> _122783_/D : -2.374645
[setup reg-reg] _126541_/Q -> _123946_/D : -2.374193
[setup reg-reg] _123127_/Q -> _123064_/D : -2.374104
[setup reg-reg] _123075_/Q -> _122738_/D : -2.373177
[setup reg-reg] _123724_/Q -> _123392_/D : -2.371941
[setup reg-reg] _122699_/Q -> _122357_/D : -2.363386
[setup reg-reg] _124206_/Q -> _124147_/D : -2.361649
[setup reg-reg] _126434_/Q -> _123865_/D : -2.360533
[setup reg-reg] _126548_/Q -> _123910_/D : -2.359393
[setup reg-reg] _126548_/Q -> _123907_/D : -2.358064
[setup reg-reg] _122699_/Q -> _122361_/D : -2.358014
[setup reg-reg] _121582_/Q -> _121570_/D : -2.354995
[setup reg-reg] _121582_/Q -> _121579_/D : -2.354707
[setup reg-reg] _124342_/Q -> _124235_/D : -2.352803
[setup reg-reg] _121998_/Q -> _121939_/D : -2.351310
[setup reg-reg] _123127_/Q -> _123067_/D : -2.349157
[setup reg-reg] _121761_/Q -> _121690_/D : -2.349154
[setup in-reg] wbs_adr_i[10] -> _126799_/D : -2.348877
[setup reg-reg] _121424_/Q -> _121416_/D : -2.348763
[setup reg-reg] _126434_/Q -> _123864_/D : -2.344805
[setup reg-reg] _123261_/Q -> _123203_/D : -2.342052
[setup reg-reg] _122230_/Q -> _122169_/D : -2.341448
[setup reg-reg] _123497_/Q -> _123163_/D : -2.339135
[setup reg-reg] _123359_/Q -> _123297_/D : -2.333891
[setup in-reg] wbs_adr_i[10] -> _126804_/D : -2.328370
[setup reg-reg] _123119_/Q -> _122784_/D : -2.324757
[setup reg-reg] _122932_/Q -> _122865_/D : -2.322167
[setup reg-reg] _123638_/Q -> _123578_/D : -2.319656
[setup reg-reg] _122412_/Q -> _122075_/D : -2.316679
[setup in-reg] wbs_adr_i[10] -> _126801_/D : -2.311229
[setup reg-reg] _121541_/Q -> _121538_/D : -2.309964
[setup in-reg] wbs_adr_i[10] -> _126805_/D : -2.307281
[setup reg-reg] _124111_/Q -> _124046_/D : -2.306599
[setup reg-reg] _122079_/Q -> _121741_/D : -2.303118
[setup in-reg] wbs_adr_i[7] -> _124294_/D : -2.296677
[setup reg-reg] _122230_/Q -> _122165_/D : -2.293849
[setup reg-reg] _122512_/Q -> _122447_/D : -2.290190
[setup reg-reg] _122553_/Q -> _122217_/D : -2.284114
[setup reg-reg] _126548_/Q -> _123906_/D : -2.276661
[setup in-reg] wbs_adr_i[10] -> _126800_/D : -2.274462
[setup in-reg] wbs_adr_i[10] -> _126798_/D : -2.271463
[setup in-reg] wbs_adr_i[10] -> _126803_/D : -2.269630
[setup reg-reg] _121383_/Q -> _121378_/D : -2.263182
[setup reg-reg] _126548_/Q -> _123914_/D : -2.260005
[setup reg-reg] _122131_/Q -> _121786_/D : -2.259434
[setup reg-reg] _121761_/Q -> _121697_/D : -2.258201
[setup reg-reg] _121500_/Q -> _121495_/D : -2.252580
[setup reg-reg] _124342_/Q -> _124240_/D : -2.249593
[setup reg-reg] _122932_/Q -> _122862_/D : -2.246761
[setup reg-reg] _126541_/Q -> _123947_/D : -2.235073
[setup reg-reg] _126541_/Q -> _123942_/D : -2.234561
[setup reg-reg] _121991_/Q -> _121659_/D : -2.233811
[setup reg-reg] _123737_/Q -> _123670_/D : -2.229569
[setup reg-reg] _122889_/Q -> _122826_/D : -2.226887
[setup reg-reg] _121424_/Q -> _121413_/D : -2.226241
[setup reg-reg] _122932_/Q -> _122861_/D : -2.223356
[setup reg-reg] _124104_/Q -> _123771_/D : -2.218027
[setup reg-reg] _123081_/Q -> _123015_/D : -2.212303
[setup reg-reg] _122377_/Q -> _122308_/D : -2.208889
[setup reg-reg] _126448_/Q -> _123105_/D : -2.205720
[setup reg-reg] _121761_/Q -> _121689_/D : -2.189019
[setup reg-reg] _122982_/Q -> _122919_/D : -2.178769
[setup reg-reg] _126541_/Q -> _123953_/D : -2.173302
[setup reg-reg] _126541_/Q -> _123952_/D : -2.166512
[setup reg-reg] _122699_/Q -> _122362_/D : -2.164146
[setup reg-reg] _122889_/Q -> _122823_/D : -2.163837
[setup reg-reg] _126526_/Q -> _124003_/D : -2.159745
[setup reg-reg] _123869_/Q -> _123530_/D : -2.157812
[setup reg-reg] _123023_/Q -> _122691_/D : -2.156163
[setup reg-reg] _122221_/Q -> _121881_/D : -2.151932
[setup in-reg] wbs_adr_i[7] -> _124293_/D : -2.147996
[setup reg-reg] _122367_/Q -> _122033_/D : -2.147271
[setup reg-reg] _121991_/Q -> _121656_/D : -2.145068
[setup reg-reg] _122377_/Q -> _122305_/D : -2.145051
[setup reg-reg] _122553_/Q -> _122219_/D : -2.136932
[setup reg-reg] _123737_/Q -> _123674_/D : -2.136776
[setup reg-reg] _122512_/Q -> _122443_/D : -2.136016
[setup reg-reg] _123504_/Q -> _123429_/D : -2.134961
[setup reg-reg] _126541_/Q -> _123949_/D : -2.134691
[setup reg-reg] _124111_/Q -> _124042_/D : -2.129212
[setup reg-reg] _122328_/Q -> _122263_/D : -2.123617
[setup reg-reg] _123778_/Q -> _123441_/D : -2.120831
[setup reg-reg] _123638_/Q -> _123575_/D : -2.112316
[setup reg-reg] _121463_/Q -> _121458_/D : -2.109381
[setup reg-reg] _121424_/Q -> _121418_/D : -2.097277
[setup reg-reg] _126544_/Q -> _123913_/D : -2.093696
[setup reg-reg] _122553_/Q -> _122214_/D : -2.092793
[setup reg-reg] _123127_/Q -> _123060_/D : -2.092602
[setup reg-reg] _122453_/Q -> _122120_/D : -2.082217
[setup reg-reg] _126500_/Q -> _124195_/D : -2.080562
[setup reg-reg] _123081_/Q -> _123014_/D : -2.080050
[setup reg-reg] _126471_/Q -> _121979_/D : -2.078402
[setup reg-reg] _122652_/Q -> _122594_/D : -2.068799
[setup reg-reg] _121383_/Q -> _121375_/D : -2.061665
[setup reg-reg] _124206_/Q -> _124144_/D : -2.059572
[setup reg-reg] _123127_/Q -> _123066_/D : -2.059277
[setup reg-reg] _123261_/Q -> _123202_/D : -2.057373
[setup reg-reg] _122328_/Q -> _122265_/D : -2.056734
[setup reg-reg] _126438_/Q -> _123488_/D : -2.056687
[setup reg-reg] _122829_/Q -> _122499_/D : -2.056300
[setup reg-reg] _126434_/Q -> _123857_/D : -2.050730
[setup reg-reg] _124153_/Q -> _123818_/D : -2.049166
[setup reg-reg] _122553_/Q -> _122216_/D : -2.048402
[setup reg-reg] _126448_/Q -> _123112_/D : -2.048033
[setup reg-reg] _123724_/Q -> _123387_/D : -2.033936
[setup reg-reg] _122412_/Q -> _122074_/D : -2.031317
[setup reg-reg] _121424_/Q -> _121415_/D : -2.028287
[setup reg-reg] _122512_/Q -> _122439_/D : -2.023100
[setup in-reg] wbs_adr_i[8] -> _127321_/D : -2.020993
[setup reg-reg] _122932_/Q -> _122863_/D : -2.020588
[setup reg-reg] _123958_/Q -> _123620_/D : -2.018183
[setup reg-reg] _123497_/Q -> _123160_/D : -2.008299
[setup reg-reg] _126438_/Q -> _123490_/D : -1.998835
[setup reg-reg] _122889_/Q -> _122819_/D : -1.991950
[setup reg-reg] _124104_/Q -> _123768_/D : -1.987637
[setup reg-reg] _122933_/Q -> _122870_/D : -1.985725
[setup reg-reg] _122742_/Q -> _122398_/D : -1.985587
[setup reg-reg] _121383_/Q -> _121369_/D : -1.979412
[setup reg-reg] _126496_/Q -> _124191_/D : -1.979164
[setup reg-reg] _124153_/Q -> _123817_/D : -1.977725
[setup reg-reg] _122512_/Q -> _122449_/D : -1.971895
[setup reg-reg] _126526_/Q -> _123998_/D : -1.967468
[setup reg-reg] _123737_/Q -> _123667_/D : -1.964292
[setup reg-reg] _123403_/Q -> _123063_/D : -1.963901
[setup reg-reg] _126526_/Q -> _124000_/D : -1.956220
[setup reg-reg] _126438_/Q -> _123487_/D : -1.948227
[setup reg-reg] _122221_/Q -> _121883_/D : -1.947214
[setup reg-reg] _123119_/Q -> _122786_/D : -1.947107
[setup reg-reg] _122453_/Q -> _122118_/D : -1.945537
[setup reg-reg] _124104_/Q -> _123769_/D : -1.944113
[setup reg-reg] _123737_/Q -> _123664_/D : -1.936193
[setup reg-reg] _124111_/Q -> _124047_/D : -1.934652
[setup reg-reg] _122553_/Q -> _122209_/D : -1.930978
[setup reg-reg] _124206_/Q -> _124146_/D : -1.928314
[setup reg-reg] _123403_/Q -> _123058_/D : -1.924906
[setup reg-reg] _122973_/Q -> _122631_/D : -1.923770
[setup reg-reg] _123737_/Q -> _123673_/D : -1.923183
[setup reg-reg] _123958_/Q -> _123627_/D : -1.917357
[setup reg-reg] _126541_/Q -> _123955_/D : -1.916899
[setup reg-reg] _121991_/Q -> _121653_/D : -1.912795
[setup reg-reg] _124111_/Q -> _124039_/D : -1.911694
[setup reg-reg] _123023_/Q -> _122682_/D : -1.910554
[setup reg-reg] _124111_/Q -> _124049_/D : -1.901995
[setup reg-reg] _122512_/Q -> _122442_/D : -1.900812
[setup reg-reg] _121991_/Q -> _121658_/D : -1.894975
[setup reg-reg] _123081_/Q -> _123013_/D : -1.894886
[setup reg-reg] _126448_/Q -> _123113_/D : -1.893557
[setup reg-reg] _123403_/Q -> _123057_/D : -1.892609
[setup reg-reg] _124206_/Q -> _124143_/D : -1.890971
[setup reg-reg] _121383_/Q -> _121374_/D : -1.890438
[setup reg-reg] _122973_/Q -> _122633_/D : -1.887774
[setup reg-reg] _123497_/Q -> _123161_/D : -1.882469
[setup reg-reg] _121500_/Q -> _121499_/D : -1.882356
[setup in-reg] wbs_adr_i[7] -> _124295_/D : -1.879030
[setup reg-reg] _123261_/Q -> _123199_/D : -1.875613
[setup reg-reg] _126448_/Q -> _123111_/D : -1.872920
[setup reg-reg] _122512_/Q -> _122444_/D : -1.862603
[setup reg-reg] _121761_/Q -> _121696_/D : -1.862563
[setup reg-reg] _121998_/Q -> _121935_/D : -1.855597
[setup reg-reg] _126544_/Q -> _123909_/D : -1.850605
[setup reg-reg] _122453_/Q -> _122115_/D : -1.845145
[setup reg-reg] _124104_/Q -> _123770_/D : -1.844708
[setup reg-reg] _124161_/Q -> _124099_/D : -1.842075
[setup reg-reg] _123075_/Q -> _122735_/D : -1.839201
[setup reg-reg] _121463_/Q -> _121450_/D : -1.837922
[setup reg-reg] _123301_/Q -> _122965_/D : -1.837304
[setup reg-reg] _122652_/Q -> _122589_/D : -1.833747
[setup reg-reg] _122829_/Q -> _122494_/D : -1.832891
[setup in-reg] wbs_adr_i[5] -> _127061_/D : -1.823413
[setup reg-reg] _123737_/Q -> _123663_/D : -1.817661
[setup reg-reg] _123127_/Q -> _123062_/D : -1.800729
[setup reg-reg] _123869_/Q -> _123538_/D : -1.796732
[setup reg-reg] _121500_/Q -> _121496_/D : -1.780482
[setup reg-reg] _121383_/Q -> _121377_/D : -1.774307
[setup reg-reg] _126448_/Q -> _123104_/D : -1.773348
[setup reg-reg] _122553_/Q -> _122213_/D : -1.771888
[setup reg-reg] _126448_/Q -> _123102_/D : -1.770882
[setup reg-reg] _122876_/Q -> _122536_/D : -1.769188
[setup reg-reg] _121582_/Q -> _121576_/D : -1.768577
[setup reg-reg] _126544_/Q -> _123905_/D : -1.767781
[setup reg-reg] _122652_/Q -> _122593_/D : -1.767681
[setup reg-reg] _123778_/Q -> _123439_/D : -1.766715
[setup reg-reg] _121991_/Q -> _121650_/D : -1.761752
[setup in-reg] wbs_adr_i[5] -> _127054_/D : -1.759681
[setup reg-reg] _122176_/Q -> _121835_/D : -1.753538
[setup in-reg] wbs_adr_i[5] -> _127059_/D : -1.747903
[setup reg-reg] _122512_/Q -> _122441_/D : -1.745860
[setup in-reg] wbs_adr_i[5] -> _127057_/D : -1.745715
[setup reg-reg] _122131_/Q -> _121785_/D : -1.744759
[setup reg-reg] _126448_/Q -> _123101_/D : -1.742396
[setup reg-reg] _126541_/Q -> _123951_/D : -1.738716
[setup reg-reg] _122829_/Q -> _122496_/D : -1.735199
[setup reg-reg] _122982_/Q -> _122916_/D : -1.733408
[setup reg-reg] _126548_/Q -> _123912_/D : -1.729536
[setup reg-reg] _121463_/Q -> _121457_/D : -1.726679
[setup reg-reg] _121761_/Q -> _121699_/D : -1.721475
[setup reg-reg] _122699_/Q -> _122353_/D : -1.720437
[setup reg-reg] _122377_/Q -> _122307_/D : -1.720142
[setup in-reg] wbs_adr_i[5] -> _127056_/D : -1.718529
[setup reg-reg] _123638_/Q -> _123576_/D : -1.712959
[setup reg-reg] _124153_/Q -> _123816_/D : -1.707413
[setup in-reg] wbs_adr_i[5] -> _127060_/D : -1.705320
[setup in-reg] wbs_adr_i[5] -> _127055_/D : -1.698332
[setup in-reg] wbs_adr_i[5] -> _127058_/D : -1.696225
[setup in-reg] wbs_adr_i[10] -> _126724_/D : -1.689848
[setup reg-reg] _122829_/Q -> _122491_/D : -1.687972
[setup reg-reg] _122652_/Q -> _122587_/D : -1.683048
[setup reg-reg] _123301_/Q -> _122970_/D : -1.677474
[setup reg-reg] _123724_/Q -> _123385_/D : -1.676462
[setup reg-reg] _126434_/Q -> _123862_/D : -1.673985
[setup reg-reg] _121424_/Q -> _121417_/D : -1.672248
[setup reg-reg] _126471_/Q -> _121982_/D : -1.661892
[setup reg-reg] _126485_/Q -> _121619_/D : -1.660549
[setup reg-reg] _124111_/Q -> _124048_/D : -1.655558
[setup reg-reg] _126485_/Q -> _121616_/D : -1.654737
[setup reg-reg] _122221_/Q -> _121891_/D : -1.653170
[setup reg-reg] _123119_/Q -> _122785_/D : -1.652889
[setup reg-reg] _121998_/Q -> _121936_/D : -1.651998
[setup reg-reg] _126496_/Q -> _124194_/D : -1.651610
[setup reg-reg] _123504_/Q -> _123430_/D : -1.650598
[setup reg-reg] _123869_/Q -> _123539_/D : -1.649109
[setup reg-reg] _123081_/Q -> _123011_/D : -1.648452
[setup reg-reg] _126500_/Q -> _124190_/D : -1.648115
[setup reg-reg] _122829_/Q -> _122487_/D : -1.648065
[setup in-reg] wbs_adr_i[10] -> _126719_/D : -1.645983
[setup reg-reg] _126448_/Q -> _123109_/D : -1.645443
[setup reg-reg] _122079_/Q -> _121737_/D : -1.641901
[setup reg-reg] _122742_/Q -> _122408_/D : -1.636487
[setup reg-reg] _123737_/Q -> _123669_/D : -1.634596
[setup reg-reg] _126434_/Q -> _123854_/D : -1.630806
[setup in-reg] wbs_adr_i[10] -> _127343_/D : -1.626699
[setup reg-reg] _121582_/Q -> _121578_/D : -1.625217
[setup reg-reg] _126500_/Q -> _124187_/D : -1.625178
[setup reg-reg] _122230_/Q -> _122168_/D : -1.621988
[setup reg-reg] _122553_/Q -> _122210_/D : -1.621618
[setup reg-reg] _126448_/Q -> _123110_/D : -1.619366
[setup reg-reg] _123075_/Q -> _122733_/D : -1.618730
[setup in-reg] wbs_adr_i[10] -> _126722_/D : -1.616808
[setup reg-reg] _123832_/Q -> _123757_/D : -1.614652
[setup reg-reg] _124206_/Q -> _124141_/D : -1.613447
[setup reg-reg] _122889_/Q -> _122822_/D : -1.612833
[setup reg-reg] _126448_/Q -> _123115_/D : -1.597872
[setup reg-reg] _122176_/Q -> _121837_/D : -1.593200
[setup reg-reg] _126544_/Q -> _123908_/D : -1.587011
[setup reg-reg] _123075_/Q -> _122734_/D : -1.582343
[setup reg-reg] _121383_/Q -> _121365_/D : -1.581679
[setup reg-reg] _121761_/Q -> _121694_/D : -1.580013
[setup reg-reg] _122176_/Q -> _121838_/D : -1.579398
[setup reg-reg] _123497_/Q -> _123159_/D : -1.574435
[setup reg-reg] _123504_/Q -> _123440_/D : -1.573859
[setup reg-reg] _121424_/Q -> _121412_/D : -1.572015
[setup reg-reg] _126541_/Q -> _123950_/D : -1.572001
[setup reg-reg] _126448_/Q -> _123114_/D : -1.571809
[setup reg-reg] _122933_/Q -> _122869_/D : -1.570822
[setup reg-reg] _122553_/Q -> _122203_/D : -1.569514
[setup reg-reg] _122699_/Q -> _122360_/D : -1.569109
[setup reg-reg] _123737_/Q -> _123672_/D : -1.569006
[setup reg-reg] _122829_/Q -> _122484_/D : -1.560281
[setup reg-reg] _122829_/Q -> _122493_/D : -1.558696
[setup reg-reg] _122829_/Q -> _122498_/D : -1.557154
[setup reg-reg] _123583_/Q -> _123248_/D : -1.556611
[setup in-reg] wbs_adr_i[10] -> _126723_/D : -1.552301
[setup reg-reg] _122982_/Q -> _122909_/D : -1.550621
[setup in-reg] wbs_adr_i[10] -> _127348_/D : -1.550458
[setup reg-reg] _126541_/Q -> _123943_/D : -1.550230
[setup reg-reg] _123256_/Q -> _122918_/D : -1.548354
[setup reg-reg] _123583_/Q -> _123244_/D : -1.547761
[setup reg-reg] _126471_/Q -> _121981_/D : -1.543164
[setup reg-reg] _124161_/Q -> _124096_/D : -1.541785
[setup reg-reg] _122889_/Q -> _122818_/D : -1.538517
[setup reg-reg] _123359_/Q -> _123299_/D : -1.537561
[setup reg-reg] _122326_/Q -> _122259_/D : -1.537213
[setup reg-reg] _122131_/Q -> _121787_/D : -1.536535
[setup reg-reg] _121582_/Q -> _121577_/D : -1.529518
[setup reg-reg] _121500_/Q -> _121498_/D : -1.527546
[setup reg-reg] _123127_/Q -> _123065_/D : -1.523340
[setup reg-reg] _122973_/Q -> _122632_/D : -1.512166
[setup reg-reg] _126448_/Q -> _123107_/D : -1.511012
[setup reg-reg] _124111_/Q -> _124051_/D : -1.509402
[setup reg-reg] _122221_/Q -> _121888_/D : -1.506592
[setup in-reg] wbs_adr_i[10] -> _126725_/D : -1.506372
[setup reg-reg] _126541_/Q -> _123954_/D : -1.505203
[setup in-reg] wbs_adr_i[10] -> _127349_/D : -1.504027
[setup reg-reg] _124342_/Q -> _124230_/D : -1.497288
[setup reg-reg] _123778_/Q -> _123434_/D : -1.496083
[setup reg-reg] _123497_/Q -> _123156_/D : -1.491657
[setup reg-reg] _121991_/Q -> _121655_/D : -1.491547
[setup in-reg] wbs_adr_i[10] -> _127312_/D : -1.485589
[setup reg-reg] _121383_/Q -> _121373_/D : -1.485422
[setup reg-reg] _121998_/Q -> _121934_/D : -1.484356
[setup in-reg] wbs_adr_i[10] -> _127344_/D : -1.484334
[setup reg-reg] _123737_/Q -> _123666_/D : -1.484203
[setup in-reg] wbs_adr_i[10] -> _126720_/D : -1.484015
[setup reg-reg] _124206_/Q -> _124145_/D : -1.481876
[setup in-reg] wbs_adr_i[10] -> _127347_/D : -1.478110
[setup reg-reg] _126500_/Q -> _124189_/D : -1.473953
[setup reg-reg] _126500_/Q -> _124193_/D : -1.472429
[setup reg-reg] _126496_/Q -> _124192_/D : -1.469815
[setup in-reg] wbs_adr_i[10] -> _127346_/D : -1.469708
[setup reg-reg] _126438_/Q -> _123483_/D : -1.468084
[setup reg-reg] _123583_/Q -> _123247_/D : -1.466212
[setup reg-reg] _123832_/Q -> _123758_/D : -1.466173
[setup reg-reg] _122369_/Q -> _122034_/D : -1.462546
[setup in-reg] wbs_adr_i[10] -> _127316_/D : -1.457512
[setup reg-reg] _123359_/Q -> _123292_/D : -1.456613
[setup in-reg] wbs_adr_i[10] -> _126827_/D : -1.452730
[setup reg-reg] _122889_/Q -> _122821_/D : -1.452090
[setup reg-reg] _126526_/Q -> _124002_/D : -1.447191
[setup reg-reg] _122367_/Q -> _122035_/D : -1.443866
[setup in-reg] wbs_adr_i[10] -> _126721_/D : -1.442221
[setup in-reg] wbs_adr_i[10] -> _126718_/D : -1.439194
[setup in-reg] wbs_adr_i[10] -> _127311_/D : -1.437410
[setup in-reg] wbs_adr_i[10] -> _126824_/D : -1.434689
[setup reg-reg] _126544_/Q -> _123904_/D : -1.431726
[setup reg-reg] _122131_/Q -> _121784_/D : -1.429967
[setup in-reg] wbs_adr_i[10] -> _127317_/D : -1.429708
[setup reg-reg] _123958_/Q -> _123623_/D : -1.423288
[setup in-reg] wbs_adr_i[10] -> _127314_/D : -1.418552
[setup in-reg] wbs_adr_i[10] -> _126829_/D : -1.411358
[setup reg-reg] _121383_/Q -> _121371_/D : -1.410864
[setup reg-reg] _123301_/Q -> _122969_/D : -1.408875
[setup reg-reg] _122079_/Q -> _121739_/D : -1.405098
[setup reg-reg] _122829_/Q -> _122490_/D : -1.404743
[setup reg-reg] _123023_/Q -> _122689_/D : -1.397559
[setup reg-reg] _123638_/Q -> _123573_/D : -1.397058
[setup reg-reg] _122453_/Q -> _122109_/D : -1.394412
[setup reg-reg] _123778_/Q -> _123437_/D : -1.393531
[setup in-reg] wbs_adr_i[10] -> _126822_/D : -1.393282
[setup in-reg] wbs_adr_i[10] -> _126828_/D : -1.393275
[setup in-reg] wbs_adr_i[10] -> _126825_/D : -1.388699
[setup in-reg] wbs_adr_i[10] -> _127310_/D : -1.386802
[setup reg-reg] _122652_/Q -> _122595_/D : -1.384951
[setup in-reg] wbs_adr_i[10] -> _126823_/D : -1.381412
[setup reg-reg] _126471_/Q -> _121975_/D : -1.376783
[setup reg-reg] _122553_/Q -> _122211_/D : -1.373891
[setup reg-reg] _121761_/Q -> _121698_/D : -1.373820
[setup reg-reg] _123737_/Q -> _123661_/D : -1.372747
[setup reg-reg] _122652_/Q -> _122592_/D : -1.369891
[setup reg-reg] _122131_/Q -> _121783_/D : -1.357385
[setup reg-reg] _124111_/Q -> _124040_/D : -1.356625
[setup in-reg] wbs_adr_i[10] -> _126826_/D : -1.356156
[setup reg-reg] _121761_/Q -> _121693_/D : -1.354611
[setup reg-reg] _123075_/Q -> _122739_/D : -1.353666
[setup reg-reg] _126500_/Q -> _124185_/D : -1.353541
[setup reg-reg] _121582_/Q -> _121569_/D : -1.350990
[setup reg-reg] _124053_/Q -> _123719_/D : -1.346827
[setup reg-reg] _127421_/Q -> _121344_/D : -1.346091
[setup reg-reg] _121383_/Q -> _121376_/D : -1.345537
[setup in-reg] wbs_adr_i[10] -> _126763_/D : -1.343494
[setup reg-reg] _123958_/Q -> _123625_/D : -1.342247
[setup reg-reg] _127421_/Q -> _121347_/D : -1.341675
[setup reg-reg] _122412_/Q -> _122067_/D : -1.338506
[setup reg-reg] _122742_/Q -> _122411_/D : -1.337117
[setup reg-reg] _122829_/Q -> _122489_/D : -1.336890
[setup reg-reg] _122412_/Q -> _122071_/D : -1.335536
[setup in-reg] wbs_adr_i[10] -> _127345_/D : -1.333980
[setup reg-reg] _121500_/Q -> _121485_/D : -1.330132
[setup in-reg] wbs_adr_i[10] -> _126760_/D : -1.328282
[setup reg-reg] _122377_/Q -> _122306_/D : -1.327706
[setup reg-reg] _122932_/Q -> _122859_/D : -1.323464
[setup reg-reg] _124111_/Q -> _124038_/D : -1.319819
[setup in-reg] wbs_adr_i[10] -> _126759_/D : -1.319037
[setup reg-reg] _122453_/Q -> _122116_/D : -1.317872
[setup reg-reg] _122453_/Q -> _122114_/D : -1.314444
[setup in-reg] wbs_adr_i[10] -> _126758_/D : -1.309907
[setup reg-reg] _124161_/Q -> _124098_/D : -1.309264
[setup in-reg] wbs_adr_i[8] -> _126644_/D : -1.297480
[setup in-reg] wbs_adr_i[8] -> _126645_/D : -1.291379
[setup reg-reg] _121998_/Q -> _121933_/D : -1.290012
[setup reg-reg] _123261_/Q -> _123197_/D : -1.286040
[setup reg-reg] _126448_/Q -> _123103_/D : -1.284711
[setup reg-reg] _123127_/Q -> _123059_/D : -1.283027
[setup reg-reg] _123081_/Q -> _123010_/D : -1.279876
[setup reg-reg] _123359_/Q -> _123298_/D : -1.279261
[setup reg-reg] _123958_/Q -> _123626_/D : -1.276895
[setup in-reg] wbs_adr_i[10] -> _127342_/D : -1.275879
[setup reg-reg] _122933_/Q -> _122868_/D : -1.270873
[setup reg-reg] _126500_/Q -> _124188_/D : -1.263555
[setup reg-reg] _121991_/Q -> _121657_/D : -1.259277
[setup reg-reg] _126471_/Q -> _121978_/D : -1.259206
[setup reg-reg] _121383_/Q -> _121372_/D : -1.258449
[setup reg-reg] _126485_/Q -> _121605_/D : -1.246924
[setup reg-reg] _122230_/Q -> _122171_/D : -1.240149
[setup reg-reg] _122221_/Q -> _121890_/D : -1.239137
[setup reg-reg] _124111_/Q -> _124045_/D : -1.231932
[setup reg-reg] _122889_/Q -> _122820_/D : -1.230742
[setup in-reg] wbs_adr_i[8] -> _126577_/D : -1.226315
[setup reg-reg] _126485_/Q -> _121618_/D : -1.225182
[setup reg-reg] _126485_/Q -> _121610_/D : -1.222858
[setup reg-reg] _122652_/Q -> _122586_/D : -1.222748
[setup reg-reg] _126526_/Q -> _124001_/D : -1.219409
[setup reg-reg] _124161_/Q -> _124095_/D : -1.216943
[setup reg-reg] _123119_/Q -> _122773_/D : -1.210989
[setup reg-reg] _126438_/Q -> _123485_/D : -1.203361
[setup reg-reg] _126448_/Q -> _123100_/D : -1.196227
[setup reg-reg] _122176_/Q -> _121833_/D : -1.195680
[setup reg-reg] _124153_/Q -> _123815_/D : -1.195037
[setup reg-reg] _126471_/Q -> _121977_/D : -1.193349
[setup in-reg] wbs_adr_i[8] -> _126639_/D : -1.188383
[setup reg-reg] _122221_/Q -> _121887_/D : -1.185249
[setup reg-reg] _122412_/Q -> _122064_/D : -1.183398
[setup reg-reg] _121541_/Q -> _121529_/D : -1.175422
[setup in-reg] wbs_adr_i[8] -> _126642_/D : -1.169962
[setup reg-reg] _122652_/Q -> _122588_/D : -1.165805
[setup reg-reg] _122932_/Q -> _122867_/D : -1.161038
[setup reg-reg] _123409_/Q -> _123334_/D : -1.158497
[setup reg-reg] _121998_/Q -> _121929_/D : -1.158014
[setup in-reg] wbs_adr_i[8] -> _126581_/D : -1.152756
[setup reg-reg] _122221_/Q -> _121882_/D : -1.148731
[setup reg-reg] _123118_/Q -> _122777_/D : -1.148706
[setup reg-reg] _123256_/Q -> _122915_/D : -1.139238
[setup reg-reg] _123403_/Q -> _123061_/D : -1.136826
[setup reg-reg] _121500_/Q -> _121497_/D : -1.136225
[setup reg-reg] _122973_/Q -> _122630_/D : -1.129209
[setup in-reg] wbs_adr_i[8] -> _126640_/D : -1.125955
[setup reg-reg] _123081_/Q -> _123009_/D : -1.125809
[setup reg-reg] _126526_/Q -> _123999_/D : -1.124327
[setup reg-reg] _121500_/Q -> _121493_/D : -1.123709
[setup in-reg] wbs_adr_i[10] -> _126761_/D : -1.112632
[setup reg-reg] _121424_/Q -> _121414_/D : -1.111793
[setup in-reg] wbs_adr_i[8] -> _126641_/D : -1.110951
[setup reg-reg] _123256_/Q -> _122917_/D : -1.108887
[setup reg-reg] _122453_/Q -> _122111_/D : -1.106308
[setup reg-reg] _122876_/Q -> _122539_/D : -1.102681
[setup reg-reg] _126434_/Q -> _123860_/D : -1.102201
[setup in-reg] wbs_adr_i[8] -> _126575_/D : -1.092101
[setup in-reg] wbs_adr_i[8] -> _126576_/D : -1.085589
[setup reg-reg] _126526_/Q -> _123995_/D : -1.085304
[setup reg-reg] _122652_/Q -> _122590_/D : -1.083013
[setup in-reg] wbs_adr_i[5] -> _127423_/D : -1.075577
[setup reg-reg] _123261_/Q -> _123195_/D : -1.074181
[setup in-reg] wbs_adr_i[8] -> _126574_/D : -1.071673
[setup reg-reg] _123724_/Q -> _123384_/D : -1.065668
[setup reg-reg] _123737_/Q -> _123665_/D : -1.064716
[setup reg-reg] _122176_/Q -> _121836_/D : -1.063462
[setup in-reg] wbs_adr_i[8] -> _127090_/D : -1.062123
[setup reg-reg] _122553_/Q -> _122207_/D : -1.060453
[setup reg-reg] _123497_/Q -> _123158_/D : -1.058410
[setup reg-reg] _122829_/Q -> _122492_/D : -1.057096
[setup in-reg] wbs_adr_i[8] -> _127325_/D : -1.053142
[setup reg-reg] _126438_/Q -> _123484_/D : -1.042004
[setup in-reg] wbs_adr_i[8] -> _127068_/D : -1.041084
[setup in-reg] wbs_adr_i[8] -> _127323_/D : -1.034234
[setup in-reg] wbs_adr_i[8] -> _127091_/D : -1.030852
[setup reg-reg] _122230_/Q -> _122170_/D : -1.030713
[setup in-reg] wbs_adr_i[8] -> _127322_/D : -1.030465
[setup reg-reg] _122652_/Q -> _122583_/D : -1.029694
[setup in-reg] wbs_adr_i[8] -> _127093_/D : -1.028756
[setup in-reg] wbs_adr_i[8] -> _127320_/D : -1.026986
[setup in-reg] wbs_adr_i[8] -> _127092_/D : -1.026745
[setup in-reg] wbs_adr_i[8] -> _127065_/D : -1.023803
[setup reg-reg] _123832_/Q -> _123764_/D : -1.022084
[setup in-reg] wbs_adr_i[8] -> _127086_/D : -1.019021
[setup reg-reg] _122829_/Q -> _122495_/D : -1.018140
[setup in-reg] wbs_adr_i[8] -> _127064_/D : -1.017934
[setup reg-reg] _124206_/Q -> _124140_/D : -1.017511
[setup in-reg] wbs_adr_i[8] -> _127318_/D : -1.015980
[setup reg-reg] _121991_/Q -> _121651_/D : -1.011475
[setup reg-reg] _122512_/Q -> _122440_/D : -1.010623
[setup in-reg] wbs_adr_i[8] -> _127063_/D : -1.010331
[setup reg-reg] _123359_/Q -> _123295_/D : -1.009358
[setup in-reg] wbs_adr_i[5] -> _121197_/D : -1.009330
[setup reg-reg] _121991_/Q -> _121654_/D : -1.008583
[setup in-reg] wbs_adr_i[8] -> _127062_/D : -1.007493
[setup in-reg] wbs_adr_i[8] -> _127324_/D : -1.007329
[setup in-reg] wbs_adr_i[8] -> _127089_/D : -1.006423
[setup reg-reg] _126485_/Q -> _121604_/D : -1.001968
[setup in-reg] wbs_adr_i[8] -> _127319_/D : -1.001382
[setup reg-reg] _121991_/Q -> _121648_/D : -1.000853
[setup reg-reg] _122829_/Q -> _122497_/D : -0.998018
[setup reg-reg] _122412_/Q -> _122070_/D : -0.992905
[setup reg-reg] _123301_/Q -> _122966_/D : -0.989949
[setup reg-reg] _122079_/Q -> _121738_/D : -0.985754
[setup in-reg] wbs_adr_i[8] -> _127088_/D : -0.980574
[setup reg-reg] _124148_/Q -> _123811_/D : -0.977490
[setup in-reg] wbs_adr_i[8] -> _126700_/D : -0.977344
[setup reg-reg] _126526_/Q -> _123992_/D : -0.976975
[setup in-reg] wbs_adr_i[8] -> _127066_/D : -0.970754
[setup reg-reg] _127421_/Q -> _121346_/D : -0.970154
[setup in-reg] wbs_adr_i[8] -> _126578_/D : -0.968015
[setup in-reg] wbs_adr_i[5] -> _121192_/D : -0.965606
[setup reg-reg] _126485_/Q -> _121609_/D : -0.965560
[setup reg-reg] _126471_/Q -> _121980_/D : -0.958398
[setup reg-reg] _122079_/Q -> _121732_/D : -0.956710
[setup in-reg] wbs_adr_i[8] -> _127087_/D : -0.954650
[setup in-reg] wbs_adr_i[10] -> _127233_/D : -0.952479
[setup reg-reg] _122453_/Q -> _122113_/D : -0.952053
[setup in-reg] wbs_adr_i[5] -> _121196_/D : -0.946763
[setup reg-reg] _124104_/Q -> _123767_/D : -0.946624
[setup reg-reg] _121998_/Q -> _121932_/D : -0.946542
[setup reg-reg] _126485_/Q -> _121612_/D : -0.945658
[setup in-reg] wbs_adr_i[5] -> _121193_/D : -0.943835
[setup in-reg] wbs_adr_i[8] -> _126695_/D : -0.940180
[setup reg-reg] _122742_/Q -> _122405_/D : -0.938758
[setup reg-reg] _121998_/Q -> _121931_/D : -0.938169
[setup reg-reg] _123023_/Q -> _122688_/D : -0.933898
[setup reg-reg] _121761_/Q -> _121692_/D : -0.925844
[setup reg-reg] _121761_/Q -> _121695_/D : -0.925468
[setup in-reg] wbs_adr_i[8] -> _126696_/D : -0.923869
[setup in-reg] wbs_adr_i[5] -> _121195_/D : -0.923514
[setup reg-reg] _123958_/Q -> _123624_/D : -0.923119
[setup reg-reg] _123737_/Q -> _123660_/D : -0.923098
[setup in-reg] wbs_adr_i[8] -> _126701_/D : -0.922320
[setup in-reg] wbs_adr_i[8] -> _126699_/D : -0.921091
[setup reg-reg] _123869_/Q -> _123529_/D : -0.917986
[setup reg-reg] _122512_/Q -> _122438_/D : -0.917243
[setup reg-reg] _123119_/Q -> _122775_/D : -0.916621
[setup in-reg] wbs_adr_i[10] -> _127237_/D : -0.914600
[setup reg-reg] _122742_/Q -> _122410_/D : -0.907480
[setup in-reg] wbs_adr_i[8] -> _126694_/D : -0.906493
[setup in-reg] wbs_adr_i[10] -> _127235_/D : -0.896108
[setup in-reg] wbs_adr_i[5] -> _124257_/D : -0.896037
[setup reg-reg] _122973_/Q -> _122634_/D : -0.893088
[setup in-reg] wbs_adr_i[8] -> _126697_/D : -0.891507
[setup in-reg] wbs_adr_i[5] -> _124260_/D : -0.889660
[setup reg-reg] _123583_/Q -> _123245_/D : -0.885116
[setup in-reg] wbs_adr_i[10] -> _127234_/D : -0.884146
[setup reg-reg] _126500_/Q -> _124184_/D : -0.880522
[setup in-reg] wbs_adr_i[10] -> _127230_/D : -0.880505
[setup reg-reg] _123081_/Q -> _123012_/D : -0.879190
[setup reg-reg] _123724_/Q -> _123383_/D : -0.877403
[setup in-reg] wbs_adr_i[10] -> _127231_/D : -0.872138
[setup in-reg] wbs_adr_i[10] -> _127232_/D : -0.868347
[setup reg-reg] _121383_/Q -> _121370_/D : -0.863405
[setup reg-reg] _122377_/Q -> _122303_/D : -0.860645
[setup reg-reg] _126438_/Q -> _123480_/D : -0.855593
[setup reg-reg] _121998_/Q -> _121928_/D : -0.846750
[setup in-reg] wbs_adr_i[5] -> _124254_/D : -0.844420
[setup in-reg] wbs_adr_i[10] -> _127236_/D : -0.840775
[setup reg-reg] _123256_/Q -> _122914_/D : -0.839634
[setup in-reg] wbs_adr_i[5] -> _124259_/D : -0.839009
[setup reg-reg] _123261_/Q -> _123191_/D : -0.837204
[setup reg-reg] _122221_/Q -> _121889_/D : -0.826187
[setup reg-reg] _123504_/Q -> _123431_/D : -0.823277
[setup reg-reg] _123583_/Q -> _123243_/D : -0.821149
[setup in-reg] wbs_adr_i[5] -> _124253_/D : -0.817163
[setup reg-reg] _124161_/Q -> _124097_/D : -0.816211
[setup reg-reg] _126541_/Q -> _123948_/D : -0.815213
[setup reg-reg] _121463_/Q -> _121455_/D : -0.805571
[setup reg-reg] _122079_/Q -> _121733_/D : -0.805379
[setup reg-reg] _126485_/Q -> _121617_/D : -0.798700
[setup reg-reg] _122377_/Q -> _122304_/D : -0.795673
[setup reg-reg] _123497_/Q -> _123157_/D : -0.795296
[setup reg-reg] _124161_/Q -> _124094_/D : -0.794969
[setup reg-reg] _122176_/Q -> _121831_/D : -0.793570
[setup reg-reg] _123359_/Q -> _123296_/D : -0.787065
[setup reg-reg] _126485_/Q -> _121615_/D : -0.785590
[setup reg-reg] _123724_/Q -> _123388_/D : -0.783796
[setup reg-reg] _123301_/Q -> _122963_/D : -0.780073
[setup reg-reg] _121582_/Q -> _121571_/D : -0.776243
[setup reg-reg] _123023_/Q -> _122683_/D : -0.769422
[setup reg-reg] _122369_/Q -> _122031_/D : -0.766903
[setup reg-reg] _126526_/Q -> _123990_/D : -0.765802
[setup reg-reg] _122412_/Q -> _122069_/D : -0.764597
[setup reg-reg] _126434_/Q -> _123855_/D : -0.760785
[setup reg-reg] _123075_/Q -> _122730_/D : -0.756256
[setup reg-reg] _126471_/Q -> _121976_/D : -0.747381
[setup reg-reg] _126526_/Q -> _123997_/D : -0.745267
[setup reg-reg] _122553_/Q -> _122208_/D : -0.743153
[setup reg-reg] _124153_/Q -> _123810_/D : -0.741974
[setup reg-reg] _122553_/Q -> _122206_/D : -0.739053
[setup reg-reg] _121500_/Q -> _121487_/D : -0.735351
[setup reg-reg] _123261_/Q -> _123194_/D : -0.734040
[setup reg-reg] _122221_/Q -> _121884_/D : -0.730697
[setup reg-reg] _122973_/Q -> _122629_/D : -0.727621
[setup reg-reg] _123832_/Q -> _123759_/D : -0.727489
[setup in-reg] wbs_adr_i[5] -> _124256_/D : -0.726505
[setup reg-reg] _124053_/Q -> _123717_/D : -0.723162
[setup in-reg] wbs_adr_i[5] -> _124258_/D : -0.720490
[setup in-reg] wbs_adr_i[5] -> _124255_/D : -0.720231
[setup reg-reg] _123075_/Q -> _122731_/D : -0.711335
[setup reg-reg] _123583_/Q -> _123246_/D : -0.711097
[setup reg-reg] _122230_/Q -> _122167_/D : -0.701874
[setup reg-reg] _126500_/Q -> _124183_/D : -0.694509
[setup reg-reg] _127421_/Q -> _121345_/D : -0.692609
[setup in-reg] wb_rst_i -> _126475_/D : -0.690093
[setup reg-reg] _123081_/Q -> _123008_/D : -0.682558
[setup reg-reg] _121991_/Q -> _121646_/D : -0.671974
[setup reg-reg] _122412_/Q -> _122065_/D : -0.669505
[setup reg-reg] _126438_/Q -> _123482_/D : -0.667580
[setup reg-reg] _126434_/Q -> _123859_/D : -0.662372
[setup reg-reg] _123724_/Q -> _123381_/D : -0.660815
[setup reg-reg] _123778_/Q -> _123435_/D : -0.659146
[setup reg-reg] _126397_/Q -> _126428_/D : -0.653166
[setup reg-reg] _123958_/Q -> _123622_/D : -0.652779
[setup reg-reg] _122742_/Q -> _122407_/D : -0.648175
[setup reg-reg] _126485_/Q -> _121603_/D : -0.637776
[setup reg-reg] _123301_/Q -> _122968_/D : -0.635499
[setup reg-reg] _122982_/Q -> _122911_/D : -0.635112
[setup reg-reg] _123075_/Q -> _122736_/D : -0.633381
[setup in-reg] wb_rst_i -> _126470_/D : -0.630482
[setup in-reg] wb_rst_i -> _126473_/D : -0.629896
[setup reg-reg] _126471_/Q -> _121974_/D : -0.622727
[setup in-reg] wbs_adr_i[7] -> _126429_/D : -0.621721
[setup reg-reg] _123119_/Q -> _122782_/D : -0.618321
[setup reg-reg] _122742_/Q -> _122403_/D : -0.615504
[setup reg-reg] _127421_/Q -> _121343_/D : -0.607155
[setup reg-reg] _126438_/Q -> _123481_/D : -0.602519
[setup reg-reg] _126438_/Q -> _123479_/D : -0.600799
[setup reg-reg] _122699_/Q -> _122359_/D : -0.599432
[setup reg-reg] _122553_/Q -> _122204_/D : -0.593825
[setup reg-reg] _126544_/Q -> _123901_/D : -0.587299
[setup reg-reg] _124206_/Q -> _124135_/D : -0.584055
[setup in-reg] wbs_adr_i[8] -> _126770_/D : -0.581522
[setup in-reg] wbs_adr_i[8] -> _127044_/D : -0.580570
[setup reg-reg] _122512_/Q -> _122437_/D : -0.576154
[setup reg-reg] _122412_/Q -> _122061_/D : -0.575902
[setup reg-reg] _122889_/Q -> _122817_/D : -0.573404
[setup reg-reg] _123958_/Q -> _123619_/D : -0.571458
[setup in-reg] wbs_adr_i[8] -> _126766_/D : -0.569752
[setup reg-reg] _122176_/Q -> _121832_/D : -0.569692
[setup reg-reg] _123359_/Q -> _123294_/D : -0.565937
[setup in-reg] wbs_adr_i[8] -> _126773_/D : -0.565549
[setup in-reg] wbs_adr_i[8] -> _126767_/D : -0.553676
[setup reg-reg] _121383_/Q -> _121368_/D : -0.552479
[setup reg-reg] _121541_/Q -> _121536_/D : -0.551967
[setup reg-reg] _122377_/Q -> _122302_/D : -0.548908
[setup in-reg] wbs_adr_i[8] -> _126769_/D : -0.548226
[setup reg-reg] _124111_/Q -> _124044_/D : -0.542265
[setup reg-reg] _123261_/Q -> _123198_/D : -0.537675
[setup in-reg] wbs_adr_i[8] -> _126768_/D : -0.535909
[setup in-reg] wbs_adr_i[8] -> _126963_/D : -0.531308
[setup in-reg] wb_rst_i -> _126474_/D : -0.528441
[setup in-reg] wbs_adr_i[8] -> _126771_/D : -0.519162
[setup in-reg] wbs_adr_i[8] -> _126964_/D : -0.517318
[setup in-reg] wbs_adr_i[8] -> _126962_/D : -0.515030
[setup in-reg] wbs_adr_i[8] -> _126772_/D : -0.513243
[setup in-reg] wbs_adr_i[8] -> _126965_/D : -0.512454
[setup in-reg] wbs_adr_i[8] -> _127038_/D : -0.511978
[setup reg-reg] _122369_/Q -> _122032_/D : -0.508155
[setup reg-reg] _122876_/Q -> _122538_/D : -0.508059
[setup reg-reg] _122553_/Q -> _122205_/D : -0.504524
[setup in-reg] wbs_adr_i[8] -> _126959_/D : -0.503533
[setup reg-reg] _124206_/Q -> _124142_/D : -0.502265
[setup reg-reg] _123256_/Q -> _122913_/D : -0.502109
[setup reg-reg] _124053_/Q -> _123715_/D : -0.499504
[setup reg-reg] _123638_/Q -> _123572_/D : -0.495373
[setup in-reg] wb_rst_i -> _126472_/D : -0.491983
[setup reg-reg] _121998_/Q -> _121930_/D : -0.490150
[setup in-reg] wbs_adr_i[8] -> _127040_/D : -0.487013
[setup in-reg] wbs_adr_i[8] -> _127039_/D : -0.486363
[setup in-reg] wbs_adr_i[8] -> _126958_/D : -0.476291
[setup in-reg] wbs_adr_i[8] -> _127043_/D : -0.476184
[setup reg-reg] _124111_/Q -> _124043_/D : -0.473310
[setup reg-reg] _121463_/Q -> _121453_/D : -0.464716
[setup reg-reg] _123958_/Q -> _123621_/D : -0.462993
[setup reg-reg] _122652_/Q -> _122585_/D : -0.462240
[setup reg-reg] _122131_/Q -> _121781_/D : -0.460084
[setup reg-reg] _122131_/Q -> _121782_/D : -0.459455
[setup in-reg] wbs_adr_i[8] -> _127041_/D : -0.458023
[setup in-reg] wb_rst_i -> _126477_/D : -0.457792
[setup reg-reg] _124342_/Q -> _124233_/D : -0.449464
[setup reg-reg] _121463_/Q -> _121454_/D : -0.448789
[setup in-reg] wbs_adr_i[8] -> _127042_/D : -0.448306
[setup in-reg] wbs_adr_i[8] -> _127045_/D : -0.444409
[setup reg-reg] _126541_/Q -> _123945_/D : -0.440679
[setup reg-reg] _123023_/Q -> _122687_/D : -0.435062
[setup in-reg] wbs_adr_i[8] -> _126960_/D : -0.433154
[setup reg-reg] _123737_/Q -> _123662_/D : -0.425676
[setup reg-reg] _121500_/Q -> _121491_/D : -0.420219
[setup reg-reg] _122079_/Q -> _121736_/D : -0.417547
[setup reg-reg] _122453_/Q -> _122110_/D : -0.415532
[setup reg-reg] _124053_/Q -> _123716_/D : -0.411447
[setup reg-reg] _121761_/Q -> _121691_/D : -0.409031
[setup reg-reg] _126541_/Q -> _123940_/D : -0.408892
[setup in-reg] wbs_adr_i[8] -> _126961_/D : -0.404565
[setup reg-reg] _121991_/Q -> _121649_/D : -0.403325
[setup reg-reg] _123409_/Q -> _123339_/D : -0.402878
[setup in-reg] wb_rst_i -> _126476_/D : -0.402494
[setup reg-reg] _122876_/Q -> _122537_/D : -0.399428
[setup reg-reg] _126438_/Q -> _123486_/D : -0.397986
[setup reg-reg] _122221_/Q -> _121880_/D : -0.395485
[setup reg-reg] _122131_/Q -> _121777_/D : -0.382769
[setup reg-reg] _123832_/Q -> _123765_/D : -0.379448
[setup reg-reg] _122829_/Q -> _122485_/D : -0.377259
[setup reg-reg] _123261_/Q -> _123190_/D : -0.366221
[setup reg-reg] _121582_/Q -> _121575_/D : -0.361258
[setup reg-reg] _123737_/Q -> _123655_/D : -0.359609
[setup reg-reg] _122369_/Q -> _122030_/D : -0.359467
[setup reg-reg] _122876_/Q -> _122535_/D : -0.355076
[setup reg-reg] _126544_/Q -> _123898_/D : -0.353946
[setup reg-reg] _126485_/Q -> _121614_/D : -0.352475
[setup reg-reg] _122742_/Q -> _122399_/D : -0.352461
[setup reg-reg] _123261_/Q -> _123193_/D : -0.344151
[setup reg-reg] _122221_/Q -> _121886_/D : -0.343778
[setup reg-reg] _122221_/Q -> _121879_/D : -0.336851
[setup reg-reg] _123409_/Q -> _123340_/D : -0.334978
[setup reg-reg] _121998_/Q -> _121927_/D : -0.333880
[setup reg-reg] _122512_/Q -> _122435_/D : -0.329674
[setup reg-reg] _122699_/Q -> _122358_/D : -0.318323
[setup reg-reg] _123778_/Q -> _123433_/D : -0.311772
[setup reg-reg] _122230_/Q -> _122166_/D : -0.309200
[setup reg-reg] _123869_/Q -> _123534_/D : -0.303668
[setup reg-reg] _124111_/Q -> _124037_/D : -0.297032
[setup reg-reg] _126485_/Q -> _121613_/D : -0.288562
[setup reg-reg] _123409_/Q -> _123335_/D : -0.284654
[setup reg-reg] _123869_/Q -> _123531_/D : -0.282434
[setup reg-reg] _126438_/Q -> _123477_/D : -0.274817
[setup reg-reg] _126485_/Q -> _121611_/D : -0.268642
[setup reg-reg] _123403_/Q -> _123056_/D : -0.268610
[setup reg-reg] _122795_/Q -> _122434_/D : -0.266155
[setup in-reg] wbs_adr_i[10] -> _127315_/D : -0.256364
[setup reg-reg] _122221_/Q -> _121885_/D : -0.248114
[setup reg-reg] _126541_/Q -> _123941_/D : -0.247372
[setup in-reg] wbs_adr_i[10] -> _127313_/D : -0.243386
[setup reg-reg] _123737_/Q -> _123659_/D : -0.235751
[setup in-reg] wbs_adr_i[10] -> _126762_/D : -0.232710
[setup reg-reg] _126526_/Q -> _123994_/D : -0.227697
[setup reg-reg] _122652_/Q -> _122582_/D : -0.223167
[setup reg-reg] _124161_/Q -> _124091_/D : -0.196145
[setup reg-reg] _122377_/Q -> _122301_/D : -0.193474
[setup reg-reg] _121991_/Q -> _121652_/D : -0.191321
[setup reg-reg] _126438_/Q -> _123478_/D : -0.189232
[setup reg-reg] _123359_/Q -> _123293_/D : -0.185615
[setup reg-reg] _122932_/Q -> _122864_/D : -0.179760
[setup in-reg] wbs_adr_i[10] -> _126764_/D : -0.172822
[setup reg-reg] _122079_/Q -> _121735_/D : -0.170811
[setup reg-reg] _122973_/Q -> _122628_/D : -0.169774
[setup reg-reg] _126448_/Q -> _123099_/D : -0.169077
[setup reg-reg] _123301_/Q -> _122961_/D : -0.168384
[setup in-reg] wbs_adr_i[8] -> _126643_/D : -0.157833
[setup reg-reg] _123075_/Q -> _122729_/D : -0.156788
[setup reg-reg] _122982_/Q -> _122908_/D : -0.155659
[setup reg-reg] _122699_/Q -> _122355_/D : -0.155548
[setup in-reg] wb_rst_i -> _126471_/D : -0.150052
[setup reg-reg] _126526_/Q -> _123991_/D : -0.148756
[setup reg-reg] _123958_/Q -> _123618_/D : -0.147761
[setup reg-reg] _123403_/Q -> _123055_/D : -0.141309
[setup reg-reg] _124342_/Q -> _124238_/D : -0.141135
[setup in-reg] wbs_adr_i[10] -> _126765_/D : -0.137138
[setup reg-reg] _126485_/Q -> _121607_/D : -0.133603
[setup reg-reg] _124206_/Q -> _124133_/D : -0.128914
[setup reg-reg] _122412_/Q -> _122068_/D : -0.125620
[setup reg-reg] _122652_/Q -> _122584_/D : -0.124842
[setup reg-reg] _126526_/Q -> _123996_/D : -0.124746
[setup reg-reg] _124104_/Q -> _123763_/D : -0.124420
[setup reg-reg] _122889_/Q -> _122815_/D : -0.123102
[setup reg-reg] _123869_/Q -> _123537_/D : -0.120117
[setup reg-reg] _122367_/Q -> _122029_/D : -0.110251
[setup reg-reg] _124206_/Q -> _124134_/D : -0.109534
[setup reg-reg] _124153_/Q -> _123814_/D : -0.105576
[setup reg-reg] _122742_/Q -> _122406_/D : -0.099703
[setup reg-reg] _126544_/Q -> _123903_/D : -0.097753
[setup reg-reg] _126526_/Q -> _123993_/D : -0.095916
[setup reg-reg] _123737_/Q -> _123658_/D : -0.093348
[setup reg-reg] _122932_/Q -> _122866_/D : -0.092545
[setup in-reg] wbs_adr_i[8] -> _121211_/D : -0.086523
[setup reg-reg] _122377_/Q -> _122300_/D : -0.083432
[setup reg-reg] _122512_/Q -> _122436_/D : -0.080377
[setup reg-reg] _123119_/Q -> _122774_/D : -0.078970
[setup reg-reg] _121424_/Q -> _121407_/D : -0.078433
[setup in-reg] wbs_adr_i[8] -> _126579_/D : -0.069964
[setup reg-reg] _121500_/Q -> _121494_/D : -0.069058
[setup reg-reg] _122230_/Q -> _122161_/D : -0.063270
[setup in-reg] wbs_adr_i[10] -> _127208_/D : -0.063128
[setup reg-reg] _122326_/Q -> _122258_/D : -0.059742
[setup reg-reg] _124053_/Q -> _123718_/D : -0.056939
[setup in-reg] wbs_adr_i[8] -> _121208_/D : -0.056843
[setup reg-reg] _121991_/Q -> _121644_/D : -0.055998
[setup reg-reg] _124153_/Q -> _123807_/D : -0.052275
[setup reg-reg] _121467_/Q -> _121451_/D : -0.050566
[setup in-reg] wbs_adr_i[10] -> _127328_/D : -0.048665
[setup in-reg] wbs_adr_i[8] -> _121213_/D : -0.037101
[setup reg-reg] _121541_/Q -> _121531_/D : -0.037023
[setup in-reg] wbs_adr_i[10] -> _127213_/D : -0.034600
[setup reg-reg] _123638_/Q -> _123571_/D : -0.033577
[setup reg-reg] _121383_/Q -> _121367_/D : -0.031463
[setup in-reg] wbs_adr_i[8] -> _121210_/D : -0.029790
[setup in-reg] wbs_adr_i[10] -> _127209_/D : -0.025079
[setup reg-reg] _122176_/Q -> _121830_/D : -0.021540
[setup reg-reg] _121424_/Q -> _121411_/D : -0.018893
[setup reg-reg] _123583_/Q -> _123241_/D : -0.018176
[setup in-reg] wbs_adr_i[8] -> _121207_/D : -0.011010
[setup in-reg] wbs_adr_i[10] -> _126608_/D : -0.008306
[setup reg-reg] _126471_/Q -> _121972_/D : -0.003183
[setup in-reg] wbs_adr_i[10] -> _127326_/D : -0.003162
[setup in-reg] wbs_adr_i[8] -> _126638_/D : -0.002029
[setup in-reg] wbs_adr_i[8] -> _121209_/D : -0.001116
