     0.00ns INFO     cocotb                              [caravel] start powering up
   225.00ns INFO     cocotb                              [caravel] power up -> connect vdd
   225.00ns INFO     cocotb                              [caravel] power up -> connect vcc
   475.00ns INFO     cocotb                              [caravel] disable housekeeping SPI transmission
   525.00ns INFO     cocotb                              [caravel] start resetting
  1050.00ns INFO     cocotb                              [caravel] finish resetting
  1325.00ns INFO     cocotb                             [TEST] Starting Matrix Multiplier VERSION Register Test
  1325.00ns INFO     cocotb                             [TEST] Address: 0x3000000C
  1325.00ns INFO     cocotb                             [TEST] Expected: 0xA7770001
  1325.00ns INFO     cocotb                             [TEST] Waiting for firmware ready...
546175.00ns INFO     cocotb                             [TEST] Firmware ready - releasing CSB
546175.00ns INFO     cocotb                              [caravel] release housekeeping SPI transmission
546200.00ns INFO     cocotb                             [TEST] Firmware reading VERSION register...
658325.00ns INFO     cocotb                             [TEST] ========================================
658325.00ns INFO     cocotb                             [TEST] VERSION Register Test PASSED
658325.00ns INFO     cocotb                             [TEST] ========================================
658325.00ns INFO     cocotb                             Test passed with (0)criticals (0)errors (0)warnings 
658325.00ns INFO     cocotb                             Cycles consumed = 26333 recommened timeout = 28967 cycles
658325.00ns INFO     cocotb.regression                  report_test.<locals>.wrapper_func [32mpassed[49m[39m
658325.00ns INFO     cocotb.regression                  *****************************************************************************************************************************************************
                                                        ** TEST                                                                                         STATUS  SIM TIME (ns)  REAL TIME (s)  RATIO (ns/s) **
                                                        *****************************************************************************************************************************************************
                                                        ** caravel_cocotb.interfaces.common_functions.test_functions.report_test.<locals>.wrapper_func  [32m PASS [49m[39m     658325.00           7.87      83641.55  **
                                                        *****************************************************************************************************************************************************
                                                        ** TESTS=1 PASS=1 FAIL=0 SKIP=0                                                                            658325.00           7.92      83150.00  **
                                                        *****************************************************************************************************************************************************
                                                        
