Clock: clk
Sources: wb_clk_i 
Generated: no
Virtual: yes
Propagated: no
Period: 25.000000

===========================================================================
report_clock_properties
============================================================================
Clock                   Period          Waveform
----------------------------------------------------
clk                  25.000000    0.000000 12.500000

===========================================================================
report_clock_latency
============================================================================
Clock clk
rise -> rise
    min     max
4.650000 5.570000 source latency
6.805896         network latency _126117_/CLK
        8.159512 network latency _127266_/CLK
---------------
11.455896 13.729512 latency
        2.273616 skew

fall -> fall
    min     max
4.650000 5.570000 source latency
6.876206         network latency _126117_/CLK
        8.152199 network latency _127266_/CLK
---------------
11.526206 13.722198 latency
        2.195993 skew



===========================================================================
report_clock_min_period
============================================================================
clk period_min = 15.25 fmax = 65.57
