Clock: clk
Sources: wb_clk_i 
Generated: no
Virtual: yes
Propagated: no
Period: 25.000000

===========================================================================
report_clock_properties
============================================================================
Clock                   Period          Waveform
----------------------------------------------------
clk                  25.000000    0.000000 12.500000

===========================================================================
report_clock_latency
============================================================================
Clock clk
rise -> rise
    min     max
4.650000 5.570000 source latency
6.379864         network latency _123450_/CLK
        7.748812 network latency _127280_/CLK
---------------
11.029863 13.318811 latency
        2.288948 skew

fall -> fall
    min     max
4.650000 5.570000 source latency
6.347273         network latency _123540_/CLK
        7.639884 network latency _127280_/CLK
---------------
10.997272 13.209884 latency
        2.212610 skew



===========================================================================
report_clock_min_period
============================================================================
clk period_min = 14.50 fmax = 68.96
