Clock: clk
Sources: wb_clk_i 
Generated: no
Virtual: yes
Propagated: no
Period: 25.000000

===========================================================================
report_clock_properties
============================================================================
Clock                   Period          Waveform
----------------------------------------------------
clk                  25.000000    0.000000 12.500000

===========================================================================
report_clock_latency
============================================================================
Clock clk
rise -> rise
    min     max
4.650000 5.570000 source latency
6.045001         network latency _126117_/CLK
        7.242012 network latency _125207_/CLK
---------------
10.695001 12.812013 latency
        2.117012 skew

fall -> fall
    min     max
4.650000 5.570000 source latency
6.223822         network latency _126117_/CLK
        7.378715 network latency _125207_/CLK
---------------
10.873821 12.948714 latency
        2.074893 skew



===========================================================================
report_clock_min_period
============================================================================
clk period_min = 9.75 fmax = 102.56
