Clock: clk
Sources: wb_clk_i 
Generated: no
Virtual: yes
Propagated: no
Period: 25.000000

===========================================================================
report_clock_properties
============================================================================
Clock                   Period          Waveform
----------------------------------------------------
clk                  25.000000    0.000000 12.500000

===========================================================================
report_clock_latency
============================================================================
Clock clk
rise -> rise
    min     max
4.650000 5.570000 source latency
7.780208         network latency _123450_/CLK
        9.521978 network latency _127280_/CLK
---------------
12.430208 15.091978 latency
        2.661770 skew

fall -> fall
    min     max
4.650000 5.570000 source latency
7.548669         network latency _123450_/CLK
        9.143991 network latency _127280_/CLK
---------------
12.198669 14.713990 latency
        2.515321 skew



===========================================================================
report_clock_min_period
============================================================================
clk period_min = 28.57 fmax = 35.00
