
===========================================================================
Violator List
============================================================================
[setup in-reg] wbs_adr_i[3] -> _124307_/D : -4.293128
[setup in-reg] wbs_adr_i[3] -> _124306_/D : -4.017359
[setup in-reg] wbs_adr_i[3] -> _124300_/D : -3.844683
[setup in-reg] wbs_adr_i[4] -> _124297_/D : -3.828173
[setup in-reg] wbs_adr_i[3] -> _124311_/D : -3.822542
[setup in-reg] wbs_adr_i[4] -> _124327_/D : -3.732051
[setup in-reg] wbs_adr_i[4] -> _124313_/D : -3.689010
[setup in-reg] wbs_adr_i[4] -> _124323_/D : -3.686363
[setup in-reg] wbs_adr_i[4] -> _124308_/D : -3.642175
[setup in-reg] wbs_adr_i[4] -> _124312_/D : -3.609845
[setup in-reg] wbs_adr_i[4] -> _124321_/D : -3.590422
[setup in-reg] wbs_adr_i[4] -> _124316_/D : -3.536460
[setup in-reg] wbs_adr_i[3] -> _124299_/D : -3.459075
[setup in-reg] wbs_adr_i[4] -> _124318_/D : -3.447024
[setup in-reg] wbs_adr_i[3] -> _124298_/D : -3.408793
[setup in-reg] wbs_adr_i[3] -> _124302_/D : -3.382070
[setup in-reg] wbs_adr_i[4] -> _124317_/D : -3.308110
[setup in-reg] wbs_adr_i[3] -> _124303_/D : -3.305175
[setup reg-reg] _123585_/Q -> _123251_/D : -3.292328
[setup in-reg] wbs_adr_i[3] -> _124304_/D : -3.245351
[setup in-reg] wbs_adr_i[4] -> _124296_/D : -3.238501
[setup in-reg] wbs_adr_i[4] -> _124326_/D : -3.197457
[setup reg-reg] _123585_/Q -> _123250_/D : -3.057139
[setup reg-reg] _122083_/Q -> _121746_/D : -3.052776
[setup reg-reg] _123585_/Q -> _123247_/D : -3.009717
[setup in-reg] wbs_adr_i[4] -> _124305_/D : -3.004839
[setup in-reg] wbs_adr_i[4] -> _124310_/D : -2.974968
[setup reg-reg] _123729_/Q -> _123395_/D : -2.942446
[setup in-reg] wbs_adr_i[3] -> _124301_/D : -2.920032
[setup reg-reg] _126494_/Q -> _124193_/D : -2.911765
[setup reg-reg] _122131_/Q -> _121794_/D : -2.871179
[setup in-reg] wbs_adr_i[4] -> _124315_/D : -2.859679
[setup reg-reg] _121542_/Q -> _121539_/D : -2.846285
[setup reg-reg] _123585_/Q -> _123248_/D : -2.827466
[setup in-reg] wbs_adr_i[4] -> _124325_/D : -2.809358
[setup reg-reg] _122376_/Q -> _122312_/D : -2.796025
[setup in-reg] wbs_adr_i[4] -> _124309_/D : -2.769358
[setup reg-reg] _122554_/Q -> _122219_/D : -2.755549
[setup reg-reg] _122376_/Q -> _122314_/D : -2.755197
[setup reg-reg] _122982_/Q -> _122914_/D : -2.751538
[setup reg-reg] _122376_/Q -> _122315_/D : -2.738549
[setup reg-reg] _123729_/Q -> _123393_/D : -2.737810
[setup in-reg] wbs_adr_i[3] -> _124320_/D : -2.735156
[setup in-reg] wbs_adr_i[4] -> _124324_/D : -2.728445
[setup reg-reg] _122083_/Q -> _121743_/D : -2.723862
[setup reg-reg] _123729_/Q -> _123391_/D : -2.716519
[setup reg-reg] _123729_/Q -> _123386_/D : -2.709609
[setup reg-reg] _121542_/Q -> _121538_/D : -2.709530
[setup in-reg] wbs_adr_i[4] -> _124322_/D : -2.697927
[setup in-reg] wbs_adr_i[8] -> _126993_/D : -2.668301
[setup in-reg] wbs_adr_i[8] -> _126992_/D : -2.655867
[setup in-reg] wbs_adr_i[8] -> _126686_/D : -2.644423
[setup in-reg] wbs_adr_i[8] -> _126991_/D : -2.642121
[setup in-reg] wbs_adr_i[8] -> _126994_/D : -2.635282
[setup in-reg] wbs_adr_i[8] -> _126990_/D : -2.630024
[setup in-reg] wbs_adr_i[8] -> _126692_/D : -2.623654
[setup in-reg] wbs_adr_i[8] -> _126996_/D : -2.621871
[setup in-reg] wbs_adr_i[8] -> _126995_/D : -2.621494
[setup reg-reg] _122604_/Q -> _122546_/D : -2.613781
[setup in-reg] wbs_adr_i[8] -> _126786_/D : -2.609959
[setup in-reg] wbs_adr_i[8] -> _126784_/D : -2.609241
[setup in-reg] wbs_adr_i[8] -> _126997_/D : -2.604338
[setup in-reg] wbs_adr_i[8] -> _126690_/D : -2.602047
[setup reg-reg] _123585_/Q -> _123249_/D : -2.599709
[setup reg-reg] _122376_/Q -> _122313_/D : -2.596952
[setup reg-reg] _123502_/Q -> _123440_/D : -2.592110
[setup in-reg] wbs_adr_i[8] -> _126687_/D : -2.588290
[setup in-reg] wbs_adr_i[8] -> _126688_/D : -2.586198
[setup in-reg] wbs_adr_i[8] -> _126785_/D : -2.583011
[setup in-reg] wbs_adr_i[8] -> _126689_/D : -2.579252
[setup in-reg] wbs_adr_i[8] -> _126788_/D : -2.575504
[setup in-reg] wbs_adr_i[8] -> _126787_/D : -2.570555
[setup in-reg] wbs_adr_i[8] -> _126789_/D : -2.565574
[setup in-reg] wbs_adr_i[8] -> _126783_/D : -2.555243
[setup reg-reg] _126494_/Q -> _124192_/D : -2.547893
[setup reg-reg] _121460_/Q -> _121459_/D : -2.544159
[setup in-reg] wbs_adr_i[8] -> _127395_/D : -2.538048
[setup in-reg] wbs_adr_i[4] -> _124319_/D : -2.536407
[setup reg-reg] _123027_/Q -> _122690_/D : -2.533088
[setup reg-reg] _122976_/Q -> _122642_/D : -2.532950
[setup reg-reg] _122976_/Q -> _122640_/D : -2.530776
[setup in-reg] wbs_adr_i[4] -> _124314_/D : -2.506237
[setup reg-reg] _123585_/Q -> _123245_/D : -2.483351
[setup reg-reg] _122083_/Q -> _121745_/D : -2.480490
[setup reg-reg] _123502_/Q -> _123443_/D : -2.479478
[setup in-reg] wbs_adr_i[8] -> _127393_/D : -2.473037
[setup in-reg] wbs_adr_i[8] -> _124283_/D : -2.445606
[setup reg-reg] _126548_/Q -> _123912_/D : -2.443596
[setup in-reg] wbs_adr_i[8] -> _127397_/D : -2.435552
[setup in-reg] wbs_adr_i[8] -> _127394_/D : -2.429534
[setup reg-reg] _126548_/Q -> _123913_/D : -2.428127
[setup reg-reg] _122740_/Q -> _122410_/D : -2.423544
[setup in-reg] wbs_adr_i[8] -> _124279_/D : -2.407276
[setup in-reg] wbs_adr_i[8] -> _124280_/D : -2.406704
[setup in-reg] wbs_adr_i[8] -> _127392_/D : -2.406321
[setup reg-reg] _123451_/Q -> _123115_/D : -2.405276
[setup in-reg] wbs_adr_i[8] -> _124277_/D : -2.393723
[setup in-reg] wbs_adr_i[8] -> _124278_/D : -2.391388
[setup in-reg] wbs_adr_i[8] -> _127391_/D : -2.390678
[setup reg-reg] _123407_/Q -> _123346_/D : -2.386020
[setup in-reg] wbs_adr_i[8] -> _127396_/D : -2.382201
[setup in-reg] wbs_adr_i[8] -> _127390_/D : -2.380659
[setup in-reg] wbs_adr_i[8] -> _124281_/D : -2.377412
[setup in-reg] wbs_adr_i[8] -> _124282_/D : -2.375224
[setup in-reg] wbs_adr_i[8] -> _124284_/D : -2.372211
[setup reg-reg] _122510_/Q -> _122451_/D : -2.370406
[setup reg-reg] _123729_/Q -> _123394_/D : -2.356877
[setup reg-reg] _124005_/Q -> _123675_/D : -2.355677
[setup reg-reg] _123919_/Q -> _123575_/D : -2.353101
[setup reg-reg] _123357_/Q -> _123297_/D : -2.345818
[setup reg-reg] _122324_/Q -> _122263_/D : -2.315190
[setup reg-reg] _126494_/Q -> _124187_/D : -2.314423
[setup reg-reg] _122083_/Q -> _121740_/D : -2.307811
[setup reg-reg] _123585_/Q -> _123246_/D : -2.289468
[setup reg-reg] _123729_/Q -> _123390_/D : -2.283404
[setup reg-reg] _122376_/Q -> _122311_/D : -2.275556
[setup reg-reg] _122083_/Q -> _121742_/D : -2.272540
[setup reg-reg] _122452_/Q -> _122123_/D : -2.269452
[setup reg-reg] _126494_/Q -> _124195_/D : -2.266269
[setup reg-reg] _126548_/Q -> _123911_/D : -2.261960
[setup reg-reg] _122324_/Q -> _122265_/D : -2.261864
[setup reg-reg] _122131_/Q -> _121791_/D : -2.246960
[setup reg-reg] _123260_/Q -> _123197_/D : -2.245599
[setup reg-reg] _122273_/Q -> _121938_/D : -2.227551
[setup reg-reg] _122452_/Q -> _122121_/D : -2.225754
[setup reg-reg] _123260_/Q -> _123203_/D : -2.224841
[setup reg-reg] _122604_/Q -> _122544_/D : -2.222148
[setup reg-reg] _123260_/Q -> _123200_/D : -2.220514
[setup reg-reg] _122083_/Q -> _121747_/D : -2.193008
[setup in-reg] wbs_adr_i[8] -> _127362_/D : -2.183125
[setup reg-reg] _121460_/Q -> _121458_/D : -2.166459
[setup in-reg] wbs_adr_i[8] -> _127359_/D : -2.150557
[setup reg-reg] _126548_/Q -> _123915_/D : -2.145214
[setup in-reg] wbs_adr_i[8] -> _127364_/D : -2.140712
[setup in-reg] wbs_adr_i[8] -> _127358_/D : -2.139935
[setup reg-reg] _122083_/Q -> _121744_/D : -2.136829
[setup in-reg] wbs_adr_i[8] -> _127365_/D : -2.134854
[setup in-reg] wbs_adr_i[8] -> _127361_/D : -2.131639
[setup reg-reg] _122176_/Q -> _121841_/D : -2.124430
[setup reg-reg] _123878_/Q -> _123818_/D : -2.119506
[setup reg-reg] _123878_/Q -> _123819_/D : -2.119282
[setup reg-reg] _122510_/Q -> _122449_/D : -2.108557
[setup reg-reg] _122452_/Q -> _122118_/D : -2.107541
[setup reg-reg] _122452_/Q -> _122120_/D : -2.105932
[setup in-reg] wbs_adr_i[8] -> _127363_/D : -2.102283
[setup in-reg] wbs_adr_i[8] -> _127360_/D : -2.099832
[setup in-reg] wbs_adr_i[8] -> _127335_/D : -2.088637
[setup reg-reg] _122324_/Q -> _122264_/D : -2.088512
[setup reg-reg] _123300_/Q -> _122971_/D : -2.086736
[setup reg-reg] _123585_/Q -> _123243_/D : -2.085205
[setup reg-reg] _122510_/Q -> _122450_/D : -2.077982
[setup in-reg] wbs_adr_i[8] -> _127340_/D : -2.077531
[setup in-reg] wbs_adr_i[8] -> _127338_/D : -2.070177
[setup in-reg] wbs_adr_i[8] -> _127334_/D : -2.068862
[setup reg-reg] _123300_/Q -> _122962_/D : -2.064532
[setup reg-reg] _123687_/Q -> _123627_/D : -2.064351
[setup reg-reg] _123350_/Q -> _123016_/D : -2.060361
[setup reg-reg] _124208_/Q -> _124147_/D : -2.059256
[setup reg-reg] _123407_/Q -> _123341_/D : -2.055334
[setup reg-reg] _124345_/Q -> _124234_/D : -2.050914
[setup in-reg] wbs_adr_i[8] -> _127336_/D : -2.049120
[setup reg-reg] _123502_/Q -> _123442_/D : -2.041372
[setup reg-reg] _123260_/Q -> _123195_/D : -2.041109
[setup reg-reg] _123451_/Q -> _123113_/D : -2.041006
[setup reg-reg] _124058_/Q -> _123720_/D : -2.033723
[setup reg-reg] _123350_/Q -> _123019_/D : -2.033236
[setup reg-reg] _122368_/Q -> _122035_/D : -2.019487
[setup reg-reg] _126516_/Q -> _124095_/D : -2.014357
[setup reg-reg] _122176_/Q -> _121840_/D : -2.008207
[setup reg-reg] _122740_/Q -> _122409_/D : -1.996060
[setup reg-reg] _123126_/Q -> _123065_/D : -1.994430
[setup reg-reg] _123868_/Q -> _123530_/D : -1.988344
[setup reg-reg] _122131_/Q -> _121793_/D : -1.986845
[setup reg-reg] _122176_/Q -> _121843_/D : -1.983899
[setup reg-reg] _122131_/Q -> _121792_/D : -1.966235
[setup reg-reg] _123585_/Q -> _123244_/D : -1.966036
[setup reg-reg] _122976_/Q -> _122641_/D : -1.962825
[setup reg-reg] _122131_/Q -> _121790_/D : -1.962587
[setup reg-reg] _126548_/Q -> _123907_/D : -1.945899
[setup reg-reg] _123407_/Q -> _123345_/D : -1.936645
[setup reg-reg] _124208_/Q -> _124144_/D : -1.934680
[setup reg-reg] _123119_/Q -> _122781_/D : -1.923311
[setup reg-reg] _122083_/Q -> _121741_/D : -1.922384
[setup reg-reg] _124208_/Q -> _124143_/D : -1.921588
[setup reg-reg] _122324_/Q -> _122262_/D : -1.920835
[setup reg-reg] _122227_/Q -> _121889_/D : -1.913147
[setup reg-reg] _123729_/Q -> _123389_/D : -1.912717
[setup reg-reg] _122131_/Q -> _121795_/D : -1.910877
[setup reg-reg] _122976_/Q -> _122638_/D : -1.909065
[setup reg-reg] _124111_/Q -> _124043_/D : -1.908028
[setup reg-reg] _123119_/Q -> _122787_/D : -1.906962
[setup reg-reg] _123260_/Q -> _123191_/D : -1.905715
[setup reg-reg] _123493_/Q -> _123160_/D : -1.905310
[setup reg-reg] _123300_/Q -> _122967_/D : -1.901075
[setup reg-reg] _126494_/Q -> _124194_/D : -1.892879
[setup reg-reg] _122976_/Q -> _122643_/D : -1.892463
[setup reg-reg] _121542_/Q -> _121537_/D : -1.886953
[setup reg-reg] _124005_/Q -> _123670_/D : -1.886594
[setup reg-reg] _122834_/Q -> _122489_/D : -1.879901
[setup reg-reg] _123451_/Q -> _123114_/D : -1.861270
[setup reg-reg] _122324_/Q -> _122267_/D : -1.856559
[setup reg-reg] _122659_/Q -> _122595_/D : -1.855522
[setup reg-reg] _123493_/Q -> _123157_/D : -1.854105
[setup reg-reg] _123493_/Q -> _123163_/D : -1.854005
[setup reg-reg] _121500_/Q -> _121494_/D : -1.851255
[setup reg-reg] _124103_/Q -> _123771_/D : -1.850047
[setup reg-reg] _122452_/Q -> _122122_/D : -1.847944
[setup reg-reg] _123119_/Q -> _122783_/D : -1.847901
[setup reg-reg] _122376_/Q -> _122310_/D : -1.845244
[setup reg-reg] _123407_/Q -> _123344_/D : -1.843098
[setup reg-reg] _123126_/Q -> _123059_/D : -1.841080
[setup reg-reg] _123260_/Q -> _123199_/D : -1.838103
[setup reg-reg] _122452_/Q -> _122117_/D : -1.837368
[setup reg-reg] _122747_/Q -> _122403_/D : -1.832998
[setup reg-reg] _126468_/Q -> _122363_/D : -1.831179
[setup reg-reg] _123260_/Q -> _123202_/D : -1.831058
[setup reg-reg] _122227_/Q -> _121883_/D : -1.826596
[setup reg-reg] _126468_/Q -> _122361_/D : -1.821658
[setup reg-reg] _121542_/Q -> _121536_/D : -1.818155
[setup reg-reg] _122604_/Q -> _122540_/D : -1.813703
[setup reg-reg] _126438_/Q -> _123491_/D : -1.811589
[setup reg-reg] _126541_/Q -> _123943_/D : -1.809063
[setup reg-reg] _121763_/Q -> _121690_/D : -1.804565
[setup reg-reg] _123493_/Q -> _123158_/D : -1.804388
[setup reg-reg] _126548_/Q -> _123914_/D : -1.800796
[setup reg-reg] _126494_/Q -> _124185_/D : -1.791690
[setup reg-reg] _122604_/Q -> _122547_/D : -1.790816
[setup reg-reg] _124005_/Q -> _123674_/D : -1.788774
[setup reg-reg] _123502_/Q -> _123438_/D : -1.784091
[setup reg-reg] _123729_/Q -> _123387_/D : -1.782446
[setup reg-reg] _122740_/Q -> _122411_/D : -1.771223
[setup reg-reg] _122885_/Q -> _122827_/D : -1.771113
[setup reg-reg] _123126_/Q -> _123061_/D : -1.770243
[setup reg-reg] _122982_/Q -> _122920_/D : -1.768843
[setup reg-reg] _126533_/Q -> _123999_/D : -1.768250
[setup reg-reg] _122885_/Q -> _122818_/D : -1.767528
[setup reg-reg] _122502_/Q -> _122169_/D : -1.765407
[setup reg-reg] _122554_/Q -> _122216_/D : -1.764302
[setup reg-reg] _123126_/Q -> _123064_/D : -1.756316
[setup reg-reg] _126494_/Q -> _124186_/D : -1.755367
[setup reg-reg] _123493_/Q -> _123155_/D : -1.755005
[setup reg-reg] _123868_/Q -> _123539_/D : -1.751840
[setup reg-reg] _122324_/Q -> _122266_/D : -1.750230
[setup reg-reg] _123126_/Q -> _123067_/D : -1.746820
[setup reg-reg] _121940_/Q -> _121618_/D : -1.745892
[setup reg-reg] _121460_/Q -> _121456_/D : -1.743032
[setup reg-reg] _123919_/Q -> _123579_/D : -1.741167
[setup reg-reg] _121500_/Q -> _121497_/D : -1.740382
[setup reg-reg] _122376_/Q -> _122305_/D : -1.738456
[setup reg-reg] _121460_/Q -> _121455_/D : -1.736087
[setup reg-reg] _123729_/Q -> _123382_/D : -1.735291
[setup reg-reg] _122834_/Q -> _122499_/D : -1.729170
[setup reg-reg] _121763_/Q -> _121697_/D : -1.728740
[setup reg-reg] _122323_/Q -> _121985_/D : -1.726647
[setup reg-reg] _123868_/Q -> _123538_/D : -1.726612
[setup reg-reg] _121500_/Q -> _121495_/D : -1.726278
[setup reg-reg] _122227_/Q -> _121884_/D : -1.721453
[setup reg-reg] _123687_/Q -> _123623_/D : -1.718149
[setup reg-reg] _123493_/Q -> _123161_/D : -1.710802
[setup reg-reg] _123502_/Q -> _123436_/D : -1.707537
[setup reg-reg] _121582_/Q -> _121579_/D : -1.706130
[setup reg-reg] _123729_/Q -> _123392_/D : -1.706013
[setup reg-reg] _122324_/Q -> _122261_/D : -1.704635
[setup reg-reg] _122133_/Q -> _122065_/D : -1.704493
[setup reg-reg] _121381_/Q -> _121378_/D : -1.697678
[setup reg-reg] _126541_/Q -> _123953_/D : -1.696613
[setup reg-reg] _122604_/Q -> _122542_/D : -1.696279
[setup reg-reg] _123919_/Q -> _123578_/D : -1.694783
[setup reg-reg] _123919_/Q -> _123577_/D : -1.689536
[setup reg-reg] _123919_/Q -> _123574_/D : -1.671832
[setup reg-reg] _122510_/Q -> _122448_/D : -1.670266
[setup reg-reg] _126468_/Q -> _122358_/D : -1.664432
[setup reg-reg] _121990_/Q -> _121659_/D : -1.662709
[setup reg-reg] _122084_/Q -> _122034_/D : -1.661071
[setup reg-reg] _122176_/Q -> _121842_/D : -1.654328
[setup reg-reg] _122083_/Q -> _121737_/D : -1.654087
[setup reg-reg] _124208_/Q -> _124146_/D : -1.652371
[setup reg-reg] _123027_/Q -> _122682_/D : -1.649873
[setup reg-reg] _123407_/Q -> _123347_/D : -1.646729
[setup reg-reg] _122227_/Q -> _121886_/D : -1.641510
[setup reg-reg] _123027_/Q -> _122691_/D : -1.640476
[setup reg-reg] _126541_/Q -> _123954_/D : -1.637805
[setup reg-reg] _121582_/Q -> _121570_/D : -1.637531
[setup reg-reg] _122227_/Q -> _121888_/D : -1.632362
[setup reg-reg] _122227_/Q -> _121877_/D : -1.632337
[setup reg-reg] _123729_/Q -> _123381_/D : -1.628287
[setup reg-reg] _123119_/Q -> _122784_/D : -1.622144
[setup reg-reg] _126541_/Q -> _123947_/D : -1.619220
[setup reg-reg] _121500_/Q -> _121493_/D : -1.616467
[setup reg-reg] _121763_/Q -> _121689_/D : -1.613969
[setup in-reg] wbs_adr_i[7] -> _126429_/D : -1.610076
[setup reg-reg] _123260_/Q -> _123194_/D : -1.604843
[setup reg-reg] _123502_/Q -> _123441_/D : -1.604310
[setup reg-reg] _122176_/Q -> _121839_/D : -1.582979
[setup reg-reg] _122452_/Q -> _122109_/D : -1.582610
[setup reg-reg] _124208_/Q -> _124141_/D : -1.576428
[setup reg-reg] _122554_/Q -> _122213_/D : -1.574449
[setup reg-reg] _126457_/Q -> _122733_/D : -1.574168
[setup reg-reg] _123687_/Q -> _123625_/D : -1.570779
[setup reg-reg] _122740_/Q -> _122408_/D : -1.566036
[setup reg-reg] _121542_/Q -> _121529_/D : -1.565621
[setup reg-reg] _123126_/Q -> _123060_/D : -1.563858
[setup reg-reg] _124103_/Q -> _123770_/D : -1.562448
[setup reg-reg] _122227_/Q -> _121891_/D : -1.561339
[setup in-reg] wbs_adr_i[7] -> _124338_/D : -1.557776
[setup reg-reg] _126437_/Q -> _123866_/D : -1.554501
[setup reg-reg] _123260_/Q -> _123198_/D : -1.552294
[setup reg-reg] _121763_/Q -> _121692_/D : -1.552277
[setup reg-reg] _122982_/Q -> _122910_/D : -1.539110
[setup reg-reg] _123687_/Q -> _123626_/D : -1.539025
[setup reg-reg] _122747_/Q -> _122399_/D : -1.538030
[setup reg-reg] _123729_/Q -> _123385_/D : -1.537618
[setup reg-reg] _121500_/Q -> _121490_/D : -1.534126
[setup reg-reg] _123407_/Q -> _123338_/D : -1.531909
[setup reg-reg] _124005_/Q -> _123671_/D : -1.530683
[setup reg-reg] _121990_/Q -> _121656_/D : -1.527791
[setup reg-reg] _123407_/Q -> _123343_/D : -1.519457
[setup reg-reg] _126468_/Q -> _122355_/D : -1.514799
[setup reg-reg] _123119_/Q -> _122786_/D : -1.514305
[setup reg-reg] _122452_/Q -> _122114_/D : -1.512955
[setup reg-reg] _122227_/Q -> _121880_/D : -1.512259
[setup reg-reg] _123260_/Q -> _123201_/D : -1.511189
[setup reg-reg] _126457_/Q -> _122739_/D : -1.502745
[setup reg-reg] _122604_/Q -> _122545_/D : -1.498918
[setup reg-reg] _126541_/Q -> _123949_/D : -1.491216
[setup reg-reg] _121500_/Q -> _121499_/D : -1.467395
[setup reg-reg] _123260_/Q -> _123190_/D : -1.466685
[setup reg-reg] _124111_/Q -> _124042_/D : -1.466592
[setup reg-reg] _122834_/Q -> _122498_/D : -1.462944
[setup reg-reg] _126397_/Q -> _126421_/D : -1.461924
[setup reg-reg] _122131_/Q -> _121789_/D : -1.460816
[setup reg-reg] _126438_/Q -> _123490_/D : -1.457934
[setup reg-reg] _123493_/Q -> _123162_/D : -1.457337
[setup reg-reg] _124103_/Q -> _123768_/D : -1.455366
[setup reg-reg] _122376_/Q -> _122309_/D : -1.455135
[setup reg-reg] _121700_/Q -> _121416_/D : -1.454705
[setup reg-reg] _124005_/Q -> _123673_/D : -1.452033
[setup reg-reg] _122834_/Q -> _122496_/D : -1.448253
[setup reg-reg] _123493_/Q -> _123154_/D : -1.436259
[setup reg-reg] _123357_/Q -> _123299_/D : -1.436199
[setup reg-reg] _121700_/Q -> _121419_/D : -1.434994
[setup reg-reg] _122133_/Q -> _122073_/D : -1.429015
[setup reg-reg] _123832_/Q -> _123757_/D : -1.428315
[setup reg-reg] _122131_/Q -> _121788_/D : -1.424549
[setup reg-reg] _123585_/Q -> _123241_/D : -1.424016
[setup reg-reg] _122452_/Q -> _122119_/D : -1.423452
[setup reg-reg] _122885_/Q -> _122824_/D : -1.422567
[setup reg-reg] _123451_/Q -> _123111_/D : -1.420002
[setup reg-reg] _123493_/Q -> _123159_/D : -1.405635
[setup reg-reg] _123205_/Q -> _122863_/D : -1.402928
[setup reg-reg] _126438_/Q -> _123488_/D : -1.402171
[setup reg-reg] _123357_/Q -> _123298_/D : -1.390408
[setup reg-reg] _122324_/Q -> _122259_/D : -1.390184
[setup reg-reg] _123407_/Q -> _123340_/D : -1.389747
[setup reg-reg] _126468_/Q -> _122362_/D : -1.389246
[setup reg-reg] _121500_/Q -> _121496_/D : -1.387523
[setup reg-reg] _122452_/Q -> _122116_/D : -1.386802
[setup reg-reg] _123451_/Q -> _123112_/D : -1.384901
[setup reg-reg] _123126_/Q -> _123063_/D : -1.375060
[setup reg-reg] _122554_/Q -> _122218_/D : -1.374378
[setup reg-reg] _122452_/Q -> _122111_/D : -1.371060
[setup reg-reg] _123126_/Q -> _123066_/D : -1.369052
[setup reg-reg] _124103_/Q -> _123769_/D : -1.364754
[setup reg-reg] _123493_/Q -> _123151_/D : -1.357449
[setup reg-reg] _126457_/Q -> _122737_/D : -1.355428
[setup reg-reg] _126457_/Q -> _122738_/D : -1.349708
[setup in-reg] wbs_adr_i[8] -> _121193_/D : -1.343828
[setup in-reg] wbs_adr_i[8] -> _121192_/D : -1.340119
[setup reg-reg] _121763_/Q -> _121696_/D : -1.339718
[setup in-reg] wbs_adr_i[8] -> _121195_/D : -1.338240
[setup in-reg] wbs_adr_i[8] -> _127422_/D : -1.332893
[setup reg-reg] _122982_/Q -> _122921_/D : -1.332488
[setup reg-reg] _123832_/Q -> _123758_/D : -1.332456
[setup in-reg] wbs_adr_i[8] -> _127423_/D : -1.332339
[setup in-reg] wbs_adr_i[8] -> _121194_/D : -1.330619
[setup reg-reg] _126543_/Q -> _123909_/D : -1.326246
[setup in-reg] wbs_adr_i[8] -> _121196_/D : -1.321535
[setup reg-reg] _123493_/Q -> _123156_/D : -1.319336
[setup reg-reg] _122227_/Q -> _121879_/D : -1.318629
[setup reg-reg] _123260_/Q -> _123193_/D : -1.309928
[setup reg-reg] _123119_/Q -> _122777_/D : -1.309349
[setup in-reg] wbs_adr_i[8] -> _121197_/D : -1.308869
[setup reg-reg] _122976_/Q -> _122636_/D : -1.305850
[setup reg-reg] _126457_/Q -> _122735_/D : -1.302219
[setup reg-reg] _122083_/Q -> _121739_/D : -1.297934
[setup reg-reg] _122740_/Q -> _122404_/D : -1.296179
[setup reg-reg] _122227_/Q -> _121885_/D : -1.295049
[setup reg-reg] _121763_/Q -> _121694_/D : -1.293405
[setup reg-reg] _121542_/Q -> _121528_/D : -1.291195
[setup reg-reg] _122747_/Q -> _122406_/D : -1.279375
[setup reg-reg] _122376_/Q -> _122307_/D : -1.278536
[setup reg-reg] _121500_/Q -> _121491_/D : -1.276749
[setup reg-reg] _126541_/Q -> _123951_/D : -1.273584
[setup reg-reg] _121990_/Q -> _121658_/D : -1.266191
[setup reg-reg] _121700_/Q -> _121413_/D : -1.265107
[setup reg-reg] _122659_/Q -> _122589_/D : -1.259487
[setup reg-reg] _121763_/Q -> _121699_/D : -1.254556
[setup reg-reg] _121990_/Q -> _121653_/D : -1.252239
[setup reg-reg] _123350_/Q -> _123018_/D : -1.247308
[setup in-reg] wbs_adr_i[8] -> _127226_/D : -1.243521
[setup reg-reg] _126516_/Q -> _124094_/D : -1.241329
[setup reg-reg] _122937_/Q -> _122871_/D : -1.232440
[setup reg-reg] _122937_/Q -> _122875_/D : -1.222777
[setup reg-reg] _123407_/Q -> _123337_/D : -1.219053
[setup reg-reg] _123493_/Q -> _123153_/D : -1.214829
[setup reg-reg] _122323_/Q -> _121984_/D : -1.214595
[setup reg-reg] _121542_/Q -> _121531_/D : -1.214108
[setup reg-reg] _121500_/Q -> _121492_/D : -1.211895
[setup reg-reg] _122740_/Q -> _122405_/D : -1.197382
[setup in-reg] wbs_adr_i[8] -> _127227_/D : -1.197364
[setup in-reg] wbs_adr_i[8] -> _127222_/D : -1.190816
[setup reg-reg] _126543_/Q -> _123906_/D : -1.186596
[setup reg-reg] _122982_/Q -> _122923_/D : -1.172985
[setup reg-reg] _127414_/Q -> _121347_/D : -1.166853
[setup reg-reg] _122227_/Q -> _121890_/D : -1.165990
[setup reg-reg] _121940_/Q -> _121617_/D : -1.162256
[setup reg-reg] _122227_/Q -> _121882_/D : -1.162231
[setup reg-reg] _121542_/Q -> _121535_/D : -1.161709
[setup in-reg] wbs_adr_i[8] -> _127337_/D : -1.158771
[setup in-reg] wbs_adr_i[8] -> _127156_/D : -1.155378
[setup in-reg] wbs_adr_i[8] -> _127150_/D : -1.154000
[setup in-reg] wbs_adr_i[8] -> _127155_/D : -1.153971
[setup in-reg] wbs_adr_i[8] -> _126981_/D : -1.147225
[setup reg-reg] _122131_/Q -> _121786_/D : -1.146471
[setup in-reg] wbs_adr_i[8] -> _127339_/D : -1.144716
[setup reg-reg] _123300_/Q -> _122965_/D : -1.143508
[setup in-reg] wbs_adr_i[8] -> _127341_/D : -1.137369
[setup in-reg] wbs_adr_i[8] -> _127228_/D : -1.134680
[setup in-reg] wbs_adr_i[8] -> _127157_/D : -1.133106
[setup in-reg] wbs_adr_i[8] -> _127152_/D : -1.132033
[setup in-reg] wbs_adr_i[8] -> _127113_/D : -1.131522
[setup in-reg] wbs_adr_i[8] -> _127010_/D : -1.130935
[setup in-reg] wbs_adr_i[8] -> _127114_/D : -1.130672
[setup reg-reg] _121582_/Q -> _121576_/D : -1.129251
[setup in-reg] wbs_adr_i[8] -> _127229_/D : -1.128335
[setup reg-reg] _123407_/Q -> _123342_/D : -1.127710
[setup reg-reg] _124005_/Q -> _123672_/D : -1.126956
[setup reg-reg] _123502_/Q -> _123439_/D : -1.125649
[setup in-reg] wbs_adr_i[8] -> _127154_/D : -1.123468
[setup in-reg] wbs_adr_i[8] -> _127225_/D : -1.123009
[setup reg-reg] _126438_/Q -> _123487_/D : -1.122178
[setup in-reg] wbs_adr_i[8] -> _127006_/D : -1.115914
[setup in-reg] wbs_adr_i[8] -> _127011_/D : -1.115442
[setup in-reg] wbs_adr_i[8] -> _127115_/D : -1.114845
[setup in-reg] wbs_adr_i[8] -> _121296_/D : -1.114081
[setup reg-reg] _123451_/Q -> _123100_/D : -1.113264
[setup in-reg] wbs_adr_i[8] -> _127153_/D : -1.111204
[setup in-reg] wbs_adr_i[8] -> _127008_/D : -1.110308
[setup in-reg] wbs_adr_i[8] -> _127042_/D : -1.109061
[setup in-reg] wbs_adr_i[8] -> _127223_/D : -1.107448
[setup reg-reg] _123126_/Q -> _123062_/D : -1.101448
[setup reg-reg] _121381_/Q -> _121370_/D : -1.100482
[setup in-reg] wbs_adr_i[8] -> _127110_/D : -1.097909
[setup in-reg] wbs_adr_i[8] -> _127009_/D : -1.097831
[setup reg-reg] _123357_/Q -> _123295_/D : -1.096282
[setup reg-reg] _126516_/Q -> _124087_/D : -1.094424
[setup reg-reg] _122376_/Q -> _122308_/D : -1.093728
[setup reg-reg] _124058_/Q -> _123723_/D : -1.092900
[setup in-reg] wb_rst_i -> _126436_/D : -1.091667
[setup reg-reg] _122227_/Q -> _121887_/D : -1.088317
[setup in-reg] wbs_adr_i[8] -> _121201_/D : -1.087596
[setup reg-reg] _123878_/Q -> _123811_/D : -1.087113
[setup in-reg] wbs_adr_i[8] -> _127117_/D : -1.086942
[setup reg-reg] _123126_/Q -> _123058_/D : -1.086029
[setup in-reg] wbs_adr_i[8] -> _127116_/D : -1.084334
[setup in-reg] wbs_adr_i[8] -> _127045_/D : -1.084246
[setup in-reg] wbs_adr_i[8] -> _121300_/D : -1.080860
[setup in-reg] wbs_adr_i[8] -> _127111_/D : -1.079645
[setup in-reg] wbs_adr_i[8] -> _127038_/D : -1.078625
[setup in-reg] wbs_adr_i[8] -> _126972_/D : -1.078476
[setup reg-reg] _122834_/Q -> _122493_/D : -1.077058
[setup reg-reg] _123729_/Q -> _123384_/D : -1.075314
[setup in-reg] wbs_adr_i[8] -> _121301_/D : -1.072905
[setup reg-reg] _126548_/Q -> _123908_/D : -1.072323
[setup reg-reg] _123687_/Q -> _123624_/D : -1.072262
[setup reg-reg] _121940_/Q -> _121619_/D : -1.071520
[setup in-reg] wbs_adr_i[8] -> _127013_/D : -1.069655
[setup in-reg] wbs_adr_i[8] -> _127044_/D : -1.069392
[setup in-reg] wbs_adr_i[8] -> _121297_/D : -1.068266
[setup in-reg] wbs_adr_i[8] -> _121294_/D : -1.066837
[setup in-reg] wbs_adr_i[8] -> _127224_/D : -1.066333
[setup in-reg] wbs_adr_i[8] -> _126958_/D : -1.064848
[setup in-reg] wbs_adr_i[8] -> _127012_/D : -1.064766
[setup reg-reg] _122227_/Q -> _121881_/D : -1.063732
[setup reg-reg] _127414_/Q -> _121344_/D : -1.061501
[setup reg-reg] _124345_/Q -> _124237_/D : -1.061398
[setup in-reg] wbs_adr_i[8] -> _126963_/D : -1.060442
[setup in-reg] wbs_adr_i[8] -> _121298_/D : -1.058535
[setup reg-reg] _124208_/Q -> _124145_/D : -1.058382
[setup in-reg] wbs_adr_i[8] -> _126980_/D : -1.057671
[setup in-reg] wbs_adr_i[8] -> _127007_/D : -1.054342
[setup in-reg] wbs_adr_i[8] -> _124267_/D : -1.053245
[setup reg-reg] _122452_/Q -> _122113_/D : -1.053227
[setup reg-reg] _126543_/Q -> _123905_/D : -1.052971
[setup in-reg] wbs_adr_i[8] -> _121200_/D : -1.051461
[setup in-reg] wbs_adr_i[8] -> _127043_/D : -1.051227
[setup in-reg] wbs_adr_i[8] -> _126968_/D : -1.050974
[setup in-reg] wbs_adr_i[8] -> _121299_/D : -1.050758
[setup reg-reg] _126457_/Q -> _122736_/D : -1.049244
[setup reg-reg] _126437_/Q -> _123865_/D : -1.048146
[setup in-reg] wbs_adr_i[8] -> _127039_/D : -1.046988
[setup reg-reg] _122324_/Q -> _122255_/D : -1.044498
[setup reg-reg] _122133_/Q -> _122075_/D : -1.042679
[setup in-reg] wbs_adr_i[8] -> _126971_/D : -1.041482
[setup in-reg] wbs_adr_i[8] -> _126975_/D : -1.041315
[setup in-reg] wbs_adr_i[8] -> _121205_/D : -1.040416
[setup reg-reg] _122604_/Q -> _122543_/D : -1.040384
[setup in-reg] wbs_adr_i[8] -> _121202_/D : -1.040352
[setup reg-reg] _126468_/Q -> _122354_/D : -1.040025
[setup reg-reg] _122982_/Q -> _122919_/D : -1.039055
[setup reg-reg] _122659_/Q -> _122587_/D : -1.038014
[setup in-reg] wbs_adr_i[8] -> _126979_/D : -1.035151
[setup in-reg] wbs_adr_i[8] -> _126967_/D : -1.033545
[setup reg-reg] _122324_/Q -> _122258_/D : -1.033371
[setup reg-reg] _122982_/Q -> _122922_/D : -1.032166
[setup in-reg] wbs_adr_i[8] -> _121203_/D : -1.031310
[setup reg-reg] _123687_/Q -> _123619_/D : -1.030951
[setup in-reg] wbs_adr_i[8] -> _121295_/D : -1.030568
[setup reg-reg] _123205_/Q -> _122859_/D : -1.029495
[setup in-reg] wbs_adr_i[8] -> _126923_/D : -1.026955
[setup reg-reg] _122133_/Q -> _122074_/D : -1.024027
[setup in-reg] wbs_adr_i[8] -> _126960_/D : -1.023963
[setup reg-reg] _122976_/Q -> _122639_/D : -1.023135
[setup reg-reg] _122937_/Q -> _122872_/D : -1.021913
[setup reg-reg] _126457_/Q -> _122734_/D : -1.021817
[setup in-reg] wbs_adr_i[8] -> _121199_/D : -1.021697
[setup in-reg] wbs_adr_i[8] -> _127041_/D : -1.021469
[setup in-reg] wbs_adr_i[8] -> _126978_/D : -1.021032
[setup in-reg] wbs_adr_i[8] -> _126970_/D : -1.019824
[setup reg-reg] _122885_/Q -> _122826_/D : -1.016460
[setup in-reg] wbs_adr_i[8] -> _127040_/D : -1.016197
[setup in-reg] wbs_adr_i[8] -> _121198_/D : -1.014914
[setup reg-reg] _122554_/Q -> _122215_/D : -1.014829
[setup reg-reg] _123919_/Q -> _123576_/D : -1.007656
[setup in-reg] wbs_adr_i[8] -> _126973_/D : -1.006946
[setup in-reg] wbs_adr_i[8] -> _126924_/D : -1.006111
[setup in-reg] wbs_adr_i[8] -> _126650_/D : -1.004661
[setup reg-reg] _124111_/Q -> _124038_/D : -1.004619
[setup reg-reg] _122834_/Q -> _122490_/D : -1.003933
[setup in-reg] wbs_adr_i[8] -> _121204_/D : -1.003801
[setup reg-reg] _122502_/Q -> _122168_/D : -1.002881
[setup reg-reg] _123119_/Q -> _122785_/D : -1.001823
[setup in-reg] wbs_adr_i[8] -> _126959_/D : -1.001073
[setup reg-reg] _122790_/Q -> _122447_/D : -0.999524
[setup reg-reg] _126516_/Q -> _124099_/D : -0.998675
[setup reg-reg] _126541_/Q -> _123945_/D : -0.998043
[setup in-reg] wbs_adr_i[8] -> _126964_/D : -0.989118
[setup in-reg] wbs_adr_i[8] -> _126962_/D : -0.986891
[setup reg-reg] _123878_/Q -> _123813_/D : -0.986837
[setup reg-reg] _122176_/Q -> _121835_/D : -0.984866
[setup reg-reg] _122937_/Q -> _122874_/D : -0.984503
[setup reg-reg] _121700_/Q -> _121418_/D : -0.984276
[setup in-reg] wbs_adr_i[8] -> _126961_/D : -0.979480
[setup in-reg] wbs_adr_i[8] -> _126965_/D : -0.976488
[setup in-reg] wbs_adr_i[8] -> _126919_/D : -0.974303
[setup reg-reg] _123260_/Q -> _123192_/D : -0.971024
[setup in-reg] wbs_adr_i[8] -> _126920_/D : -0.967344
[setup in-reg] wbs_adr_i[8] -> _126925_/D : -0.961400
[setup reg-reg] _123451_/Q -> _123110_/D : -0.959130
[setup reg-reg] _122747_/Q -> _122398_/D : -0.958490
[setup reg-reg] _124345_/Q -> _124241_/D : -0.958018
[setup reg-reg] _121700_/Q -> _121415_/D : -0.957101
[setup reg-reg] _123451_/Q -> _123109_/D : -0.948148
[setup in-reg] wbs_adr_i[8] -> _126921_/D : -0.945324
[setup reg-reg] _122083_/Q -> _121738_/D : -0.943885
[setup reg-reg] _121763_/Q -> _121693_/D : -0.942741
[setup reg-reg] _126471_/Q -> _121987_/D : -0.940865
[setup reg-reg] _124208_/Q -> _124140_/D : -0.940393
[setup in-reg] wbs_adr_i[8] -> _126826_/D : -0.938368
[setup reg-reg] _121460_/Q -> _121450_/D : -0.936350
[setup in-reg] wbs_adr_i[8] -> _126648_/D : -0.930914
[setup in-reg] wbs_adr_i[8] -> _126647_/D : -0.929354
[setup reg-reg] _121500_/Q -> _121498_/D : -0.926125
[setup in-reg] wbs_adr_i[8] -> _126652_/D : -0.922988
[setup reg-reg] _123407_/Q -> _123336_/D : -0.922348
[setup reg-reg] _122740_/Q -> _122407_/D : -0.919641
[setup in-reg] wbs_adr_i[8] -> _126646_/D : -0.917304
[setup in-reg] wbs_adr_i[8] -> _126918_/D : -0.915907
[setup in-reg] wbs_adr_i[8] -> _126653_/D : -0.913868
[setup in-reg] wbs_adr_i[8] -> _126649_/D : -0.913857
[setup reg-reg] _123357_/Q -> _123296_/D : -0.910685
[setup reg-reg] _123027_/Q -> _122689_/D : -0.909658
[setup reg-reg] _126438_/Q -> _123489_/D : -0.905274
[setup reg-reg] _123729_/Q -> _123383_/D : -0.902997
[setup reg-reg] _122227_/Q -> _121878_/D : -0.902492
[setup in-reg] wbs_adr_i[8] -> _127330_/D : -0.899707
[setup reg-reg] _123451_/Q -> _123107_/D : -0.898972
[setup in-reg] wbs_adr_i[8] -> _126651_/D : -0.898559
[setup reg-reg] _123687_/Q -> _123622_/D : -0.898041
[setup reg-reg] _122452_/Q -> _122112_/D : -0.895248
[setup reg-reg] _121582_/Q -> _121577_/D : -0.895174
[setup in-reg] wbs_adr_i[8] -> _127332_/D : -0.891706
[setup in-reg] wbs_adr_i[8] -> _126922_/D : -0.888278
[setup reg-reg] _121582_/Q -> _121578_/D : -0.887802
[setup reg-reg] _123260_/Q -> _123196_/D : -0.882846
[setup in-reg] wbs_adr_i[8] -> _126827_/D : -0.880423
[setup in-reg] wbs_adr_i[8] -> _127327_/D : -0.880100
[setup in-reg] wbs_adr_i[8] -> _126976_/D : -0.879631
[setup reg-reg] _121763_/Q -> _121698_/D : -0.878032
[setup reg-reg] _121542_/Q -> _121530_/D : -0.874984
[setup reg-reg] _124111_/Q -> _124051_/D : -0.874767
[setup in-reg] wbs_adr_i[8] -> _127331_/D : -0.870120
[setup reg-reg] _123878_/Q -> _123817_/D : -0.868525
[setup in-reg] wbs_adr_i[8] -> _127274_/D : -0.866663
[setup reg-reg] _122273_/Q -> _121939_/D : -0.865260
[setup in-reg] wbs_adr_i[8] -> _124265_/D : -0.860780
[setup reg-reg] _123493_/Q -> _123149_/D : -0.855085
[setup reg-reg] _122376_/Q -> _122306_/D : -0.853291
[setup reg-reg] _123585_/Q -> _123240_/D : -0.853127
[setup in-reg] wbs_adr_i[8] -> _126868_/D : -0.851667
[setup reg-reg] _126541_/Q -> _123955_/D : -0.848054
[setup in-reg] wbs_adr_i[8] -> _127271_/D : -0.845155
[setup reg-reg] _122554_/Q -> _122212_/D : -0.844121
[setup in-reg] wbs_adr_i[8] -> _127328_/D : -0.843890
[setup reg-reg] _124345_/Q -> _124239_/D : -0.840984
[setup reg-reg] _126541_/Q -> _123952_/D : -0.840473
[setup in-reg] wbs_adr_i[8] -> _126823_/D : -0.840060
[setup in-reg] wbs_adr_i[8] -> _126969_/D : -0.839638
[setup reg-reg] _126468_/Q -> _122353_/D : -0.839552
[setup in-reg] wbs_adr_i[8] -> _127326_/D : -0.839485
[setup reg-reg] _122502_/Q -> _122171_/D : -0.838028
[setup reg-reg] _124345_/Q -> _124243_/D : -0.837861
[setup in-reg] wbs_adr_i[8] -> _121231_/D : -0.835573
[setup reg-reg] _126516_/Q -> _124091_/D : -0.834685
[setup in-reg] wbs_adr_i[8] -> _126974_/D : -0.832621
[setup in-reg] wbs_adr_i[8] -> _126977_/D : -0.832550
[setup in-reg] wbs_adr_i[8] -> _124266_/D : -0.831474
[setup in-reg] wbs_adr_i[8] -> _126822_/D : -0.831236
[setup in-reg] wbs_adr_i[8] -> _126828_/D : -0.827619
[setup in-reg] wbs_adr_i[8] -> _126813_/D : -0.824379
[setup reg-reg] _121542_/Q -> _121534_/D : -0.823199
[setup in-reg] wbs_adr_i[8] -> _127329_/D : -0.823089
[setup in-reg] wbs_adr_i[8] -> _126966_/D : -0.821167
[setup in-reg] wbs_adr_i[8] -> _124261_/D : -0.819355
[setup reg-reg] _123585_/Q -> _123239_/D : -0.818719
[setup reg-reg] _122885_/Q -> _122817_/D : -0.812538
[setup reg-reg] _126468_/Q -> _122360_/D : -0.810928
[setup reg-reg] _121381_/Q -> _121379_/D : -0.810768
[setup in-reg] wbs_adr_i[8] -> _126869_/D : -0.809340
[setup in-reg] wbs_adr_i[8] -> _126865_/D : -0.808246
[setup in-reg] wbs_adr_i[8] -> _124263_/D : -0.807489
[setup in-reg] wbs_adr_i[8] -> _126864_/D : -0.805112
[setup in-reg] wbs_adr_i[8] -> _127333_/D : -0.804697
[setup reg-reg] _127414_/Q -> _121346_/D : -0.804633
[setup reg-reg] _126468_/Q -> _122359_/D : -0.804459
[setup in-reg] wbs_adr_i[8] -> _121287_/D : -0.801844
[setup in-reg] wbs_adr_i[8] -> _126829_/D : -0.800103
[setup in-reg] wbs_adr_i[8] -> _126863_/D : -0.799425
[setup in-reg] wbs_adr_i[8] -> _126590_/D : -0.797154
[setup in-reg] wbs_adr_i[8] -> _126592_/D : -0.797023
[setup in-reg] wbs_adr_i[8] -> _126728_/D : -0.795307
[setup in-reg] wbs_adr_i[8] -> _124264_/D : -0.795264
[setup in-reg] wbs_adr_i[8] -> _127276_/D : -0.793598
[setup in-reg] wbs_adr_i[8] -> _126764_/D : -0.792969
[setup reg-reg] _124058_/Q -> _123721_/D : -0.791541
[setup reg-reg] _122452_/Q -> _122115_/D : -0.791363
[setup reg-reg] _122554_/Q -> _122217_/D : -0.790600
[setup reg-reg] _124058_/Q -> _123722_/D : -0.789605
[setup in-reg] wbs_adr_i[8] -> _126726_/D : -0.787001
[setup in-reg] wbs_adr_i[8] -> _126595_/D : -0.785473
[setup in-reg] wbs_adr_i[8] -> _126594_/D : -0.784915
[setup in-reg] wbs_adr_i[8] -> _124268_/D : -0.784599
[setup in-reg] wbs_adr_i[8] -> _126866_/D : -0.782336
[setup reg-reg] _126397_/Q -> _126428_/D : -0.781299
[setup in-reg] wbs_adr_i[8] -> _127235_/D : -0.780730
[setup reg-reg] _122554_/Q -> _122211_/D : -0.779213
[setup in-reg] wbs_adr_i[8] -> _124262_/D : -0.778527
[setup in-reg] wbs_adr_i[8] -> _127411_/D : -0.778297
[setup reg-reg] _122133_/Q -> _122066_/D : -0.776677
[setup in-reg] wbs_adr_i[8] -> _126765_/D : -0.776453
[setup reg-reg] _126438_/Q -> _123486_/D : -0.776339
[setup reg-reg] _121990_/Q -> _121655_/D : -0.775682
[setup in-reg] wbs_adr_i[8] -> _126597_/D : -0.775543
[setup in-reg] wbs_adr_i[8] -> _126759_/D : -0.774971
[setup in-reg] wbs_adr_i[8] -> _121292_/D : -0.773586
[setup in-reg] wbs_adr_i[8] -> _126862_/D : -0.770449
[setup in-reg] wbs_adr_i[8] -> _127273_/D : -0.768065
[setup in-reg] wbs_adr_i[8] -> _126860_/D : -0.767951
[setup reg-reg] _123677_/Q -> _123334_/D : -0.767511
[setup reg-reg] _123350_/Q -> _123017_/D : -0.765016
[setup in-reg] wbs_adr_i[8] -> _127232_/D : -0.764310
[setup in-reg] wbs_adr_i[8] -> _126731_/D : -0.763968
[setup reg-reg] _123300_/Q -> _122970_/D : -0.763190
[setup in-reg] wbs_adr_i[8] -> _121235_/D : -0.761428
[setup in-reg] wbs_adr_i[8] -> _127277_/D : -0.760480
[setup in-reg] wbs_adr_i[8] -> _121232_/D : -0.759545
[setup in-reg] wbs_adr_i[8] -> _127206_/D : -0.758874
[setup in-reg] wbs_adr_i[8] -> _126730_/D : -0.757144
[setup in-reg] wbs_adr_i[8] -> _121288_/D : -0.754881
[setup in-reg] wbs_adr_i[8] -> _127207_/D : -0.754440
[setup in-reg] wbs_adr_i[8] -> _126807_/D : -0.754149
[setup in-reg] wbs_adr_i[8] -> _121289_/D : -0.752557
[setup in-reg] wbs_adr_i[8] -> _121237_/D : -0.751641
[setup in-reg] wbs_adr_i[8] -> _127272_/D : -0.751324
[setup in-reg] wbs_adr_i[8] -> _121291_/D : -0.750188
[setup in-reg] wbs_adr_i[8] -> _126812_/D : -0.749900
[setup in-reg] wbs_adr_i[8] -> _126763_/D : -0.749662
[setup in-reg] wbs_adr_i[8] -> _127270_/D : -0.748408
[setup in-reg] wbs_adr_i[8] -> _127285_/D : -0.747448
[setup reg-reg] _123260_/Q -> _123189_/D : -0.746635
[setup in-reg] wbs_adr_i[8] -> _127275_/D : -0.746144
[setup in-reg] wbs_adr_i[8] -> _124260_/D : -0.745331
[setup in-reg] wbs_adr_i[8] -> _126729_/D : -0.745214
[setup in-reg] wbs_adr_i[8] -> _127236_/D : -0.742322
[setup in-reg] wbs_adr_i[8] -> _127212_/D : -0.741064
[setup in-reg] wbs_adr_i[8] -> _126867_/D : -0.739579
[setup in-reg] wbs_adr_i[8] -> _127234_/D : -0.739000
[setup in-reg] wbs_adr_i[8] -> _127237_/D : -0.736794
[setup in-reg] wbs_adr_i[8] -> _126810_/D : -0.736293
[setup in-reg] wbs_adr_i[8] -> _126806_/D : -0.735898
[setup in-reg] wbs_adr_i[8] -> _127208_/D : -0.735682
[setup in-reg] wbs_adr_i[8] -> _121290_/D : -0.735330
[setup reg-reg] _122133_/Q -> _122072_/D : -0.734676
[setup in-reg] wbs_adr_i[8] -> _126770_/D : -0.734165
[setup in-reg] wbs_adr_i[8] -> _127317_/D : -0.733873
[setup in-reg] wbs_adr_i[8] -> _126596_/D : -0.733159
[setup reg-reg] _123493_/Q -> _123152_/D : -0.732790
[setup in-reg] wbs_adr_i[8] -> _127280_/D : -0.732076
[setup reg-reg] _122323_/Q -> _121986_/D : -0.730203
[setup in-reg] wbs_adr_i[8] -> _126727_/D : -0.729187
[setup in-reg] wbs_adr_i[8] -> _127213_/D : -0.728893
[setup in-reg] wbs_adr_i[8] -> _127407_/D : -0.728587
[setup in-reg] wbs_adr_i[8] -> _126733_/D : -0.727599
[setup in-reg] wbs_adr_i[8] -> _127211_/D : -0.725734
[setup reg-reg] _122227_/Q -> _121875_/D : -0.725525
[setup in-reg] wbs_adr_i[8] -> _127210_/D : -0.725237
[setup reg-reg] _123407_/Q -> _123339_/D : -0.725198
[setup in-reg] wbs_adr_i[8] -> _121236_/D : -0.725059
[setup in-reg] wbs_adr_i[8] -> _127281_/D : -0.725013
[setup in-reg] wbs_adr_i[8] -> _126808_/D : -0.724622
[setup in-reg] wbs_adr_i[8] -> _127060_/D : -0.723631
[setup in-reg] wbs_adr_i[8] -> _126809_/D : -0.722725
[setup in-reg] wbs_adr_i[8] -> _121286_/D : -0.722640
[setup in-reg] wbs_adr_i[8] -> _126861_/D : -0.722334
[setup in-reg] wbs_adr_i[8] -> _127406_/D : -0.722256
[setup reg-reg] _123919_/Q -> _123573_/D : -0.721272
[setup in-reg] wbs_adr_i[8] -> _127408_/D : -0.720515
[setup reg-reg] _126471_/Q -> _121983_/D : -0.718348
[setup in-reg] wbs_adr_i[8] -> _127233_/D : -0.718035
[setup in-reg] wbs_adr_i[8] -> _127410_/D : -0.716209
[setup in-reg] wbs_adr_i[8] -> _127231_/D : -0.714689
[setup in-reg] wbs_adr_i[8] -> _127412_/D : -0.713371
[setup in-reg] wbs_adr_i[8] -> _121293_/D : -0.711296
[setup in-reg] wbs_adr_i[8] -> _121234_/D : -0.711111
[setup reg-reg] _122176_/Q -> _121838_/D : -0.708379
[setup reg-reg] _123832_/Q -> _123764_/D : -0.707772
[setup in-reg] wbs_adr_i[8] -> _127278_/D : -0.706656
[setup in-reg] wbs_adr_i[8] -> _121233_/D : -0.705356
[setup in-reg] wbs_adr_i[8] -> _127230_/D : -0.702663
[setup in-reg] wbs_adr_i[8] -> _126856_/D : -0.701185
[setup in-reg] wbs_adr_i[8] -> _127409_/D : -0.698744
[setup in-reg] wbs_adr_i[8] -> _124259_/D : -0.696709
[setup in-reg] wbs_adr_i[8] -> _127413_/D : -0.696709
[setup in-reg] wbs_adr_i[8] -> _121230_/D : -0.695639
[setup in-reg] wbs_adr_i[8] -> _126772_/D : -0.693646
[setup in-reg] wbs_adr_i[8] -> _126855_/D : -0.693134
[setup reg-reg] _123357_/Q -> _123294_/D : -0.691223
[setup reg-reg] _122834_/Q -> _122497_/D : -0.691102
[setup reg-reg] _122554_/Q -> _122214_/D : -0.685628
[setup in-reg] wbs_adr_i[8] -> _124257_/D : -0.681929
[setup reg-reg] _123451_/Q -> _123108_/D : -0.680231
[setup in-reg] wbs_adr_i[8] -> _127209_/D : -0.678025
[setup in-reg] wbs_adr_i[8] -> _127057_/D : -0.669129
[setup in-reg] wbs_adr_i[8] -> _127282_/D : -0.668386
[setup reg-reg] _123687_/Q -> _123621_/D : -0.665597
[setup in-reg] wbs_adr_i[8] -> _127284_/D : -0.664564
[setup in-reg] wbs_adr_i[8] -> _127283_/D : -0.663611
[setup in-reg] wbs_adr_i[8] -> _124258_/D : -0.662663
[setup in-reg] wbs_adr_i[8] -> _127279_/D : -0.659920
[setup reg-reg] _122790_/Q -> _122443_/D : -0.658606
[setup in-reg] wbs_adr_i[8] -> _126766_/D : -0.656954
[setup reg-reg] _122452_/Q -> _122110_/D : -0.655710
[setup in-reg] wbs_adr_i[8] -> _126854_/D : -0.655149
[setup in-reg] wbs_adr_i[8] -> _126857_/D : -0.654616
[setup reg-reg] _122273_/Q -> _121931_/D : -0.654172
[setup reg-reg] _121700_/Q -> _121412_/D : -0.653607
[setup in-reg] wbs_adr_i[8] -> _124255_/D : -0.652207
[setup in-reg] wbs_adr_i[8] -> _124254_/D : -0.651962
[setup reg-reg] _122502_/Q -> _122165_/D : -0.651955
[setup in-reg] wbs_adr_i[8] -> _126760_/D : -0.650285
[setup in-reg] wbs_adr_i[8] -> _126859_/D : -0.649948
[setup reg-reg] _121700_/Q -> _121417_/D : -0.649891
[setup in-reg] wbs_adr_i[8] -> _127314_/D : -0.648345
[setup in-reg] wbs_adr_i[8] -> _126768_/D : -0.644601
[setup in-reg] wbs_adr_i[8] -> _126858_/D : -0.641077
[setup reg-reg] _122084_/Q -> _122030_/D : -0.638309
[setup in-reg] wbs_adr_i[8] -> _127061_/D : -0.633911
[setup reg-reg] _123300_/Q -> _122969_/D : -0.633474
[setup reg-reg] _122982_/Q -> _122915_/D : -0.632003
[setup in-reg] wbs_adr_i[8] -> _126773_/D : -0.631204
[setup reg-reg] _122131_/Q -> _121785_/D : -0.629768
[setup in-reg] wbs_adr_i[8] -> _126767_/D : -0.628418
[setup in-reg] wbs_adr_i[8] -> _127056_/D : -0.628305
[setup reg-reg] _126437_/Q -> _123867_/D : -0.626297
[setup in-reg] wbs_adr_i[8] -> _126769_/D : -0.624858
[setup reg-reg] _121460_/Q -> _121457_/D : -0.623132
[setup in-reg] wbs_adr_i[8] -> _127054_/D : -0.620698
[setup reg-reg] _122083_/Q -> _121733_/D : -0.617668
[setup in-reg] wbs_adr_i[8] -> _126824_/D : -0.616794
[setup reg-reg] _122885_/Q -> _122825_/D : -0.614587
[setup in-reg] wbs_adr_i[8] -> _127059_/D : -0.614385
[setup reg-reg] _122604_/Q -> _122536_/D : -0.614371
[setup in-reg] wbs_adr_i[8] -> _127252_/D : -0.612342
[setup in-reg] wbs_adr_i[8] -> _126771_/D : -0.612157
[setup in-reg] wbs_adr_i[8] -> _127058_/D : -0.609926
[setup reg-reg] _123493_/Q -> _123150_/D : -0.609479
[setup in-reg] wbs_adr_i[8] -> _126715_/D : -0.607720
[setup reg-reg] _123350_/Q -> _123015_/D : -0.597939
[setup reg-reg] _123878_/Q -> _123816_/D : -0.594298
[setup in-reg] wbs_adr_i[8] -> _126825_/D : -0.591992
[setup in-reg] wbs_adr_i[8] -> _121269_/D : -0.590248
[setup reg-reg] _122931_/Q -> _122591_/D : -0.589782
[setup reg-reg] _126541_/Q -> _123950_/D : -0.588578
[setup reg-reg] _123729_/Q -> _123388_/D : -0.588539
[setup reg-reg] _126541_/Q -> _123942_/D : -0.587296
[setup in-reg] wbs_adr_i[8] -> _126713_/D : -0.586834
[setup in-reg] wbs_adr_i[8] -> _127250_/D : -0.585864
[setup reg-reg] _126533_/Q -> _124003_/D : -0.584834
[setup reg-reg] _121990_/Q -> _121657_/D : -0.582716
[setup in-reg] wbs_adr_i[8] -> _126711_/D : -0.582528
[setup reg-reg] _123832_/Q -> _123759_/D : -0.581014
[setup in-reg] wbs_adr_i[8] -> _126722_/D : -0.580414
[setup in-reg] wbs_adr_i[8] -> _126758_/D : -0.579938
[setup reg-reg] _122084_/Q -> _122029_/D : -0.579607
[setup in-reg] wbs_adr_i[8] -> _127251_/D : -0.579110
[setup in-reg] wbs_adr_i[8] -> _127081_/D : -0.578037
[setup in-reg] wbs_adr_i[8] -> _126712_/D : -0.577909
[setup in-reg] wbs_adr_i[8] -> _127055_/D : -0.576854
[setup reg-reg] _123027_/Q -> _122688_/D : -0.576275
[setup in-reg] wbs_adr_i[8] -> _127249_/D : -0.576090
[setup in-reg] wbs_adr_i[8] -> _127247_/D : -0.576044
[setup in-reg] wbs_adr_i[8] -> _127253_/D : -0.570719
[setup in-reg] wbs_adr_i[8] -> _126710_/D : -0.570569
[setup reg-reg] _123502_/Q -> _123437_/D : -0.569091
[setup reg-reg] _126533_/Q -> _124000_/D : -0.568488
[setup in-reg] wbs_adr_i[8] -> _121268_/D : -0.564413
[setup in-reg] wbs_adr_i[8] -> _127004_/D : -0.563826
[setup in-reg] wbs_adr_i[8] -> _126716_/D : -0.562274
[setup in-reg] wbs_adr_i[8] -> _127248_/D : -0.561595
[setup reg-reg] _123822_/Q -> _123483_/D : -0.558956
[setup reg-reg] _123585_/Q -> _123237_/D : -0.557453
[setup reg-reg] _123585_/Q -> _123242_/D : -0.556387
[setup in-reg] wbs_adr_i[8] -> _124274_/D : -0.554490
[setup in-reg] wbs_adr_i[8] -> _121265_/D : -0.554451
[setup in-reg] wbs_adr_i[8] -> _126714_/D : -0.554074
[setup in-reg] wbs_adr_i[8] -> _127003_/D : -0.554049
[setup in-reg] wbs_adr_i[8] -> _126998_/D : -0.552241
[setup in-reg] wbs_adr_i[8] -> _127246_/D : -0.551374
[setup reg-reg] _123027_/Q -> _122683_/D : -0.550386
[setup in-reg] wbs_adr_i[8] -> _127083_/D : -0.548624
[setup in-reg] wbs_adr_i[8] -> _126761_/D : -0.548265
[setup in-reg] wbs_adr_i[8] -> _126610_/D : -0.547203
[setup in-reg] wbs_adr_i[8] -> _127082_/D : -0.545420
[setup in-reg] wbs_adr_i[8] -> _127000_/D : -0.543391
[setup in-reg] wbs_adr_i[8] -> _126717_/D : -0.542649
[setup in-reg] wbs_adr_i[8] -> _121262_/D : -0.542531
[setup in-reg] wbs_adr_i[8] -> _127078_/D : -0.542030
[setup in-reg] wbs_adr_i[8] -> _124272_/D : -0.541089
[setup in-reg] wbs_adr_i[8] -> _126721_/D : -0.536456
[setup in-reg] wbs_adr_i[8] -> _126718_/D : -0.535739
[setup reg-reg] _122976_/Q -> _122635_/D : -0.533831
[setup reg-reg] _124345_/Q -> _124242_/D : -0.532388
[setup in-reg] wbs_adr_i[8] -> _121267_/D : -0.532211
[setup in-reg] wbs_adr_i[8] -> _126720_/D : -0.531962
[setup reg-reg] _123205_/Q -> _122862_/D : -0.531745
[setup in-reg] wbs_adr_i[8] -> _127080_/D : -0.527681
[setup in-reg] wbs_adr_i[8] -> _124270_/D : -0.526409
[setup in-reg] wbs_adr_i[8] -> _127181_/D : -0.525748
[setup in-reg] wbs_adr_i[8] -> _127079_/D : -0.522530
[setup in-reg] wbs_adr_i[8] -> _124275_/D : -0.520895
[setup in-reg] wbs_adr_i[8] -> _127085_/D : -0.520682
[setup reg-reg] _123451_/Q -> _123105_/D : -0.520352
[setup in-reg] wbs_adr_i[8] -> _127002_/D : -0.518728
[setup in-reg] wbs_adr_i[8] -> _121216_/D : -0.518405
[setup in-reg] wbs_adr_i[8] -> _124276_/D : -0.516462
[setup in-reg] wbs_adr_i[8] -> _121263_/D : -0.514223
[setup reg-reg] _121542_/Q -> _121524_/D : -0.512220
[setup in-reg] wbs_adr_i[8] -> _127005_/D : -0.511875
[setup in-reg] wbs_adr_i[8] -> _126999_/D : -0.511395
[setup in-reg] wbs_adr_i[8] -> _121221_/D : -0.509246
[setup in-reg] wbs_adr_i[8] -> _126607_/D : -0.506258
[setup reg-reg] _122976_/Q -> _122637_/D : -0.505011
[setup in-reg] wbs_adr_i[8] -> _121266_/D : -0.504834
[setup in-reg] wbs_adr_i[8] -> _127084_/D : -0.504176
[setup in-reg] wbs_adr_i[8] -> _126609_/D : -0.503306
[setup reg-reg] _126438_/Q -> _123485_/D : -0.502975
[setup reg-reg] _126516_/Q -> _124098_/D : -0.501768
[setup reg-reg] _121542_/Q -> _121533_/D : -0.501114
[setup in-reg] wbs_adr_i[8] -> _126799_/D : -0.500552
[setup in-reg] wbs_adr_i[8] -> _126719_/D : -0.498247
[setup in-reg] wbs_adr_i[8] -> _126798_/D : -0.494072
[setup in-reg] wbs_adr_i[8] -> _126802_/D : -0.493202
[setup in-reg] wbs_adr_i[8] -> _127001_/D : -0.492250
[setup in-reg] wbs_adr_i[8] -> _126805_/D : -0.492214
[setup in-reg] wbs_adr_i[8] -> _126608_/D : -0.488708
[setup in-reg] wbs_adr_i[8] -> _127176_/D : -0.486764
[setup reg-reg] _123451_/Q -> _123106_/D : -0.486299
[setup in-reg] wbs_adr_i[8] -> _121214_/D : -0.483361
[setup in-reg] wbs_adr_i[8] -> _121215_/D : -0.482817
[setup reg-reg] _122324_/Q -> _122253_/D : -0.482270
[setup in-reg] wbs_adr_i[8] -> _126804_/D : -0.481606
[setup reg-reg] _122502_/Q -> _122170_/D : -0.480856
[setup in-reg] wbs_adr_i[8] -> _121217_/D : -0.474444
[setup in-reg] wbs_adr_i[8] -> _124253_/D : -0.473516
[setup in-reg] wbs_adr_i[8] -> _126983_/D : -0.472436
[setup in-reg] wbs_adr_i[8] -> _126803_/D : -0.470390
[setup in-reg] wbs_adr_i[8] -> _126611_/D : -0.469942
[setup reg-reg] _123350_/Q -> _123014_/D : -0.462592
[setup in-reg] wbs_adr_i[8] -> _126612_/D : -0.461803
[setup reg-reg] _126541_/Q -> _123944_/D : -0.460080
[setup reg-reg] _124345_/Q -> _124238_/D : -0.459448
[setup in-reg] wbs_adr_i[8] -> _126986_/D : -0.458659
[setup in-reg] wbs_adr_i[8] -> _126613_/D : -0.457842
[setup in-reg] wbs_adr_i[8] -> _124256_/D : -0.457764
[setup in-reg] wbs_adr_i[8] -> _126988_/D : -0.456048
[setup in-reg] wbs_adr_i[8] -> _126800_/D : -0.454129
[setup in-reg] wbs_adr_i[8] -> _127343_/D : -0.452435
[setup in-reg] wbs_adr_i[8] -> _121218_/D : -0.449859
[setup in-reg] wbs_adr_i[8] -> _126982_/D : -0.448864
[setup in-reg] wbs_adr_i[8] -> _126987_/D : -0.447493
[setup in-reg] wbs_adr_i[8] -> _127347_/D : -0.445951
[setup in-reg] wbs_adr_i[8] -> _121219_/D : -0.444459
[setup in-reg] wbs_adr_i[8] -> _126606_/D : -0.434433
[setup reg-reg] _121990_/Q -> _121654_/D : -0.432205
[setup reg-reg] _123300_/Q -> _122966_/D : -0.431541
[setup in-reg] wbs_adr_i[8] -> _126989_/D : -0.430536
[setup reg-reg] _122273_/Q -> _121928_/D : -0.426379
[setup reg-reg] _122324_/Q -> _122254_/D : -0.426063
[setup in-reg] wbs_adr_i[8] -> _126984_/D : -0.425484
[setup in-reg] wbs_adr_i[8] -> _127348_/D : -0.424677
[setup in-reg] wbs_adr_i[8] -> _126985_/D : -0.424205
[setup reg-reg] _123832_/Q -> _123767_/D : -0.422087
[setup reg-reg] _122834_/Q -> _122495_/D : -0.421220
[setup reg-reg] _122604_/Q -> _122541_/D : -0.420542
[setup reg-reg] _122131_/Q -> _121787_/D : -0.419355
[setup in-reg] wbs_adr_i[8] -> _127313_/D : -0.418240
[setup reg-reg] _121763_/Q -> _121695_/D : -0.415039
[setup reg-reg] _122324_/Q -> _122256_/D : -0.414861
[setup in-reg] wbs_adr_i[8] -> _126655_/D : -0.414204
[setup in-reg] wbs_adr_i[8] -> _127342_/D : -0.413948
[setup in-reg] wbs_adr_i[8] -> _126658_/D : -0.410711
[setup in-reg] wbs_adr_i[8] -> _126660_/D : -0.409955
[setup in-reg] wbs_adr_i[8] -> _127310_/D : -0.408800
[setup in-reg] wbs_adr_i[8] -> _127174_/D : -0.405638
[setup reg-reg] _126437_/Q -> _123857_/D : -0.404299
[setup reg-reg] _126494_/Q -> _124191_/D : -0.403801
[setup reg-reg] _122131_/Q -> _121783_/D : -0.400892
[setup reg-reg] _126437_/Q -> _123863_/D : -0.400636
[setup reg-reg] _123069_/Q -> _122729_/D : -0.398789
[setup in-reg] wbs_adr_i[8] -> _127344_/D : -0.395168
[setup in-reg] wbs_adr_i[8] -> _127031_/D : -0.393182
[setup reg-reg] _127414_/Q -> _121345_/D : -0.392479
[setup in-reg] wbs_adr_i[8] -> _127178_/D : -0.392184
[setup in-reg] wbs_adr_i[8] -> _127179_/D : -0.390838
[setup in-reg] wbs_adr_i[8] -> _127312_/D : -0.389356
[setup in-reg] wbs_adr_i[8] -> _126654_/D : -0.388578
[setup in-reg] wbs_adr_i[8] -> _127349_/D : -0.388550
[setup in-reg] wbs_adr_i[8] -> _127177_/D : -0.387740
[setup reg-reg] _122376_/Q -> _122304_/D : -0.386823
[setup in-reg] wbs_adr_i[8] -> _127175_/D : -0.382258
[setup in-reg] wbs_adr_i[8] -> _127180_/D : -0.379007
[setup in-reg] wbs_adr_i[8] -> _126659_/D : -0.378048
[setup in-reg] wbs_adr_i[8] -> _126657_/D : -0.374566
[setup in-reg] wbs_adr_i[8] -> _126656_/D : -0.371529
[setup reg-reg] _122747_/Q -> _122402_/D : -0.369646
[setup in-reg] wbs_adr_i[8] -> _126661_/D : -0.364356
[setup in-reg] wbs_adr_i[8] -> _126693_/D : -0.361688
[setup reg-reg] _126468_/Q -> _122357_/D : -0.359666
[setup reg-reg] _122376_/Q -> _122303_/D : -0.359222
[setup reg-reg] _126438_/Q -> _123484_/D : -0.359154
[setup reg-reg] _122131_/Q -> _121784_/D : -0.357094
[setup reg-reg] _124208_/Q -> _124142_/D : -0.356010
[setup reg-reg] _121582_/Q -> _121571_/D : -0.351651
[setup in-reg] wbs_adr_i[8] -> _124269_/D : -0.351182
[setup in-reg] wbs_adr_i[8] -> _126691_/D : -0.340020
[setup reg-reg] _122659_/Q -> _122594_/D : -0.336613
[setup reg-reg] _122834_/Q -> _122494_/D : -0.334971
[setup reg-reg] _123502_/Q -> _123430_/D : -0.328196
[setup in-reg] wbs_adr_i[8] -> _124271_/D : -0.323894
[setup reg-reg] _126516_/Q -> _124088_/D : -0.316291
[setup reg-reg] _124005_/Q -> _123669_/D : -0.314593
[setup in-reg] wbs_adr_i[8] -> _126782_/D : -0.311779
[setup reg-reg] _122982_/Q -> _122909_/D : -0.309338
[setup reg-reg] _124005_/Q -> _123663_/D : -0.307352
[setup reg-reg] _123687_/Q -> _123618_/D : -0.289706
[setup reg-reg] _123350_/Q -> _123013_/D : -0.281155
[setup reg-reg] _124345_/Q -> _124235_/D : -0.279094
[setup reg-reg] _127414_/Q -> _121343_/D : -0.278618
[setup reg-reg] _123919_/Q -> _123571_/D : -0.275936
[setup in-reg] wbs_adr_i[8] -> _126801_/D : -0.271847
[setup reg-reg] _126471_/Q -> _121979_/D : -0.269338
[setup reg-reg] _123878_/Q -> _123815_/D : -0.265594
[setup reg-reg] _122510_/Q -> _122446_/D : -0.264357
[setup reg-reg] _124345_/Q -> _124240_/D : -0.264301
[setup in-reg] wbs_adr_i[8] -> _124273_/D : -0.260531
[setup reg-reg] _122176_/Q -> _121833_/D : -0.254058
[setup reg-reg] _123301_/Q -> _122963_/D : -0.251791
[setup reg-reg] _121990_/Q -> _121651_/D : -0.250559
[setup reg-reg] _123357_/Q -> _123293_/D : -0.248903
[setup reg-reg] _121582_/Q -> _121569_/D : -0.245695
[setup reg-reg] _121990_/Q -> _121648_/D : -0.244345
[setup reg-reg] _122740_/Q -> _122397_/D : -0.242753
[setup reg-reg] _122937_/Q -> _122873_/D : -0.240551
[setup reg-reg] _124005_/Q -> _123667_/D : -0.234905
[setup in-reg] wbs_adr_i[7] -> _124294_/D : -0.232049
[setup reg-reg] _126541_/Q -> _123948_/D : -0.223601
[setup reg-reg] _126516_/Q -> _124084_/D : -0.221320
[setup reg-reg] _122273_/Q -> _121930_/D : -0.219604
[setup reg-reg] _121700_/Q -> _121414_/D : -0.217359
[setup in-reg] wb_rst_i -> _126443_/D : -0.202459
[setup reg-reg] _121763_/Q -> _121687_/D : -0.196128
[setup reg-reg] _122554_/Q -> _122209_/D : -0.195641
[setup reg-reg] _123502_/Q -> _123435_/D : -0.195282
[setup reg-reg] _122176_/Q -> _121836_/D : -0.195222
[setup reg-reg] _123119_/Q -> _122779_/D : -0.194127
[setup reg-reg] _126457_/Q -> _122730_/D : -0.190060
[setup reg-reg] _126541_/Q -> _123946_/D : -0.187335
[setup reg-reg] _121542_/Q -> _121532_/D : -0.182673
[setup reg-reg] _122740_/Q -> _122396_/D : -0.177245
[setup reg-reg] _122133_/Q -> _122067_/D : -0.170811
[setup reg-reg] _126494_/Q -> _124184_/D : -0.164402
[setup in-reg] wbs_adr_i[7] -> _124293_/D : -0.158781
[setup reg-reg] _123350_/Q -> _123011_/D : -0.153992
[setup reg-reg] _123687_/Q -> _123617_/D : -0.147278
[setup reg-reg] _122834_/Q -> _122487_/D : -0.146468
[setup reg-reg] _122976_/Q -> _122633_/D : -0.134115
[setup reg-reg] _123027_/Q -> _122687_/D : -0.133785
[setup reg-reg] _126457_/Q -> _122731_/D : -0.131795
[setup reg-reg] _123451_/Q -> _123103_/D : -0.117588
[setup reg-reg] _123868_/Q -> _123537_/D : -0.110294
[setup reg-reg] _123126_/Q -> _123054_/D : -0.103483
[setup reg-reg] _122747_/Q -> _122401_/D : -0.101533
[setup reg-reg] _122659_/Q -> _122593_/D : -0.099636
[setup reg-reg] _122323_/Q -> _121982_/D : -0.097259
[setup reg-reg] _124103_/Q -> _123766_/D : -0.092779
[setup reg-reg] _122368_/Q -> _122033_/D : -0.091408
[setup reg-reg] _122083_/Q -> _121736_/D : -0.087919
[setup reg-reg] _123868_/Q -> _123531_/D : -0.087407
[setup reg-reg] _122982_/Q -> _122917_/D : -0.086143
[setup reg-reg] _123868_/Q -> _123534_/D : -0.082096
[setup reg-reg] _121381_/Q -> _121377_/D : -0.080515
[setup in-reg] wbs_adr_i[8] -> _127033_/D : -0.080387
[setup reg-reg] _122982_/Q -> _122918_/D : -0.077399
[setup reg-reg] _122176_/Q -> _121831_/D : -0.065587
[setup reg-reg] _123119_/Q -> _122782_/D : -0.064805
[setup in-reg] wbs_adr_i[8] -> _127030_/D : -0.063931
[setup reg-reg] _122227_/Q -> _121876_/D : -0.061426
[setup in-reg] wbs_adr_i[8] -> _127034_/D : -0.052268
[setup in-reg] wbs_adr_i[8] -> _127036_/D : -0.050324
[setup reg-reg] _126533_/Q -> _124001_/D : -0.047766
[setup in-reg] wbs_adr_i[8] -> _127037_/D : -0.044864
[setup reg-reg] _126494_/Q -> _124190_/D : -0.037982
[setup reg-reg] _124005_/Q -> _123668_/D : -0.036835
[setup reg-reg] _123878_/Q -> _123814_/D : -0.036803
[setup reg-reg] _123832_/Q -> _123765_/D : -0.035783
[setup reg-reg] _121542_/Q -> _121527_/D : -0.034877
[setup reg-reg] _121500_/Q -> _121485_/D : -0.029530
[setup reg-reg] _122502_/Q -> _122167_/D : -0.029324
[setup reg-reg] _126494_/Q -> _124183_/D : -0.027825
[setup in-reg] wbs_adr_i[8] -> _127035_/D : -0.019106
[setup reg-reg] _126438_/Q -> _123482_/D : -0.016207
[setup in-reg] wbs_adr_i[8] -> _121284_/D : -0.013355
[setup reg-reg] _122834_/Q -> _122491_/D : -0.009731
[setup reg-reg] _126533_/Q -> _124002_/D : -0.007965
[setup in-reg] wbs_adr_i[8] -> _127032_/D : -0.007930
[setup reg-reg] _123493_/Q -> _123148_/D : -0.005699
[setup reg-reg] _124345_/Q -> _124230_/D : -0.003787
[setup reg-reg] _122376_/Q -> _122302_/D : -0.001556
